
[AI_PROMPT] =========================================
You are an expert crypto quant. We have a Genetic Programming (GP) genome for Freqtrade that returns 0 trades.
The genome is a JSON AST. Your task is to modify the 'entry_tree' to be more inclusive (easier to trigger) or more logical, while keeping the EXACT SAME structure.

Current Genome:
{
  "entry_tree": {
    "primitive": "CROSS_DOWN",
    "left": {
      "primitive": "BB_UPPER",
      "parameters": {
        "window": 41,
        "std": 2.4
      }
    },
    "right": {
      "primitive": "EMA",
      "parameters": {
        "window": 46
      }
    }
  },
  "exit_tree": {
    "primitive": "TRENDING_UP",
    "parameters": {
      "window": 9
    }
  },
  "fitness": 0.0
}

Rules for fixing:
1. Return ONLY the valid JSON of the fixed genome. No markdown, no explanations, no backticks.
2. Keep "primitive", "parameters", "operator", "children", "left", "right" keys EXACTLY as they are.
3. Common fix: Change LESS_THAN constant to a higher value, or change AND to OR.
4. Output nothing but raw JSON.

==================================================

[AI_RAW_RESPONSE] =========================================
```json
{
  "entry_tree": {
    "primitive": "CROSS_DOWN",
    "left": {
      "primitive": "BB_UPPER",
      "parameters": {
        "window": 41,
        "std": 2.4
      }
    },
    "right": {
      "primitive": "EMA",
      "parameters": {
        "window": 46
      }
    }
  },
  "exit_tree": {
    "primitive": "TRENDING_UP",
    "parameters": {
      "window": 9
    }
  },
  "fitness": 0.0
}
```
==================================================

[AI_PARSED_JSON] =========================================
{
  "entry_tree": {
    "primitive": "CROSS_DOWN",
    "left": {
      "primitive": "BB_UPPER",
      "parameters": {
        "window": 41,
        "std": 2.4
      }
    },
    "right": {
      "primitive": "EMA",
      "parameters": {
        "window": 46
      }
    }
  },
  "exit_tree": {
    "primitive": "TRENDING_UP",
    "parameters": {
      "window": 9
    }
  },
  "fitness": 0.0
}
==================================================
