2026-03-06 07:12:17,533 | WARNING |   > No trades found or parsing failed.
2026-03-06 07:12:17,533 | INFO | Evaluating Individual 19/20...
2026-03-06 07:12:17,534 | INFO |   > Launching Freqtrade Backtest...
2026-03-06 07:12:21,529 | WARNING |   > No trades found or parsing failed.
2026-03-06 07:12:21,529 | INFO | Evaluating Individual 20/20...
2026-03-06 07:12:21,529 | INFO |   > Launching Freqtrade Backtest...
2026-03-06 07:12:25,778 | WARNING |   > No trades found or parsing failed.
2026-03-06 07:12:25,778 | INFO | BEST FITNESS: 6.2810
2026-03-06 07:12:25,882 | WARNING | Git Sync Failed: name 'g' is not defined
2026-03-06 07:13:31,817 | INFO | STARTING GP LOOP: 1 gens, 20 individuals
2026-03-06 07:13:31,818 | INFO | Loaded 20 individuals from persistence.
2026-03-06 07:13:31,818 | INFO | --- Generation 245 ---
2026-03-06 07:13:31,818 | INFO | Evaluating Individual 16/20...
2026-03-06 07:13:31,818 | INFO |   > Launching Freqtrade Backtest...
2026-03-06 07:13:36,073 | WARNING |   > No trades found or parsing failed.
2026-03-06 07:13:36,074 | INFO | Evaluating Individual 17/20...
2026-03-06 07:13:36,074 | INFO |   > Launching Freqtrade Backtest...
2026-03-06 07:13:40,132 | WARNING |   > No trades found or parsing failed.
2026-03-06 07:13:40,132 | INFO | BEST FITNESS: 6.2810
2026-03-06 07:13:40,236 | WARNING | Git Sync Failed: name 'g' is not defined
2026-03-06 07:13:51,693 | INFO | STARTING GP LOOP: 1 gens, 20 individuals
2026-03-06 07:13:51,694 | INFO | Loaded 20 individuals from persistence.
2026-03-06 07:13:51,694 | INFO | --- Generation 246 ---
2026-03-06 07:13:51,694 | INFO | BEST FITNESS: 6.2810
2026-03-06 07:13:51,736 | WARNING | Git Sync Failed: name 'g' is not defined
2026-03-06 07:14:55,643 | INFO | STARTING GP LOOP: 1 gens, 20 individuals
2026-03-06 07:14:55,644 | INFO | Loaded 20 individuals from persistence.
2026-03-06 07:14:55,644 | INFO | --- Generation 247 ---
2026-03-06 07:14:55,644 | INFO | Evaluating Individual 17/20...
2026-03-06 07:14:55,645 | INFO |   > Launching Freqtrade Backtest...
2026-03-06 07:14:59,897 | WARNING |   > No trades found or parsing failed.
2026-03-06 07:14:59,897 | INFO | Evaluating Individual 19/20...
2026-03-06 07:14:59,898 | INFO |   > Launching Freqtrade Backtest...
2026-03-06 07:15:04,006 | WARNING |   > No trades found or parsing failed.
2026-03-06 07:15:04,006 | INFO | BEST FITNESS: 6.2810
2026-03-06 07:15:04,109 | WARNING | Git Sync Failed: name 'g' is not defined
2026-03-06 07:15:15,560 | INFO | STARTING GP LOOP: 1 gens, 20 individuals
2026-03-06 07:15:15,561 | INFO | Loaded 20 individuals from persistence.
2026-03-06 07:15:15,561 | INFO | --- Generation 248 ---
2026-03-06 07:15:15,561 | INFO | BEST FITNESS: 6.2810
2026-03-06 07:15:15,602 | WARNING | Git Sync Failed: name 'g' is not defined
2026-03-06 07:15:36,707 | INFO | STARTING GP LOOP: 1 gens, 20 individuals
2026-03-06 07:15:36,707 | INFO | Loaded 20 individuals from persistence.
2026-03-06 07:15:36,707 | INFO | --- Generation 249 ---
2026-03-06 07:15:36,707 | INFO | Evaluating Individual 19/20...
2026-03-06 07:15:36,708 | INFO |   > Launching Freqtrade Backtest...
2026-03-06 07:15:40,886 | WARNING |   > No trades found or parsing failed.
2026-03-06 07:15:40,886 | INFO | BEST FITNESS: 6.2810
2026-03-06 07:15:40,994 | WARNING | Git Sync Failed: name 'g' is not defined
2026-03-06 07:16:15,823 | INFO | STARTING GP LOOP: 1 gens, 20 individuals
2026-03-06 07:16:15,824 | INFO | Loaded 20 individuals from persistence.
2026-03-06 07:16:15,824 | INFO | --- Generation 250 ---
2026-03-06 07:16:15,824 | INFO | Evaluating Individual 16/20...
2026-03-06 07:16:15,824 | INFO |   > Launching Freqtrade Backtest...
2026-03-06 07:16:19,883 | WARNING |   > No trades found or parsing failed.
2026-03-06 07:16:19,883 | INFO | Evaluating Individual 18/20...
2026-03-06 07:16:19,883 | INFO |   > Launching Freqtrade Backtest...
2026-03-06 07:16:24,001 | WARNING |   > No trades found or parsing failed.
2026-03-06 07:16:24,002 | INFO | BEST FITNESS: 6.2810
2026-03-06 07:16:24,106 | WARNING | Git Sync Failed: name 'g' is not defined
2026-03-06 07:16:35,502 | INFO | STARTING GP LOOP: 1 gens, 20 individuals
2026-03-06 07:16:35,503 | INFO | Loaded 20 individuals from persistence.
2026-03-06 07:16:35,503 | INFO | --- Generation 251 ---
2026-03-06 07:16:35,503 | INFO | BEST FITNESS: 6.2810
2026-03-06 07:16:35,544 | WARNING | Git Sync Failed: name 'g' is not defined
2026-03-06 07:17:39,793 | INFO | STARTING GP LOOP: 1 gens, 20 individuals
2026-03-06 07:17:39,794 | INFO | Loaded 20 individuals from persistence.
2026-03-06 07:17:39,794 | INFO | --- Generation 252 ---
2026-03-06 07:17:39,794 | INFO | Evaluating Individual 17/20...
2026-03-06 07:17:39,794 | INFO |   > Launching Freqtrade Backtest...
2026-03-06 07:17:43,950 | WARNING |   > No trades found or parsing failed.
2026-03-06 07:17:43,951 | INFO | Evaluating Individual 18/20...
2026-03-06 07:17:43,951 | INFO |   > Launching Freqtrade Backtest...
2026-03-06 07:17:48,182 | WARNING |   > No trades found or parsing failed.
2026-03-06 07:17:48,183 | INFO | BEST FITNESS: 6.2810
2026-03-06 07:17:48,288 | WARNING | Git Sync Failed: name 'g' is not defined
2026-03-06 07:18:41,835 | INFO | STARTING GP LOOP: 1 gens, 20 individuals
2026-03-06 07:18:41,836 | INFO | Loaded 20 individuals from persistence.
2026-03-06 07:18:41,836 | INFO | --- Generation 253 ---
2026-03-06 07:18:41,836 | INFO | Evaluating Individual 17/20...
2026-03-06 07:18:41,837 | INFO |   > Launching Freqtrade Backtest...
2026-03-06 07:18:46,112 | WARNING |   > No trades found or parsing failed.
2026-03-06 07:18:46,112 | INFO | BEST FITNESS: 6.2810
2026-03-06 07:18:46,217 | WARNING | Git Sync Failed: name 'g' is not defined
2026-03-06 07:19:37,146 | INFO | STARTING GP LOOP: 1 gens, 20 individuals
2026-03-06 07:19:37,146 | INFO | Loaded 20 individuals from persistence.
2026-03-06 07:19:37,146 | INFO | --- Generation 254 ---
2026-03-06 07:19:37,147 | INFO | Evaluating Individual 17/20...
2026-03-06 07:19:37,147 | INFO |   > Launching Freqtrade Backtest...
2026-03-06 07:19:41,122 | WARNING |   > No trades found or parsing failed.
2026-03-06 07:19:41,123 | INFO | BEST FITNESS: 6.2810
2026-03-06 07:19:41,228 | WARNING | Git Sync Failed: name 'g' is not defined
2026-03-06 07:20:03,598 | INFO | STARTING GP LOOP: 1 gens, 20 individuals
2026-03-06 07:20:03,599 | INFO | Loaded 20 individuals from persistence.
2026-03-06 07:20:03,599 | INFO | --- Generation 255 ---
2026-03-06 07:20:03,599 | INFO | Evaluating Individual 19/20...
2026-03-06 07:20:03,599 | INFO |   > Launching Freqtrade Backtest...
2026-03-06 07:20:07,723 | WARNING |   > No trades found or parsing failed.
2026-03-06 07:20:07,723 | INFO | BEST FITNESS: 6.2810
2026-03-06 07:20:07,829 | WARNING | Git Sync Failed: name 'g' is not defined
2026-03-06 07:20:19,263 | INFO | STARTING GP LOOP: 1 gens, 20 individuals
2026-03-06 07:20:19,264 | INFO | Loaded 20 individuals from persistence.
2026-03-06 07:20:19,264 | INFO | --- Generation 256 ---
2026-03-06 07:20:19,264 | INFO | BEST FITNESS: 6.2810
2026-03-06 07:20:19,279 | WARNING | Git Sync Failed: name 'g' is not defined
2026-03-06 07:20:52,005 | INFO | STARTING GP LOOP: 1 gens, 20 individuals
2026-03-06 07:20:52,006 | INFO | Loaded 20 individuals from persistence.
2026-03-06 07:20:52,006 | INFO | --- Generation 257 ---
2026-03-06 07:20:52,006 | INFO | Evaluating Individual 18/20...
2026-03-06 07:20:52,006 | INFO |   > Launching Freqtrade Backtest...
2026-03-06 07:20:56,150 | WARNING |   > No trades found or parsing failed.
2026-03-06 07:20:56,150 | INFO | Evaluating Individual 19/20...
2026-03-06 07:20:56,151 | INFO |   > Launching Freqtrade Backtest...
2026-03-06 07:21:00,345 | WARNING |   > No trades found or parsing failed.
2026-03-06 07:21:00,345 | INFO | BEST FITNESS: 6.2810
2026-03-06 07:21:00,452 | WARNING | Git Sync Failed: name 'g' is not defined
2026-03-06 07:21:33,627 | INFO | STARTING GP LOOP: 1 gens, 20 individuals
2026-03-06 07:21:33,627 | INFO | Loaded 20 individuals from persistence.
2026-03-06 07:21:33,630 | INFO | --- Generation 258 ---
2026-03-06 07:21:33,630 | INFO | Evaluating Individual 18/20...
2026-03-06 07:21:33,631 | INFO |   > Launching Freqtrade Backtest...
2026-03-06 07:21:37,833 | WARNING |   > No trades found or parsing failed.
2026-03-06 07:21:37,833 | INFO | Evaluating Individual 19/20...
2026-03-06 07:21:37,834 | INFO |   > Launching Freqtrade Backtest...
2026-03-06 07:21:42,135 | WARNING |   > No trades found or parsing failed.
2026-03-06 07:21:42,135 | INFO | BEST FITNESS: 6.2810
2026-03-06 07:21:42,241 | WARNING | Git Sync Failed: name 'g' is not defined
2026-03-06 07:22:04,807 | INFO | STARTING GP LOOP: 1 gens, 20 individuals
2026-03-06 07:22:04,808 | INFO | Loaded 20 individuals from persistence.
2026-03-06 07:22:04,810 | INFO | --- Generation 259 ---
2026-03-06 07:22:04,810 | INFO | Evaluating Individual 18/20...
2026-03-06 07:22:04,811 | INFO |   > Launching Freqtrade Backtest...
2026-03-06 07:22:09,118 | WARNING |   > No trades found or parsing failed.
2026-03-06 07:22:09,118 | INFO | BEST FITNESS: 6.2810
2026-03-06 07:22:09,224 | WARNING | Git Sync Failed: name 'g' is not defined
2026-03-06 07:22:54,833 | INFO | STARTING GP LOOP: 1 gens, 20 individuals
2026-03-06 07:22:54,834 | INFO | Loaded 20 individuals from persistence.
2026-03-06 07:22:54,834 | INFO | --- Generation 260 ---
2026-03-06 07:22:54,834 | INFO | Evaluating Individual 19/20...
2026-03-06 07:22:54,834 | INFO |   > Launching Freqtrade Backtest...
2026-03-06 07:22:59,087 | WARNING |   > No trades found or parsing failed.
2026-03-06 07:22:59,087 | INFO | Evaluating Individual 20/20...
2026-03-06 07:22:59,087 | INFO |   > Launching Freqtrade Backtest...
2026-03-06 07:23:03,346 | WARNING |   > No trades found or parsing failed.
2026-03-06 07:23:03,346 | INFO | BEST FITNESS: 6.2810
2026-03-06 07:23:03,453 | WARNING | Git Sync Failed: name 'g' is not defined
2026-03-06 07:23:37,484 | INFO | STARTING GP LOOP: 1 gens, 20 individuals
2026-03-06 07:23:37,485 | INFO | Loaded 20 individuals from persistence.
2026-03-06 07:23:37,485 | INFO | --- Generation 261 ---
2026-03-06 07:23:37,485 | INFO | Evaluating Individual 20/20...
2026-03-06 07:23:37,486 | INFO |   > Launching Freqtrade Backtest...
2026-03-06 07:23:41,738 | WARNING |   > No trades found or parsing failed.
2026-03-06 07:23:41,738 | INFO | BEST FITNESS: 6.2810
2026-03-06 07:23:41,832 | WARNING | Git Sync Failed: name 'g' is not defined
2026-03-06 07:23:53,291 | INFO | STARTING GP LOOP: 1 gens, 20 individuals
2026-03-06 07:23:53,291 | INFO | Loaded 20 individuals from persistence.
2026-03-06 07:23:53,294 | INFO | --- Generation 262 ---
2026-03-06 07:23:53,294 | INFO | BEST FITNESS: 6.2810
2026-03-06 07:23:53,309 | WARNING | Git Sync Failed: name 'g' is not defined
2026-03-06 07:24:04,416 | INFO | STARTING GP LOOP: 1 gens, 20 individuals
2026-03-06 07:24:04,417 | INFO | Loaded 20 individuals from persistence.
2026-03-06 07:24:04,417 | INFO | --- Generation 263 ---
2026-03-06 07:24:04,417 | INFO | BEST FITNESS: 6.2810
2026-03-06 07:24:04,432 | WARNING | Git Sync Failed: name 'g' is not defined
2026-03-06 07:24:15,577 | INFO | STARTING GP LOOP: 1 gens, 20 individuals
2026-03-06 07:24:15,578 | INFO | Loaded 20 individuals from persistence.
2026-03-06 07:24:15,578 | INFO | --- Generation 264 ---
2026-03-06 07:24:15,578 | INFO | BEST FITNESS: 6.2810
2026-03-06 07:24:15,593 | WARNING | Git Sync Failed: name 'g' is not defined
2026-03-06 07:24:26,637 | INFO | STARTING GP LOOP: 1 gens, 20 individuals
2026-03-06 07:24:26,638 | INFO | Loaded 20 individuals from persistence.
2026-03-06 07:24:26,638 | INFO | --- Generation 265 ---
2026-03-06 07:24:26,638 | INFO | BEST FITNESS: 6.2810
2026-03-06 07:24:26,654 | WARNING | Git Sync Failed: name 'g' is not defined
2026-03-06 07:24:37,798 | INFO | STARTING GP LOOP: 1 gens, 20 individuals
2026-03-06 07:24:37,799 | INFO | Loaded 20 individuals from persistence.
2026-03-06 07:24:37,799 | INFO | --- Generation 266 ---
2026-03-06 07:24:37,799 | INFO | BEST FITNESS: 6.2810
2026-03-06 07:24:37,814 | WARNING | Git Sync Failed: name 'g' is not defined
2026-03-06 07:25:46,205 | INFO | STARTING GP LOOP: 1 gens, 20 individuals
2026-03-06 07:25:46,205 | INFO | Loaded 20 individuals from persistence.
2026-03-06 07:25:46,205 | INFO | --- Generation 267 ---
2026-03-06 07:25:46,206 | INFO | Evaluating Individual 16/20...
2026-03-06 07:25:46,206 | INFO |   > Launching Freqtrade Backtest...
2026-03-06 07:25:50,567 | WARNING |   > No trades found or parsing failed.
2026-03-06 07:25:50,567 | INFO | Evaluating Individual 18/20...
2026-03-06 07:25:50,568 | INFO |   > Launching Freqtrade Backtest...
2026-03-06 07:25:54,860 | WARNING |   > No trades found or parsing failed.
2026-03-06 07:25:54,861 | INFO | Evaluating Individual 19/20...
2026-03-06 07:25:54,861 | INFO |   > Launching Freqtrade Backtest...
2026-03-06 07:25:59,155 | WARNING |   > No trades found or parsing failed.
2026-03-06 07:25:59,155 | INFO | Evaluating Individual 20/20...
2026-03-06 07:25:59,155 | INFO |   > Launching Freqtrade Backtest...
2026-03-06 07:26:03,462 | WARNING |   > No trades found or parsing failed.
2026-03-06 07:26:03,463 | INFO | BEST FITNESS: 6.2810
2026-03-06 07:26:03,570 | WARNING | Git Sync Failed: name 'g' is not defined
2026-03-06 07:26:57,273 | INFO | STARTING GP LOOP: 1 gens, 20 individuals
2026-03-06 07:26:57,274 | INFO | Loaded 20 individuals from persistence.
2026-03-06 07:26:57,274 | INFO | --- Generation 268 ---
2026-03-06 07:26:57,274 | INFO | Evaluating Individual 17/20...
2026-03-06 07:26:57,275 | INFO |   > Launching Freqtrade Backtest...
2026-03-06 07:27:01,533 | WARNING |   > No trades found or parsing failed.
2026-03-06 07:27:01,533 | INFO | BEST FITNESS: 6.2810
2026-03-06 07:27:01,640 | WARNING | Git Sync Failed: name 'g' is not defined
2026-03-06 07:27:13,045 | INFO | STARTING GP LOOP: 1 gens, 20 individuals
2026-03-06 07:27:13,046 | INFO | Loaded 20 individuals from persistence.
2026-03-06 07:27:13,046 | INFO | --- Generation 269 ---
2026-03-06 07:27:13,046 | INFO | BEST FITNESS: 6.2810
2026-03-06 07:27:13,089 | WARNING | Git Sync Failed: name 'g' is not defined
2026-03-06 07:49:12,808 | INFO | STARTING GP LOOP: 1 gens, 20 individuals
2026-03-06 07:49:12,809 | INFO | Loaded 20 individuals from persistence.
2026-03-06 07:49:12,809 | INFO | --- Generation 270 ---
2026-03-06 07:49:12,809 | INFO | Evaluating Individual 16/20...
2026-03-06 07:49:12,809 | INFO |   > Launching Freqtrade Backtest...
2026-03-06 07:49:17,719 | WARNING |   > No trades found or parsing failed.
2026-03-06 07:49:17,719 | INFO | BEST FITNESS: 6.2810
2026-03-06 07:50:39,020 | INFO | STARTING GP LOOP: 1 gens, 20 individuals
2026-03-06 07:50:39,021 | INFO | Loaded 20 individuals from persistence.
2026-03-06 07:50:39,021 | INFO | --- Generation 271 ---
2026-03-06 07:50:39,021 | INFO | Evaluating Individual 16/20...
2026-03-06 07:50:39,022 | INFO |   > Launching Freqtrade Backtest...
2026-03-06 07:50:43,027 | WARNING |   > No trades found or parsing failed.
2026-03-06 07:50:43,029 | INFO | Evaluating Individual 17/20...
2026-03-06 07:50:43,030 | INFO |   > Launching Freqtrade Backtest...
2026-03-06 07:50:47,066 | WARNING |   > No trades found or parsing failed.
2026-03-06 07:50:47,067 | INFO | Evaluating Individual 19/20...
2026-03-06 07:50:47,067 | INFO |   > Launching Freqtrade Backtest...
2026-03-06 07:50:51,047 | WARNING |   > No trades found or parsing failed.
2026-03-06 07:50:51,047 | INFO | BEST FITNESS: 6.2810
2026-03-06 07:51:16,091 | INFO | STARTING GP LOOP: 1 gens, 20 individuals
2026-03-06 07:51:16,091 | INFO | Loaded 20 individuals from persistence.
2026-03-06 07:51:16,092 | INFO | --- Generation 272 ---
2026-03-06 07:51:16,092 | INFO | Evaluating Individual 16/20...
2026-03-06 07:51:16,092 | INFO |   > Launching Freqtrade Backtest...
2026-03-06 07:51:20,242 | WARNING |   > No trades found or parsing failed.
2026-03-06 07:51:20,245 | INFO | BEST FITNESS: 6.2810
2026-03-06 07:51:32,748 | INFO | STARTING GP LOOP: 1 gens, 20 individuals
2026-03-06 07:51:32,748 | INFO | Loaded 20 individuals from persistence.
2026-03-06 07:51:32,749 | INFO | --- Generation 273 ---
2026-03-06 07:51:32,749 | INFO | BEST FITNESS: 6.2810
2026-03-06 07:52:07,600 | INFO | STARTING GP LOOP: 1 gens, 20 individuals
2026-03-06 07:52:07,600 | INFO | Loaded 20 individuals from persistence.
2026-03-06 07:52:07,600 | INFO | --- Generation 274 ---
2026-03-06 07:52:07,600 | INFO | Evaluating Individual 16/20...
2026-03-06 07:52:07,601 | INFO |   > Launching Freqtrade Backtest...
2026-03-06 07:52:11,811 | WARNING |   > No trades found or parsing failed.
2026-03-06 07:52:11,811 | INFO | Evaluating Individual 18/20...
2026-03-06 07:52:11,812 | INFO |   > Launching Freqtrade Backtest...
2026-03-06 07:52:15,848 | WARNING |   > No trades found or parsing failed.
2026-03-06 07:52:15,848 | INFO | BEST FITNESS: 6.2810
2026-03-06 07:52:52,555 | INFO | STARTING GP LOOP: 1 gens, 20 individuals
2026-03-06 07:52:52,556 | INFO | Loaded 20 individuals from persistence.
2026-03-06 07:52:52,556 | INFO | --- Generation 275 ---
2026-03-06 07:52:52,556 | INFO | Evaluating Individual 20/20...
2026-03-06 07:52:52,556 | INFO |   > Launching Freqtrade Backtest...
2026-03-06 07:52:56,602 | WARNING |   > No trades found or parsing failed.
2026-03-06 07:52:56,602 | INFO | BEST FITNESS: 6.2810
2026-03-06 07:53:12,601 | INFO | STARTING GP LOOP: 1 gens, 20 individuals
2026-03-06 07:53:12,602 | INFO | Loaded 20 individuals from persistence.
2026-03-06 07:53:12,602 | INFO | --- Generation 276 ---
2026-03-06 07:53:12,602 | INFO | BEST FITNESS: 6.2810
2026-03-06 07:55:26,361 | INFO | STARTING GP LOOP: 1 gens, 20 individuals
2026-03-06 07:55:26,362 | INFO | Loaded 20 individuals from persistence.
2026-03-06 07:55:26,362 | INFO | --- Generation 277 ---
2026-03-06 07:55:26,362 | INFO | BEST FITNESS: 6.2810
2026-03-06 07:58:36,825 | INFO | STARTING GP LOOP: 1 gens, 20 individuals
2026-03-06 07:58:36,826 | INFO | Loaded 20 individuals from persistence.
2026-03-06 07:58:36,826 | INFO | --- Generation 278 ---
2026-03-06 07:58:36,826 | INFO | BEST FITNESS: 6.2810
2026-03-06 07:58:47,109 | INFO | STARTING GP LOOP: 1 gens, 20 individuals
2026-03-06 07:58:47,110 | INFO | Loaded 20 individuals from persistence.
2026-03-06 07:58:47,112 | INFO | --- Generation 279 ---
2026-03-06 07:58:47,112 | INFO | BEST FITNESS: 6.2810
2026-03-06 07:59:57,533 | INFO | STARTING GP LOOP: 1 gens, 20 individuals
2026-03-06 07:59:57,533 | INFO | Loaded 20 individuals from persistence.
2026-03-06 07:59:57,534 | INFO | --- Generation 280 ---
2026-03-06 07:59:57,534 | INFO | BEST FITNESS: 6.2810
2026-03-06 08:02:07,986 | INFO | STARTING GP LOOP: 1 gens, 20 individuals
2026-03-06 08:02:07,986 | INFO | Loaded 20 individuals from persistence.
2026-03-06 08:02:07,986 | INFO | --- Generation 281 ---
2026-03-06 08:02:07,986 | INFO | BEST FITNESS: 6.2810
2026-03-06 08:02:18,267 | INFO | STARTING GP LOOP: 1 gens, 20 individuals
2026-03-06 08:02:18,267 | INFO | Loaded 20 individuals from persistence.
2026-03-06 08:02:18,267 | INFO | --- Generation 282 ---
2026-03-06 08:02:18,267 | INFO | BEST FITNESS: 6.2810
2026-03-06 08:02:28,541 | INFO | STARTING GP LOOP: 1 gens, 20 individuals
2026-03-06 08:02:28,542 | INFO | Loaded 20 individuals from persistence.
2026-03-06 08:02:28,542 | INFO | --- Generation 283 ---
2026-03-06 08:02:28,542 | INFO | BEST FITNESS: 6.2810
2026-03-06 08:04:38,903 | INFO | STARTING GP LOOP: 1 gens, 20 individuals
2026-03-06 08:04:38,903 | INFO | Loaded 20 individuals from persistence.
2026-03-06 08:04:38,903 | INFO | --- Generation 284 ---
2026-03-06 08:04:38,903 | INFO | BEST FITNESS: 6.2810
2026-03-06 08:05:49,310 | INFO | STARTING GP LOOP: 1 gens, 20 individuals
2026-03-06 08:05:49,311 | INFO | Loaded 20 individuals from persistence.
2026-03-06 08:05:49,311 | INFO | --- Generation 285 ---
2026-03-06 08:05:49,311 | INFO | BEST FITNESS: 6.2810
2026-03-06 09:48:36,485 | INFO | STARTING GP LOOP: 1 gens, 2 individuals
2026-03-06 09:48:36,486 | INFO | Loaded 20 individuals from persistence.
2026-03-06 09:48:36,486 | INFO | --- Generation 286 ---
2026-03-06 09:48:36,486 | INFO | BEST FITNESS: 6.2810
2026-03-06 09:48:58,288 | INFO | STARTING GP LOOP: 1 gens, 20 individuals
2026-03-06 09:48:58,289 | INFO | Loaded 20 individuals from persistence.
2026-03-06 09:48:58,289 | INFO | --- Generation 287 ---
2026-03-06 09:48:58,289 | INFO |   > GAUNTLET: Testing Bear Market...
2026-03-06 09:48:58,289 | INFO |   > Launching Freqtrade Backtest [20250110-20250125]...
2026-03-06 09:49:03,165 | INFO |   > SUCCESS: Trades: 50, Profit: -1.09%, Sharpe: -10.24, DD: 1.53% -> Fitness: -1.2430
2026-03-06 09:49:03,165 | WARNING |   > Gauntlet Failed at tier 1. Returning to base pool.
2026-03-06 09:49:03,165 | INFO | Evaluating Individual 2/20 (BULL)...
2026-03-06 09:49:03,166 | INFO |   > Launching Freqtrade Backtest [20241105-20241205]...
2026-03-06 09:49:08,450 | INFO |   > SUCCESS: Trades: 29, Profit: 4.71%, Sharpe: 6.9, DD: 0.61% -> Fitness: 8.0990
2026-03-06 09:49:08,450 | INFO |   > GAUNTLET: Testing Bear Market...
2026-03-06 09:49:08,451 | INFO |   > Launching Freqtrade Backtest [20250110-20250125]...
2026-03-06 09:49:13,192 | INFO |   > SUCCESS: Trades: 14, Profit: -0.08%, Sharpe: -0.24, DD: 1.02% -> Fitness: -0.1820
2026-03-06 09:49:13,192 | WARNING |   > Gauntlet Failed at tier 1. Returning to base pool.
2026-03-06 09:49:13,193 | INFO | BEST FITNESS: 8.0990
2026-03-06 09:51:18,844 | INFO | STARTING GP LOOP: 1 gens, 20 individuals
2026-03-06 09:51:18,844 | INFO | Loaded 20 individuals from persistence.
2026-03-06 09:51:18,845 | INFO | --- Generation 288 ---
2026-03-06 09:51:18,845 | INFO | BEST FITNESS: 8.0990
2026-03-06 09:52:12,747 | INFO | STARTING GP LOOP: 1 gens, 20 individuals
2026-03-06 09:52:12,748 | INFO | Loaded 20 individuals from persistence.
2026-03-06 09:52:12,748 | INFO | --- Generation 289 ---
2026-03-06 09:52:12,748 | INFO | Evaluating Individual 18/20 (BULL)...
2026-03-06 09:52:12,748 | INFO |   > Launching Freqtrade Backtest [20241105-20241205]...
2026-03-06 09:52:17,479 | WARNING |   > No trades found or parsing failed.
2026-03-06 09:52:17,479 | INFO | Evaluating Individual 20/20 (BULL)...
2026-03-06 09:52:17,480 | INFO |   > Launching Freqtrade Backtest [20241105-20241205]...
2026-03-06 09:52:21,875 | WARNING |   > No trades found or parsing failed.
2026-03-06 09:52:21,875 | INFO | BEST FITNESS: 8.0990
2026-03-06 09:57:17,867 | INFO | STARTING GP LOOP: 1 gens, 1 individuals
2026-03-06 09:57:17,868 | INFO | Loaded 20 individuals from persistence.
2026-03-06 09:57:17,868 | INFO | --- Generation 290 ---
2026-03-06 09:57:17,868 | INFO | Evaluating Individual 16/1 (ALL DATA: 20240801-20250201)...
2026-03-06 09:57:17,868 | INFO |   > Launching Freqtrade Backtest [20240801-20250201]...
2026-03-06 09:57:23,108 | WARNING |   > No trades found or parsing failed.
2026-03-06 09:57:23,108 | INFO | Evaluating Individual 17/1 (ALL DATA: 20240801-20250201)...
2026-03-06 09:57:23,108 | INFO |   > Launching Freqtrade Backtest [20240801-20250201]...
2026-03-06 09:57:28,503 | WARNING |   > No trades found or parsing failed.
2026-03-06 09:57:28,503 | INFO | Evaluating Individual 19/1 (ALL DATA: 20240801-20250201)...
2026-03-06 09:57:28,503 | INFO |   > Launching Freqtrade Backtest [20240801-20250201]...
2026-03-06 09:57:33,831 | WARNING |   > No trades found or parsing failed.
2026-03-06 09:57:33,831 | INFO | BEST FITNESS: 8.0990
2026-03-06 10:32:29,697 | INFO | STARTING GP LOOP: 1 gens, 20 individuals
2026-03-06 10:32:29,697 | INFO | Loaded 20 individuals from persistence.
2026-03-06 10:32:29,697 | INFO | --- Generation 291 ---
2026-03-06 10:32:29,697 | INFO | BEST FITNESS: 8.0990
2026-03-06 10:33:09,011 | INFO | STARTING GP LOOP: 1 gens, 20 individuals
2026-03-06 10:33:09,012 | INFO | Loaded 20 individuals from persistence.
2026-03-06 10:33:09,012 | INFO | --- Generation 292 ---
2026-03-06 10:33:09,012 | INFO | Evaluating Individual 18/20 (ALL DATA: 20240801-20250201)...
2026-03-06 10:33:09,013 | INFO |   > Launching Freqtrade Backtest [20240801-20250201]...
2026-03-06 10:33:19,769 | INFO |   > SUCCESS: Trades: 1, Profit: 0.3%, Sharpe: -100.0, DD: 0.0% -> Fitness: 0.0300
2026-03-06 10:33:19,769 | INFO |   > 🏆 PROFITABLE 6-MONTH STRATEGY FOUND! Saving to Hall of Fame.
2026-03-06 10:33:19,769 | INFO | BEST FITNESS: 8.0990
2026-03-06 11:10:23,179 | INFO | STARTING 6-SLOT ROLE-BASED GP LOOP
2026-03-06 11:10:23,180 | INFO | --- Generation 293 ---
2026-03-06 11:10:23,180 | INFO | KING FITNESS: 8.0990
2026-03-06 11:10:23,180 | INFO |   > VAULT UPDATED. Top strategy fitness: 8.0990
2026-03-06 11:10:32,002 | INFO | STARTING 6-SLOT ROLE-BASED GP LOOP
2026-03-06 11:10:32,002 | INFO | --- Generation 294 ---
2026-03-06 11:10:32,002 | INFO | Evaluating Individual 2/6 (candidate)...
2026-03-06 11:10:40,930 | INFO |   > FAIL: Trades: 552, Profit: -10.5% -> Fitness: 0.0000
2026-03-06 11:10:40,930 | INFO | Evaluating Individual 3/6 (candidate)...
2026-03-06 11:10:49,800 | INFO |   > FAIL: Trades: 128, Profit: -2.1% -> Fitness: 0.0000
2026-03-06 11:10:49,800 | INFO | Evaluating Individual 4/6 (mutant)...
2026-03-06 11:10:58,896 | INFO |   > FAIL: Trades: 1, Profit: 0.36% -> Fitness: 0.0000
2026-03-06 11:10:58,896 | INFO | Evaluating Individual 5/6 (outsider)...
2026-03-06 11:11:07,330 | INFO |   > FAIL: Trades: 1, Profit: 0.37% -> Fitness: 0.0000
2026-03-06 11:11:07,330 | INFO | Evaluating Individual 6/6 (outsider)...
2026-03-06 11:11:16,035 | INFO |   > FAIL: Trades: 1, Profit: 0.37% -> Fitness: 0.0000
2026-03-06 11:11:16,035 | INFO | KING FITNESS: 8.0990
2026-03-06 11:27:16,910 | INFO | STARTING 6-SLOT ROLE-BASED GP LOOP
2026-03-06 11:27:16,910 | INFO | --- Generation 295 ---
2026-03-06 11:27:16,910 | INFO | Evaluating Individual 2/6 (candidate)...
2026-03-06 11:27:25,877 | INFO |   > FAIL: Trades: 525, Profit: -17.32% -> Fitness: 0.0000
2026-03-06 11:27:25,877 | INFO | Evaluating Individual 3/6 (candidate)...
2026-03-06 11:27:34,764 | INFO |   > FAIL: Trades: 92, Profit: -6.65% -> Fitness: 0.0000
2026-03-06 11:27:34,764 | INFO | Evaluating Individual 4/6 (mutant)...
2026-03-06 11:27:43,469 | INFO |   > FAIL: Trades: 2, Profit: -6.13% -> Fitness: 0.0000
2026-03-06 11:27:43,469 | INFO | Evaluating Individual 5/6 (outsider)...
2026-03-06 11:27:48,954 | INFO |   > FAIL: Trades: 0, Profit: 0.0% -> Fitness: 0.0000
2026-03-06 11:27:48,954 | INFO | Evaluating Individual 6/6 (outsider)...
2026-03-06 11:27:58,266 | INFO |   > FAIL: Trades: 1, Profit: -5.15% -> Fitness: 0.0000
2026-03-06 11:27:58,267 | INFO | KING FITNESS: 8.0990
2026-03-06 11:37:02,708 | INFO | STARTING 6-SLOT ROLE-BASED GP LOOP
2026-03-06 11:37:02,708 | INFO | --- Generation 296 ---
2026-03-06 11:37:02,708 | INFO | Evaluating Individual 2/6 (candidate)...
2026-03-06 11:37:10,931 | INFO |   > FAIL: Trades: 525, Profit: -17.32% -> Fitness: 0.0000
2026-03-06 11:37:10,931 | INFO | Evaluating Individual 3/6 (candidate)...
2026-03-06 11:37:19,048 | INFO |   > FAIL: Trades: 92, Profit: -6.65% -> Fitness: 0.0000
2026-03-06 11:37:19,048 | INFO | Evaluating Individual 4/6 (mutant)...
2026-03-06 11:37:24,138 | INFO |   > FAIL: Trades: 0, Profit: 0.0% -> Fitness: 0.0000
2026-03-06 11:37:24,138 | INFO | Evaluating Individual 5/6 (outsider)...
2026-03-06 11:37:28,884 | INFO |   > FAIL: Trades: 0, Profit: 0.0% -> Fitness: 0.0000
2026-03-06 11:37:28,884 | INFO | Evaluating Individual 6/6 (outsider)...
2026-03-06 11:37:33,926 | INFO |   > FAIL: Trades: 0, Profit: 0.0% -> Fitness: 0.0000
2026-03-06 11:37:33,926 | INFO | KING FITNESS: 8.0990
2026-03-06 11:39:11,904 | INFO | STARTING 6-SLOT ROLE-BASED GP LOOP
2026-03-06 11:39:11,905 | INFO | --- Generation 297 ---
2026-03-06 11:39:11,905 | INFO | Evaluating Individual 2/6 (candidate)...
2026-03-06 11:39:20,193 | INFO |   > FAIL: Trades: 525, Profit: -17.32% -> Fitness: 0.0000
2026-03-06 11:39:20,193 | INFO | Evaluating Individual 3/6 (candidate)...
2026-03-06 11:39:28,970 | INFO |   > FAIL: Trades: 99, Profit: -6.54% -> Fitness: 0.0000
2026-03-06 11:39:28,970 | INFO | Evaluating Individual 4/6 (mutant)...
2026-03-06 11:39:37,024 | INFO |   > FAIL: Trades: 1, Profit: -5.14% -> Fitness: 0.0000
2026-03-06 11:39:37,024 | INFO | Evaluating Individual 5/6 (outsider)...
2026-03-06 11:39:42,067 | INFO |   > FAIL: Trades: 0, Profit: 0.0% -> Fitness: 0.0000
2026-03-06 11:39:42,068 | INFO | Evaluating Individual 6/6 (outsider)...
2026-03-06 11:39:49,982 | INFO |   > FAIL: Trades: 1, Profit: -5.18% -> Fitness: 0.0000
2026-03-06 11:39:49,982 | INFO | KING FITNESS: 8.0990
2026-03-06 11:43:02,248 | INFO | STARTING 6-SLOT ROLE-BASED GP LOOP
2026-03-06 11:43:02,248 | INFO | --- Generation 298 ---
2026-03-06 11:43:02,248 | INFO | Evaluating Individual 2/6 (candidate)...
2026-03-06 11:43:10,589 | INFO |   > FAIL: Trades: 525, Profit: -17.44% -> Fitness: 0.0000
2026-03-06 11:43:10,589 | INFO | Evaluating Individual 3/6 (candidate)...
2026-03-06 11:43:18,948 | INFO |   > FAIL: Trades: 92, Profit: -6.66% -> Fitness: 0.0000
2026-03-06 11:43:18,948 | INFO | Evaluating Individual 4/6 (mutant)...
2026-03-06 11:43:24,589 | INFO |   > FAIL: Trades: 0, Profit: 0.0% -> Fitness: 0.0000
2026-03-06 11:43:24,589 | INFO | Evaluating Individual 5/6 (outsider)...
2026-03-06 11:43:29,911 | INFO |   > FAIL: Trades: 0, Profit: 0.0% -> Fitness: 0.0000
2026-03-06 11:43:29,911 | INFO | Evaluating Individual 6/6 (outsider)...
2026-03-06 11:43:35,392 | INFO |   > FAIL: Trades: 20, Profit: -0.12% -> Fitness: 0.0000
2026-03-06 11:43:35,393 | INFO | KING FITNESS: 8.0990
2026-03-06 11:45:46,465 | INFO | STARTING 6-SLOT ROLE-BASED GP LOOP
2026-03-06 11:45:46,466 | INFO | --- Generation 299 ---
2026-03-06 11:45:46,466 | INFO | Evaluating Individual 2/6 (candidate)...
2026-03-06 11:45:54,679 | INFO |   > FAIL: Trades: 525, Profit: -17.44% -> Fitness: 0.0000
2026-03-06 11:45:54,679 | INFO | Evaluating Individual 3/6 (candidate)...
2026-03-06 11:46:02,897 | INFO |   > FAIL: Trades: 1, Profit: -5.15% -> Fitness: 0.0000
2026-03-06 11:46:02,897 | INFO | Evaluating Individual 4/6 (mutant)...
2026-03-06 11:46:10,660 | INFO |   > FAIL: Trades: 1, Profit: -5.18% -> Fitness: 0.0000
2026-03-06 11:46:10,660 | INFO | Evaluating Individual 5/6 (outsider)...
2026-03-06 11:46:18,195 | INFO |   > FAIL: Trades: 1, Profit: -4.68% -> Fitness: 0.0000
2026-03-06 11:46:18,195 | INFO | Evaluating Individual 6/6 (outsider)...
2026-03-06 11:46:23,164 | INFO |   > FAIL: Trades: 0, Profit: 0.0% -> Fitness: 0.0000
2026-03-06 11:46:23,165 | INFO | KING FITNESS: 8.0990
2026-03-06 11:48:00,914 | INFO | STARTING 6-SLOT ROLE-BASED GP LOOP
2026-03-06 11:48:00,914 | INFO | --- Generation 300 ---
2026-03-06 11:48:00,914 | INFO | Evaluating Individual 2/6 (candidate)...
2026-03-06 11:48:09,077 | INFO |   > FAIL: Trades: 529, Profit: -17.77% -> Fitness: 0.0000
2026-03-06 11:48:09,078 | INFO | Evaluating Individual 3/6 (candidate)...
2026-03-06 11:48:17,121 | INFO |   > FAIL: Trades: 1, Profit: -5.15% -> Fitness: 0.0000
2026-03-06 11:48:17,122 | INFO | Evaluating Individual 4/6 (mutant)...
2026-03-06 11:48:24,749 | INFO |   > FAIL: Trades: 138, Profit: -9.92% -> Fitness: 0.0000
2026-03-06 11:48:24,749 | INFO | Evaluating Individual 5/6 (outsider)...
2026-03-06 11:48:29,955 | INFO |   > FAIL: Trades: 18, Profit: -0.16% -> Fitness: 0.0000
2026-03-06 11:48:29,958 | INFO | Evaluating Individual 6/6 (outsider)...
2026-03-06 11:48:34,870 | INFO |   > FAIL: Trades: 0, Profit: 0.0% -> Fitness: 0.0000
2026-03-06 11:48:34,871 | INFO | KING FITNESS: 8.0990
2026-03-06 11:49:41,227 | INFO | STARTING 6-SLOT ROLE-BASED GP LOOP
2026-03-06 11:49:41,227 | INFO | --- Generation 301 ---
2026-03-06 11:49:41,228 | INFO | Evaluating Individual 2/6 (candidate)...
2026-03-06 11:49:49,885 | INFO |   > FAIL: Trades: 529, Profit: -17.77% -> Fitness: 0.0000
2026-03-06 11:49:49,885 | INFO | Evaluating Individual 3/6 (candidate)...
2026-03-06 11:49:58,937 | INFO |   > FAIL: Trades: 1, Profit: -5.15% -> Fitness: 0.0000
2026-03-06 11:49:58,937 | INFO | Evaluating Individual 4/6 (mutant)...
2026-03-06 11:50:07,167 | INFO |   > FAIL: Trades: 1, Profit: -5.18% -> Fitness: 0.0000
2026-03-06 11:50:07,167 | INFO | Evaluating Individual 5/6 (outsider)...
2026-03-06 11:50:15,518 | INFO |   > FAIL: Trades: 1, Profit: -5.15% -> Fitness: 0.0000
2026-03-06 11:50:15,519 | INFO | Evaluating Individual 6/6 (outsider)...
2026-03-06 11:50:23,928 | INFO |   > FAIL: Trades: 1, Profit: -5.15% -> Fitness: 0.0000
2026-03-06 11:50:23,929 | INFO | KING FITNESS: 8.0990
2026-03-06 11:52:04,677 | INFO | STARTING 6-SLOT ROLE-BASED GP LOOP
2026-03-06 11:52:04,678 | INFO | --- Generation 302 ---
2026-03-06 11:52:04,678 | INFO | Evaluating Individual 2/6 (candidate)...
2026-03-06 11:52:13,996 | INFO |   > FAIL: Trades: 533, Profit: -17.58% -> Fitness: 0.0000
2026-03-06 11:52:13,996 | INFO | Evaluating Individual 3/6 (candidate)...
2026-03-06 11:52:22,396 | INFO |   > FAIL: Trades: 1, Profit: -5.15% -> Fitness: 0.0000
2026-03-06 11:52:22,396 | INFO | Evaluating Individual 4/6 (mutant)...
2026-03-06 11:52:27,418 | INFO |   > FAIL: Trades: 0, Profit: 0.0% -> Fitness: 0.0000
2026-03-06 11:52:27,418 | INFO | Evaluating Individual 5/6 (outsider)...
2026-03-06 11:52:35,212 | INFO |   > FAIL: Trades: 1056, Profit: -22.18% -> Fitness: 0.0000
2026-03-06 11:52:35,212 | INFO | Evaluating Individual 6/6 (outsider)...
2026-03-06 11:52:40,303 | INFO |   > FAIL: Trades: 0, Profit: 0.0% -> Fitness: 0.0000
2026-03-06 11:52:40,303 | INFO | KING FITNESS: 8.0990
2026-03-06 11:52:54,421 | INFO | STARTING 6-SLOT ROLE-BASED GP LOOP
2026-03-06 11:52:54,421 | INFO | --- Generation 303 ---
2026-03-06 11:52:54,421 | INFO | Evaluating Individual 2/6 (candidate)...
2026-03-06 11:53:03,026 | INFO |   > FAIL: Trades: 522, Profit: -16.86% -> Fitness: 0.0000
2026-03-06 11:53:03,026 | INFO | Evaluating Individual 3/6 (candidate)...
2026-03-06 11:53:11,614 | INFO |   > FAIL: Trades: 1, Profit: -5.15% -> Fitness: 0.0000
2026-03-06 11:53:11,614 | INFO | Evaluating Individual 4/6 (mutant)...
2026-03-06 11:53:20,246 | INFO |   > FAIL: Trades: 242, Profit: -10.65% -> Fitness: 0.0000
2026-03-06 11:53:20,247 | INFO | Evaluating Individual 5/6 (outsider)...
2026-03-06 11:53:28,275 | INFO |   > FAIL: Trades: 1, Profit: -5.15% -> Fitness: 0.0000
2026-03-06 11:53:28,275 | INFO | Evaluating Individual 6/6 (outsider)...
2026-03-06 11:53:36,614 | INFO |   > FAIL: Trades: 2, Profit: -5.56% -> Fitness: 0.0000
2026-03-06 11:53:36,615 | INFO | KING FITNESS: 8.0990
2026-03-06 11:54:39,808 | INFO | STARTING 6-SLOT ROLE-BASED GP LOOP
2026-03-06 11:54:39,808 | INFO | --- Generation 304 ---
2026-03-06 11:54:39,808 | INFO | Evaluating Individual 2/6 (candidate)...
2026-03-06 11:54:48,247 | INFO |   > FAIL: Trades: 520, Profit: -17.26% -> Fitness: 0.0000
2026-03-06 11:54:48,247 | INFO | Evaluating Individual 3/6 (candidate)...
2026-03-06 11:54:56,224 | INFO |   > FAIL: Trades: 1, Profit: -5.15% -> Fitness: 0.0000
2026-03-06 11:54:56,224 | INFO | Evaluating Individual 4/6 (mutant)...
2026-03-06 11:55:01,286 | INFO |   > FAIL: Trades: 0, Profit: 0.0% -> Fitness: 0.0000
2026-03-06 11:55:01,286 | INFO | Evaluating Individual 5/6 (outsider)...
2026-03-06 11:55:06,352 | INFO |   > FAIL: Trades: 0, Profit: 0.0% -> Fitness: 0.0000
2026-03-06 11:55:06,354 | INFO | Evaluating Individual 6/6 (outsider)...
2026-03-06 11:55:11,771 | INFO |   > FAIL: Trades: 0, Profit: 0.0% -> Fitness: 0.0000
2026-03-06 11:55:11,775 | INFO | KING FITNESS: 8.0990
2026-03-06 11:56:19,537 | INFO | STARTING 6-SLOT ROLE-BASED GP LOOP
2026-03-06 11:56:19,537 | INFO | --- Generation 305 ---
2026-03-06 11:56:19,538 | INFO | Evaluating Individual 2/6 (candidate)...
2026-03-06 11:56:28,127 | INFO |   > FAIL: Trades: 495, Profit: -17.32% -> Fitness: 0.0000
2026-03-06 11:56:28,127 | INFO | Evaluating Individual 3/6 (candidate)...
2026-03-06 11:56:36,319 | INFO |   > FAIL: Trades: 1, Profit: -5.15% -> Fitness: 0.0000
2026-03-06 11:56:36,319 | INFO | Evaluating Individual 4/6 (mutant)...
2026-03-06 11:56:44,331 | INFO |   > FAIL: Trades: 1, Profit: -5.18% -> Fitness: 0.0000
2026-03-06 11:56:44,331 | INFO | Evaluating Individual 5/6 (outsider)...
2026-03-06 11:56:53,029 | INFO |   > FAIL: Trades: 874, Profit: -20.03% -> Fitness: 0.0000
2026-03-06 11:56:53,029 | INFO | Evaluating Individual 6/6 (outsider)...
2026-03-06 11:56:58,166 | INFO |   > FAIL: Trades: 0, Profit: 0.0% -> Fitness: 0.0000
2026-03-06 11:56:58,167 | INFO | KING FITNESS: 8.0990
2026-03-06 11:58:14,133 | INFO | STARTING 6-SLOT ROLE-BASED GP LOOP
2026-03-06 11:58:14,134 | INFO | --- Generation 306 ---
2026-03-06 11:58:14,134 | INFO | Evaluating Individual 2/6 (candidate)...
2026-03-06 11:58:23,316 | INFO |   > FAIL: Trades: 501, Profit: -17.21% -> Fitness: 0.0000
2026-03-06 11:58:23,316 | INFO | Evaluating Individual 3/6 (candidate)...
2026-03-06 11:58:32,177 | INFO |   > FAIL: Trades: 1, Profit: -5.15% -> Fitness: 0.0000
2026-03-06 11:58:32,177 | INFO | Evaluating Individual 4/6 (mutant)...
2026-03-06 11:58:40,589 | INFO |   > FAIL: Trades: 175, Profit: -9.09% -> Fitness: 0.0000
2026-03-06 11:58:40,590 | INFO | Evaluating Individual 5/6 (outsider)...
2026-03-06 11:58:45,523 | INFO |   > FAIL: Trades: 0, Profit: 0.0% -> Fitness: 0.0000
2026-03-06 11:58:45,523 | INFO | Evaluating Individual 6/6 (outsider)...
2026-03-06 11:58:53,847 | INFO |   > FAIL: Trades: 5, Profit: -6.3% -> Fitness: 0.0000
2026-03-06 11:58:53,847 | INFO | KING FITNESS: 8.0990
2026-03-06 11:59:41,903 | INFO | STARTING 6-SLOT ROLE-BASED GP LOOP
2026-03-06 11:59:41,903 | INFO | --- Generation 307 ---
2026-03-06 11:59:41,903 | INFO | Evaluating Individual 2/6 (candidate)...
2026-03-06 11:59:50,378 | INFO |   > FAIL: Trades: 501, Profit: -17.21% -> Fitness: 0.0000
2026-03-06 11:59:50,378 | INFO | Evaluating Individual 3/6 (candidate)...
2026-03-06 11:59:58,134 | INFO |   > FAIL: Trades: 1, Profit: -5.15% -> Fitness: 0.0000
2026-03-06 11:59:58,134 | INFO | Evaluating Individual 4/6 (mutant)...
2026-03-06 12:00:06,127 | INFO |   > FAIL: Trades: 1, Profit: -5.18% -> Fitness: 0.0000
2026-03-06 12:00:06,127 | INFO | Evaluating Individual 5/6 (outsider)...
2026-03-06 12:00:11,192 | INFO |   > FAIL: Trades: 1, Profit: -0.02% -> Fitness: 0.0000
2026-03-06 12:00:11,192 | INFO | Evaluating Individual 6/6 (outsider)...
2026-03-06 12:00:18,996 | INFO |   > FAIL: Trades: 1, Profit: -4.25% -> Fitness: 0.0000
2026-03-06 12:00:18,996 | INFO | KING FITNESS: 8.0990
2026-03-06 12:00:38,361 | INFO | STARTING 6-SLOT ROLE-BASED GP LOOP
2026-03-06 12:00:38,362 | INFO | --- Generation 308 ---
2026-03-06 12:00:38,362 | INFO | Evaluating Individual 2/6 (candidate)...
2026-03-06 12:01:01,335 | INFO |   > FAIL: Aggregated Trades: 286, Profit: -6.780000000000001% -> Fitness: 0.0000
2026-03-06 12:01:01,335 | INFO | Evaluating Individual 3/6 (candidate)...
2026-03-06 12:01:25,161 | INFO |   > FAIL: Aggregated Trades: 5, Profit: 2.97% -> Fitness: 0.0000
2026-03-06 12:01:25,161 | INFO | Evaluating Individual 4/6 (mutant)...
2026-03-06 12:03:09,230 | INFO | STARTING 6-SLOT ROLE-BASED GP LOOP
2026-03-06 12:03:09,230 | INFO | --- Generation 308 ---
2026-03-06 12:03:09,231 | INFO | Evaluating Individual 2/6 (candidate)...
2026-03-06 12:03:32,988 | INFO |   > FAIL: Aggregated Trades: 286, Profit: -6.780000000000001% -> Fitness: 0.0000
2026-03-06 12:03:32,988 | INFO | Evaluating Individual 3/6 (candidate)...
2026-03-06 12:03:56,022 | INFO |   > FAIL: Aggregated Trades: 5, Profit: 2.97% -> Fitness: 0.0000
2026-03-06 12:03:56,022 | INFO | Evaluating Individual 4/6 (mutant)...
2026-03-06 12:04:19,845 | INFO |   > SUCCESS: Aggregated Trades: 84, Profit: 0.8599999999999999%, Avg Sharpe: 1.38, Max DD: 2.43% -> Fitness: 1.5372
2026-03-06 12:04:19,845 | INFO | Evaluating Individual 5/6 (outsider)...
2026-03-06 12:04:43,154 | INFO |   > FAIL: Aggregated Trades: 442, Profit: -8.25% -> Fitness: 0.0000
2026-03-06 12:04:43,154 | INFO | Evaluating Individual 6/6 (outsider)...
2026-03-06 12:05:05,865 | INFO |   > FAIL: Aggregated Trades: 179, Profit: -2.9699999999999998% -> Fitness: 0.0000
2026-03-06 12:05:05,866 | INFO | KING FITNESS: 8.0990
2026-03-06 12:05:22,164 | INFO | STARTING 6-SLOT ROLE-BASED GP LOOP
2026-03-06 12:05:22,164 | INFO | --- Generation 309 ---
2026-03-06 12:05:22,165 | INFO | Evaluating Individual 2/6 (candidate)...
2026-03-06 12:05:46,511 | INFO |   > SUCCESS: Aggregated Trades: 81, Profit: 1.6653345369377348e-16%, Avg Sharpe: 0.86, Max DD: 2.75% -> Fitness: 0.0000
2026-03-06 12:05:46,511 | INFO | Evaluating Individual 3/6 (candidate)...
2026-03-06 12:06:10,197 | INFO |   > FAIL: Aggregated Trades: 286, Profit: -6.780000000000001% -> Fitness: 0.0000
2026-03-06 12:06:10,197 | INFO | Evaluating Individual 4/6 (mutant)...
2026-03-06 12:06:32,439 | INFO |   > FAIL: Aggregated Trades: 5, Profit: 2.76% -> Fitness: 0.0000
2026-03-06 12:06:32,439 | INFO | Evaluating Individual 5/6 (outsider)...
2026-03-06 12:06:55,168 | INFO |   > FAIL: Aggregated Trades: 5, Profit: 2.87% -> Fitness: 0.0000
2026-03-06 12:06:55,168 | INFO | Evaluating Individual 6/6 (outsider)...
2026-03-06 12:07:18,679 | INFO |   > SUCCESS: Aggregated Trades: 133, Profit: 0.5300000000000002%, Avg Sharpe: 1.05, Max DD: 2.83% -> Fitness: 0.7144
2026-03-06 12:07:18,679 | INFO | KING FITNESS: 8.0990
2026-03-06 12:34:56,022 | INFO | STARTING 6-SLOT ROLE-BASED GP LOOP
2026-03-06 12:34:56,023 | INFO | --- Generation 310 ---
2026-03-06 12:34:56,023 | INFO | Skipping Individual 1/6 (king) - already evaluated with fitness 8.0990
2026-03-06 12:34:56,023 | INFO | Evaluating Individual 2/6 (candidate)...
2026-03-06 12:35:19,848 | INFO |   > FAIL: Aggregated Trades: 139, Profit: -0.4700000000000002% -> Fitness: 0.0000
2026-03-06 12:35:19,849 | INFO | Evaluating Individual 3/6 (candidate)...
2026-03-06 12:35:43,796 | INFO |   > SUCCESS: Aggregated Trades: 95, Profit: 1.04%, Avg Sharpe: 1.12, Max DD: 2.31% -> Fitness: 1.6091
2026-03-06 12:35:43,796 | INFO | Evaluating Individual 4/6 (mutant)...
2026-03-06 12:36:07,832 | INFO |   > SUCCESS: Aggregated Trades: 75, Profit: 2.0600000000000005%, Avg Sharpe: 1.13, Max DD: 1.94% -> Fitness: 3.4229
2026-03-06 12:36:07,833 | INFO | Evaluating Individual 5/6 (outsider)...
2026-03-06 12:36:29,320 | INFO |   > FAIL: Aggregated Trades: 55, Profit: -1.44% -> Fitness: 0.0000
2026-03-06 12:36:29,320 | INFO | Evaluating Individual 6/6 (outsider)...
2026-03-06 12:36:53,247 | INFO |   > FAIL: Aggregated Trades: 5, Profit: 3.5500000000000003% -> Fitness: 0.0000
2026-03-06 12:36:53,247 | INFO | KING FITNESS: 8.0990
2026-03-06 12:38:18,624 | INFO | STARTING 6-SLOT ROLE-BASED GP LOOP
2026-03-06 12:38:18,625 | INFO | --- Generation 311 ---
2026-03-06 12:38:18,625 | INFO | Skipping Individual 1/6 (king) - already evaluated with fitness 8.0990
2026-03-06 12:38:18,625 | INFO | Evaluating Individual 2/6 (candidate)...
2026-03-06 12:38:43,372 | INFO |   > SUCCESS: Aggregated Trades: 87, Profit: 1.5399999999999996%, Avg Sharpe: 0.83, Max DD: 2.22% -> Fitness: 1.7859
2026-03-06 12:38:43,372 | INFO | Evaluating Individual 3/6 (candidate)...
2026-03-06 12:39:06,934 | INFO |   > SUCCESS: Aggregated Trades: 59, Profit: 1.629999999999999%, Avg Sharpe: 1.13, Max DD: 1.99% -> Fitness: 2.5267
2026-03-06 12:39:06,934 | INFO | Evaluating Individual 4/6 (mutant)...
2026-03-06 12:39:29,909 | INFO |   > FAIL: Aggregated Trades: 5, Profit: 3.46% -> Fitness: 0.0000
2026-03-06 12:39:29,909 | INFO | Evaluating Individual 5/6 (outsider)...
2026-03-06 12:39:50,886 | INFO |   > FAIL: Aggregated Trades: 0, Profit: 0.0% -> Fitness: 0.0000
2026-03-06 12:39:50,886 | INFO | Evaluating Individual 6/6 (outsider)...
2026-03-06 12:40:10,427 | INFO |   > FAIL: Aggregated Trades: 0, Profit: 0.0% -> Fitness: 0.0000
2026-03-06 12:40:10,427 | INFO | KING FITNESS: 8.0990
--- TEST START 1772797789 ---
2026-03-06 12:49:50,018 | INFO | STARTING 6-SLOT ROLE-BASED GP LOOP
2026-03-06 12:49:50,019 | INFO | --- Generation 312 ---
2026-03-06 12:49:50,019 | INFO | Skipping Individual 1/6 (king) - already evaluated with fitness 8.0990
2026-03-06 12:49:50,019 | INFO | Evaluating Individual 2/6 (candidate)...
2026-03-06 12:50:16,094 | INFO |   > SUCCESS: Aggregated Trades: 70, Profit: 2.14%, Avg Sharpe: 1.26, Max DD: 2.04% -> Fitness: 3.7749
2026-03-06 12:50:16,094 | INFO | Evaluating Individual 3/6 (candidate)...
2026-03-06 12:50:39,943 | INFO |   > SUCCESS: Aggregated Trades: 82, Profit: 1.6300000000000003%, Avg Sharpe: 0.82, Max DD: 2.23% -> Fitness: 1.8375
2026-03-06 12:50:39,943 | INFO | Evaluating Individual 4/6 (mutant)...
2026-03-06 12:51:03,783 | INFO |   > FAIL: Aggregated Trades: 5, Profit: 3.46% -> Fitness: 0.0000
2026-03-06 12:51:03,783 | INFO | Evaluating Individual 5/6 (outsider)...
2026-03-06 12:51:25,117 | INFO |   > FAIL: Aggregated Trades: 0, Profit: 0.0% -> Fitness: 0.0000
2026-03-06 12:51:25,117 | INFO | Evaluating Individual 6/6 (outsider)...
2026-03-06 12:51:48,570 | INFO |   > FAIL: Aggregated Trades: 5, Profit: 3.5500000000000003% -> Fitness: 0.0000
2026-03-06 12:51:48,570 | INFO | KING FITNESS: 8.0990
--- TEST START 1772797924 ---
2026-03-06 12:52:04,868 | INFO | STARTING 6-SLOT ROLE-BASED GP LOOP
2026-03-06 12:52:04,868 | INFO | --- Generation 313 ---
2026-03-06 12:52:04,869 | INFO | Evaluating Individual 1/6 (king)...
2026-03-06 12:52:29,361 | INFO |   > SUCCESS: Aggregated Trades: 79, Profit: 1.4799999999999995%, Avg Sharpe: 1.38, Max DD: 2.18% -> Fitness: 2.8144
2026-03-06 12:52:29,362 | INFO | Evaluating Individual 2/6 (candidate)...
2026-03-06 12:52:53,159 | INFO |   > SUCCESS: Aggregated Trades: 52, Profit: 1.6100000000000005%, Avg Sharpe: 0.91, Max DD: 2.13% -> Fitness: 1.8503
2026-03-06 12:52:53,159 | INFO | Evaluating Individual 3/6 (candidate)...
2026-03-06 12:53:16,846 | INFO |   > SUCCESS: Aggregated Trades: 79, Profit: 1.5000000000000002%, Avg Sharpe: 0.85, Max DD: 2.09% -> Fitness: 1.8124
2026-03-06 12:53:16,846 | INFO | Evaluating Individual 4/6 (mutant)...
2026-03-06 13:20:39,557 | INFO |   > FAIL: Aggregated Trades: 3, Profit: 5.99% -> Fitness: 0.0000
2026-03-06 13:20:39,557 | INFO | Evaluating Individual 5/6 (outsider)...
2026-03-06 13:21:46,090 | INFO |   > FAIL: Aggregated Trades: 0, Profit: 0.0% -> Fitness: 0.0000
2026-03-06 13:21:46,091 | INFO | Evaluating Individual 6/6 (outsider)...
2026-03-06 13:37:56,158 | INFO | STARTING 6-SLOT ROLE-BASED GP LOOP
2026-03-06 13:37:56,160 | INFO | --- Generation 313 ---
2026-03-06 13:37:56,160 | INFO | Evaluating Individual 1/6 (king)...
2026-03-06 13:38:19,265 | INFO |   > SUCCESS: Aggregated Trades: 79, Profit: 1.4799999999999995%, Avg Sharpe: 1.38, Max DD: 2.18% -> Fitness: 2.8144
2026-03-06 13:38:19,265 | INFO | Evaluating Individual 2/6 (candidate)...
2026-03-06 13:38:40,646 | INFO |   > SUCCESS: Aggregated Trades: 52, Profit: 1.6100000000000005%, Avg Sharpe: 0.91, Max DD: 2.13% -> Fitness: 1.8503
2026-03-06 13:38:40,646 | INFO | Evaluating Individual 3/6 (candidate)...
2026-03-06 13:39:02,732 | INFO |   > SUCCESS: Aggregated Trades: 79, Profit: 1.5000000000000002%, Avg Sharpe: 0.85, Max DD: 2.09% -> Fitness: 1.8124
2026-03-06 13:39:02,732 | INFO | Evaluating Individual 4/6 (mutant)...
2026-03-06 13:39:24,503 | INFO |   > FAIL: Aggregated Trades: 5, Profit: 3.46% -> Fitness: 0.0000
2026-03-06 13:39:24,503 | INFO | Evaluating Individual 5/6 (outsider)...
2026-03-06 13:39:46,466 | INFO |   > SUCCESS: Aggregated Trades: 163, Profit: 0.52%, Avg Sharpe: 2.81, Max DD: 1.96% -> Fitness: 2.5211
2026-03-06 13:39:46,466 | INFO | Evaluating Individual 6/6 (outsider)...
2026-03-06 13:40:07,096 | INFO |   > FAIL: Aggregated Trades: 0, Profit: 0.0% -> Fitness: 0.0000
2026-03-06 13:40:07,096 | INFO | KING FITNESS: 2.8144
2026-03-06 13:43:04,206 | INFO | STARTING 6-SLOT ROLE-BASED GP LOOP
2026-03-06 13:43:04,206 | INFO | --- Generation 314 ---
2026-03-06 13:43:04,206 | INFO | Skipping Individual 1/6 (king) - already evaluated with fitness 2.8144
2026-03-06 13:43:04,206 | INFO | Evaluating Individual 2/6 (candidate)...
2026-03-06 13:43:25,573 | INFO |   > FAIL: Aggregated Trades: 5, Profit: 3.5500000000000003% -> Fitness: 0.0000
2026-03-06 13:43:25,573 | INFO | Evaluating Individual 3/6 (candidate)...
2026-03-06 13:43:47,787 | INFO |   > SUCCESS: Aggregated Trades: 82, Profit: 1.6300000000000003%, Avg Sharpe: 0.82, Max DD: 2.23% -> Fitness: 1.8375
2026-03-06 13:43:47,788 | INFO | Evaluating Individual 4/6 (mutant)...
2026-03-06 13:44:07,332 | INFO |   > FAIL: Aggregated Trades: 0, Profit: 0.0% -> Fitness: 0.0000
2026-03-06 13:44:07,332 | INFO | Evaluating Individual 5/6 (outsider)...
2026-03-06 13:44:28,995 | INFO |   > FAIL: Aggregated Trades: 5, Profit: 3.4499999999999997% -> Fitness: 0.0000
2026-03-06 13:44:28,995 | INFO | Evaluating Individual 6/6 (outsider)...
2026-03-06 13:44:47,872 | INFO |   > FAIL: Aggregated Trades: 0, Profit: 0.0% -> Fitness: 0.0000
2026-03-06 13:44:47,872 | INFO | KING FITNESS: 2.8144
2026-03-06 13:44:49,735 | INFO | STARTING 6-SLOT ROLE-BASED GP LOOP
2026-03-06 13:44:49,736 | INFO | --- Generation 315 ---
2026-03-06 13:44:49,736 | INFO | Skipping Individual 1/6 (king) - already evaluated with fitness 2.8144
2026-03-06 13:44:49,736 | INFO | Evaluating Individual 2/6 (candidate)...
2026-03-06 13:45:11,770 | INFO |   > FAIL: Aggregated Trades: 88, Profit: -0.49999999999999956% -> Fitness: 0.0000
2026-03-06 13:45:11,770 | INFO | Evaluating Individual 3/6 (candidate)...
2026-03-06 13:45:33,392 | INFO |   > FAIL: Aggregated Trades: 5, Profit: 3.5500000000000003% -> Fitness: 0.0000
2026-03-06 13:45:33,392 | INFO | Evaluating Individual 4/6 (mutant)...
2026-03-06 13:45:55,059 | INFO |   > FAIL: Aggregated Trades: 5, Profit: 3.46% -> Fitness: 0.0000
2026-03-06 13:45:55,059 | INFO | Evaluating Individual 5/6 (outsider)...
2026-03-06 13:46:17,292 | INFO |   > FAIL: Aggregated Trades: 349, Profit: -7.3100000000000005% -> Fitness: 0.0000
2026-03-06 13:46:17,292 | INFO | Evaluating Individual 6/6 (outsider)...
2026-03-06 13:46:37,239 | INFO |   > FAIL: Aggregated Trades: 0, Profit: 0.0% -> Fitness: 0.0000
2026-03-06 13:46:37,239 | INFO | KING FITNESS: 2.8144
2026-03-06 13:49:01,952 | INFO | STARTING 6-SLOT ROLE-BASED GP LOOP
2026-03-06 13:49:01,952 | INFO | --- Generation 316 ---
2026-03-06 13:49:01,952 | INFO | Skipping Individual 1/6 (king) - already evaluated with fitness 2.8144
2026-03-06 13:49:01,952 | INFO | Evaluating Individual 2/6 (candidate)...
2026-03-06 13:49:26,421 | INFO |   > SUCCESS: Aggregated Trades: 85, Profit: 0.32999999999999946%, Avg Sharpe: 0.87, Max DD: 2.26% -> Fitness: 0.3905
2026-03-06 13:49:26,421 | INFO | Evaluating Individual 3/6 (candidate)...
2026-03-06 13:49:49,478 | INFO |   > FAIL: Aggregated Trades: 320, Profit: -5.57% -> Fitness: 0.0000
2026-03-06 13:49:49,478 | INFO | Evaluating Individual 4/6 (mutant)...
2026-03-06 13:50:11,650 | INFO |   > SUCCESS: Aggregated Trades: 112, Profit: 1.6699999999999997%, Avg Sharpe: 1.08, Max DD: 2.33% -> Fitness: 2.5557
2026-03-06 13:50:11,650 | INFO | Evaluating Individual 5/6 (outsider)...
2026-03-06 13:50:32,918 | INFO |   > SUCCESS: Aggregated Trades: 52, Profit: 3.280000000000001%, Avg Sharpe: 1.39, Max DD: 1.89% -> Fitness: 6.2544
2026-03-06 13:50:32,919 | INFO | Evaluating Individual 6/6 (outsider)...
2026-03-06 13:50:53,264 | INFO |   > FAIL: Aggregated Trades: 0, Profit: 0.0% -> Fitness: 0.0000
2026-03-06 13:50:53,264 | INFO | KING FITNESS: 6.2544
2026-03-06 13:50:53,265 | INFO |   > VAULT UPDATED. Top strategy fitness: 8.0990
2026-03-06 13:51:55,569 | INFO | STARTING 6-SLOT ROLE-BASED GP LOOP
2026-03-06 13:51:55,569 | INFO | --- Generation 317 ---
2026-03-06 13:51:55,569 | INFO | Skipping Individual 1/6 (king) - already evaluated with fitness 6.2544
2026-03-06 13:51:55,569 | INFO | Evaluating Individual 2/6 (candidate)...
2026-03-06 13:52:19,562 | INFO |   > SUCCESS: Aggregated Trades: 83, Profit: 0.5599999999999995%, Avg Sharpe: 1.31, Max DD: 2.5% -> Fitness: 0.9273
2026-03-06 13:52:19,562 | INFO | Evaluating Individual 3/6 (candidate)...
2026-03-06 13:52:42,907 | INFO |   > SUCCESS: Aggregated Trades: 96, Profit: 1.3000000000000007%, Avg Sharpe: 1.52, Max DD: 2.21% -> Fitness: 2.8087
2026-03-06 13:52:42,907 | INFO | Evaluating Individual 4/6 (mutant)...
2026-03-06 13:53:05,989 | INFO |   > FAIL: Aggregated Trades: 5, Profit: 3.47% -> Fitness: 0.0000
2026-03-06 13:53:05,989 | INFO | Evaluating Individual 5/6 (outsider)...
2026-03-06 13:53:26,624 | INFO |   > FAIL: Aggregated Trades: 0, Profit: 0.0% -> Fitness: 0.0000
2026-03-06 13:53:26,624 | INFO | Evaluating Individual 6/6 (outsider)...
2026-03-06 13:53:49,875 | INFO |   > FAIL: Aggregated Trades: 540, Profit: -9.31% -> Fitness: 0.0000
2026-03-06 13:53:49,875 | INFO | KING FITNESS: 6.2544
2026-03-06 13:54:32,352 | INFO | STARTING 6-SLOT ROLE-BASED GP LOOP
2026-03-06 13:54:32,352 | INFO | --- Generation 318 ---
2026-03-06 13:54:32,352 | INFO | Skipping Individual 1/6 (king) - already evaluated with fitness 6.2544
2026-03-06 13:54:32,352 | INFO | Evaluating Individual 2/6 (candidate)...
2026-03-06 13:54:55,954 | INFO |   > SUCCESS: Aggregated Trades: 82, Profit: 1.1299999999999997%, Avg Sharpe: 0.99, Max DD: 2.42% -> Fitness: 1.4396
2026-03-06 13:54:55,954 | INFO | Evaluating Individual 3/6 (candidate)...
2026-03-06 13:55:16,598 | INFO |   > FAIL: Aggregated Trades: 0, Profit: 0.0% -> Fitness: 0.0000
2026-03-06 13:55:16,598 | INFO | Evaluating Individual 4/6 (mutant)...
2026-03-06 13:55:36,811 | INFO |   > FAIL: Aggregated Trades: 0, Profit: 0.0% -> Fitness: 0.0000
2026-03-06 13:55:36,811 | INFO | Evaluating Individual 5/6 (outsider)...
2026-03-06 13:55:56,972 | INFO |   > FAIL: Aggregated Trades: 0, Profit: 0.0% -> Fitness: 0.0000
2026-03-06 13:55:56,972 | INFO | Evaluating Individual 6/6 (outsider)...
2026-03-06 13:56:17,310 | INFO |   > FAIL: Aggregated Trades: 0, Profit: 0.0% -> Fitness: 0.0000
2026-03-06 13:56:17,310 | INFO | KING FITNESS: 6.2544
2026-03-06 13:58:45,949 | INFO | STARTING 6-SLOT ROLE-BASED GP LOOP
2026-03-06 13:58:45,949 | INFO | --- Generation 319 ---
2026-03-06 13:58:45,949 | INFO | Skipping Individual 1/6 (king) - already evaluated with fitness 6.2544
2026-03-06 13:58:45,949 | INFO | Evaluating Individual 2/6 (candidate)...
2026-03-06 13:59:09,933 | INFO |   > SUCCESS: Aggregated Trades: 96, Profit: 1.3000000000000007%, Avg Sharpe: 1.52, Max DD: 2.21% -> Fitness: 2.8087
2026-03-06 13:59:09,933 | INFO | Evaluating Individual 3/6 (candidate)...
2026-03-06 13:59:30,206 | INFO |   > FAIL: Aggregated Trades: 0, Profit: 0.0% -> Fitness: 0.0000
2026-03-06 13:59:30,206 | INFO | Evaluating Individual 4/6 (mutant)...
2026-03-06 13:59:50,561 | INFO |   > FAIL: Aggregated Trades: 0, Profit: 0.0% -> Fitness: 0.0000
2026-03-06 13:59:50,561 | INFO | Evaluating Individual 5/6 (outsider)...
2026-03-06 14:00:14,267 | INFO |   > FAIL: Aggregated Trades: 7, Profit: 3.6300000000000003% -> Fitness: 0.0000
2026-03-06 14:00:14,267 | INFO | Evaluating Individual 6/6 (outsider)...
2026-03-06 14:00:35,842 | INFO |   > FAIL: Aggregated Trades: 0, Profit: 0.0% -> Fitness: 0.0000
2026-03-06 14:00:35,842 | INFO | KING FITNESS: 6.2544
2026-03-06 14:01:22,351 | INFO | STARTING 6-SLOT ROLE-BASED GP LOOP
2026-03-06 14:01:22,352 | INFO | --- Generation 320 ---
2026-03-06 14:01:22,352 | INFO | Skipping Individual 1/6 (king) - already evaluated with fitness 6.2544
2026-03-06 14:01:22,352 | INFO | Evaluating Individual 2/6 (candidate)...
2026-03-06 14:01:46,522 | INFO |   > SUCCESS: Aggregated Trades: 84, Profit: 1.7300000000000004%, Avg Sharpe: 1.35, Max DD: 2.0% -> Fitness: 3.4535
2026-03-06 14:01:46,522 | INFO | Evaluating Individual 3/6 (candidate)...
2026-03-06 14:02:05,576 | INFO |   > FAIL: Aggregated Trades: 0, Profit: 0.0% -> Fitness: 0.0000
2026-03-06 14:02:05,576 | INFO | Evaluating Individual 4/6 (mutant)...
2026-03-06 14:02:27,974 | INFO |   > FAIL: Aggregated Trades: 5, Profit: 3.5500000000000003% -> Fitness: 0.0000
2026-03-06 14:02:27,974 | INFO | Evaluating Individual 5/6 (outsider)...
2026-03-06 14:02:51,686 | INFO |   > FAIL: Aggregated Trades: 5, Profit: 3.5500000000000003% -> Fitness: 0.0000
2026-03-06 14:02:51,686 | INFO | Evaluating Individual 6/6 (outsider)...
2026-03-06 14:03:12,076 | INFO |   > FAIL: Aggregated Trades: 0, Profit: 0.0% -> Fitness: 0.0000
2026-03-06 14:03:12,076 | INFO | KING FITNESS: 6.2544
2026-03-06 14:04:49,903 | INFO | STARTING 6-SLOT ROLE-BASED GP LOOP
2026-03-06 14:04:49,904 | INFO | --- Generation 321 ---
2026-03-06 14:04:49,904 | INFO | Skipping Individual 1/6 (king) - already evaluated with fitness 6.2544
2026-03-06 14:04:49,904 | INFO | Evaluating Individual 2/6 (candidate)...
2026-03-06 14:05:13,237 | INFO |   > SUCCESS: Aggregated Trades: 98, Profit: 2.74%, Avg Sharpe: 1.35, Max DD: 2.16% -> Fitness: 5.3630
2026-03-06 14:05:13,238 | INFO | Evaluating Individual 3/6 (candidate)...
2026-03-06 14:05:33,591 | INFO |   > FAIL: Aggregated Trades: 0, Profit: 0.0% -> Fitness: 0.0000
2026-03-06 14:05:33,591 | INFO | Evaluating Individual 4/6 (mutant)...
2026-03-06 14:05:54,348 | INFO |   > FAIL: Aggregated Trades: 2, Profit: -0.5% -> Fitness: 0.0000
2026-03-06 14:05:54,348 | INFO | Evaluating Individual 5/6 (outsider)...
2026-03-06 14:06:15,887 | INFO |   > FAIL: Aggregated Trades: 0, Profit: 0.0% -> Fitness: 0.0000
2026-03-06 14:06:15,887 | INFO | Evaluating Individual 6/6 (outsider)...
2026-03-06 14:06:40,363 | INFO |   > FAIL: Aggregated Trades: 5, Profit: 3.3899999999999992% -> Fitness: 0.0000
2026-03-06 14:06:40,363 | INFO | KING FITNESS: 6.2544
2026-03-06 14:07:33,083 | INFO | STARTING 6-SLOT ROLE-BASED GP LOOP
2026-03-06 14:07:33,083 | INFO | --- Generation 322 ---
2026-03-06 14:07:33,083 | INFO | Skipping Individual 1/6 (king) - already evaluated with fitness 6.2544
2026-03-06 14:07:33,083 | INFO | Evaluating Individual 2/6 (candidate)...
2026-03-06 14:07:56,627 | INFO |   > SUCCESS: Aggregated Trades: 127, Profit: 1.0399999999999994%, Avg Sharpe: 1.10, Max DD: 2.47% -> Fitness: 1.5996
2026-03-06 14:07:56,627 | INFO | Evaluating Individual 3/6 (candidate)...
2026-03-06 14:08:17,983 | INFO |   > FAIL: Aggregated Trades: 0, Profit: 0.0% -> Fitness: 0.0000
2026-03-06 14:08:17,983 | INFO | Evaluating Individual 4/6 (mutant)...
2026-03-06 14:08:38,359 | INFO |   > FAIL: Aggregated Trades: 0, Profit: 0.0% -> Fitness: 0.0000
2026-03-06 14:08:38,359 | INFO | Evaluating Individual 5/6 (outsider)...
2026-03-06 14:08:59,151 | INFO |   > FAIL: Aggregated Trades: 0, Profit: 0.0% -> Fitness: 0.0000
2026-03-06 14:08:59,151 | INFO | Evaluating Individual 6/6 (outsider)...
2026-03-06 14:09:19,437 | INFO |   > FAIL: Aggregated Trades: 0, Profit: 0.0% -> Fitness: 0.0000
2026-03-06 14:09:19,437 | INFO | KING FITNESS: 6.2544
2026-03-06 14:11:11,875 | INFO | STARTING 6-SLOT ROLE-BASED GP LOOP
2026-03-06 14:11:11,876 | INFO | --- Generation 323 ---
2026-03-06 14:11:11,876 | INFO | Skipping Individual 1/6 (king) - already evaluated with fitness 6.2544
2026-03-06 14:11:11,876 | INFO | Evaluating Individual 2/6 (candidate)...
2026-03-06 14:11:32,207 | INFO |   > FAIL: Aggregated Trades: 0, Profit: 0.0% -> Fitness: 0.0000
2026-03-06 14:11:32,207 | INFO | Evaluating Individual 3/6 (candidate)...
2026-03-06 14:11:52,702 | INFO |   > FAIL: Aggregated Trades: 0, Profit: 0.0% -> Fitness: 0.0000
2026-03-06 14:11:52,702 | INFO | Evaluating Individual 4/6 (mutant)...
2026-03-06 14:12:15,698 | INFO |   > FAIL: Aggregated Trades: 3, Profit: -0.85% -> Fitness: 0.0000
2026-03-06 14:12:15,698 | INFO | Evaluating Individual 5/6 (outsider)...
2026-03-06 14:12:36,950 | INFO |   > FAIL: Aggregated Trades: 0, Profit: 0.0% -> Fitness: 0.0000
2026-03-06 14:12:36,950 | INFO | Evaluating Individual 6/6 (outsider)...
2026-03-06 14:12:57,869 | INFO |   > FAIL: Aggregated Trades: 0, Profit: 0.0% -> Fitness: 0.0000
2026-03-06 14:12:57,869 | INFO | KING FITNESS: 6.2544
2026-03-06 14:13:48,198 | INFO | STARTING 6-SLOT ROLE-BASED GP LOOP
2026-03-06 14:13:48,199 | INFO | --- Generation 324 ---
2026-03-06 14:13:48,199 | INFO | Skipping Individual 1/6 (king) - already evaluated with fitness 6.2544
2026-03-06 14:13:48,199 | INFO | Evaluating Individual 2/6 (candidate)...
2026-03-06 14:14:08,783 | INFO |   > FAIL: Aggregated Trades: 0, Profit: 0.0% -> Fitness: 0.0000
2026-03-06 14:14:08,783 | INFO | Evaluating Individual 3/6 (candidate)...
2026-03-06 14:14:29,141 | INFO |   > FAIL: Aggregated Trades: 0, Profit: 0.0% -> Fitness: 0.0000
2026-03-06 14:14:29,141 | INFO | Evaluating Individual 4/6 (mutant)...
2026-03-06 14:14:50,806 | INFO |   > FAIL: Aggregated Trades: 3, Profit: -0.69% -> Fitness: 0.0000
2026-03-06 14:14:50,806 | INFO | Evaluating Individual 5/6 (outsider)...
2026-03-06 14:15:14,574 | INFO |   > SUCCESS: Aggregated Trades: 11, Profit: 2.71%, Avg Sharpe: 1.02, Max DD: 1.96% -> Fitness: 2.3205
2026-03-06 14:15:14,574 | INFO | Evaluating Individual 6/6 (outsider)...
2026-03-06 14:15:34,893 | INFO |   > FAIL: Aggregated Trades: 0, Profit: 0.0% -> Fitness: 0.0000
2026-03-06 14:15:34,893 | INFO | KING FITNESS: 6.2544
2026-03-06 14:17:04,726 | INFO | STARTING 6-SLOT ROLE-BASED GP LOOP
2026-03-06 14:17:04,726 | INFO | --- Generation 325 ---
2026-03-06 14:17:04,726 | INFO | Skipping Individual 1/6 (king) - already evaluated with fitness 6.2544
2026-03-06 14:17:04,726 | INFO | Evaluating Individual 2/6 (candidate)...
2026-03-06 14:17:27,816 | INFO |   > FAIL: Aggregated Trades: 5, Profit: 3.5399999999999996% -> Fitness: 0.0000
2026-03-06 14:17:27,817 | INFO | Evaluating Individual 3/6 (candidate)...
2026-03-06 14:17:48,243 | INFO |   > FAIL: Aggregated Trades: 0, Profit: 0.0% -> Fitness: 0.0000
2026-03-06 14:17:48,244 | INFO | Evaluating Individual 4/6 (mutant)...
2026-03-06 14:18:10,486 | INFO |   > FAIL: Aggregated Trades: 470, Profit: -6.08% -> Fitness: 0.0000
2026-03-06 14:18:10,486 | INFO | Evaluating Individual 5/6 (outsider)...
2026-03-06 14:18:30,899 | INFO |   > FAIL: Aggregated Trades: 0, Profit: 0.0% -> Fitness: 0.0000
2026-03-06 14:18:30,899 | INFO | Evaluating Individual 6/6 (outsider)...
2026-03-06 14:18:53,854 | INFO |   > FAIL: Aggregated Trades: 5, Profit: 3.46% -> Fitness: 0.0000
2026-03-06 14:18:53,854 | INFO | KING FITNESS: 6.2544
2026-03-06 14:20:07,642 | INFO | STARTING 6-SLOT ROLE-BASED GP LOOP
2026-03-06 14:20:07,643 | INFO | --- Generation 326 ---
2026-03-06 14:20:07,643 | INFO | Skipping Individual 1/6 (king) - already evaluated with fitness 6.2544
2026-03-06 14:20:07,643 | INFO | Evaluating Individual 2/6 (candidate)...
2026-03-06 14:20:31,416 | INFO |   > FAIL: Aggregated Trades: 5, Profit: 3.5399999999999996% -> Fitness: 0.0000
2026-03-06 14:20:31,416 | INFO | Evaluating Individual 3/6 (candidate)...
2026-03-06 14:20:53,562 | INFO |   > FAIL: Aggregated Trades: 0, Profit: 0.0% -> Fitness: 0.0000
2026-03-06 14:20:53,562 | INFO | Evaluating Individual 4/6 (mutant)...
2026-03-06 14:21:14,676 | INFO |   > FAIL: Aggregated Trades: 0, Profit: 0.0% -> Fitness: 0.0000
2026-03-06 14:21:14,676 | INFO | Evaluating Individual 5/6 (outsider)...
2026-03-06 14:21:38,246 | INFO |   > FAIL: Aggregated Trades: 5, Profit: 3.2599999999999993% -> Fitness: 0.0000
2026-03-06 14:21:38,246 | INFO | Evaluating Individual 6/6 (outsider)...
2026-03-06 14:21:59,130 | INFO |   > FAIL: Aggregated Trades: 0, Profit: 0.0% -> Fitness: 0.0000
2026-03-06 14:21:59,130 | INFO | KING FITNESS: 6.2544
2026-03-06 14:22:36,612 | INFO | STARTING 6-SLOT ROLE-BASED GP LOOP
2026-03-06 14:22:36,613 | INFO | --- Generation 327 ---
2026-03-06 14:22:36,613 | INFO | Skipping Individual 1/6 (king) - already evaluated with fitness 6.2544
2026-03-06 14:22:36,613 | INFO | Evaluating Individual 2/6 (candidate)...
2026-03-06 14:23:00,309 | INFO |   > FAIL: Aggregated Trades: 5, Profit: 3.610000000000001% -> Fitness: 0.0000
2026-03-06 14:23:00,309 | INFO | Evaluating Individual 3/6 (candidate)...
2026-03-06 14:23:21,019 | INFO |   > FAIL: Aggregated Trades: 0, Profit: 0.0% -> Fitness: 0.0000
2026-03-06 14:23:21,019 | INFO | Evaluating Individual 4/6 (mutant)...
2026-03-06 14:23:44,535 | INFO |   > FAIL: Aggregated Trades: 5, Profit: 3.2599999999999993% -> Fitness: 0.0000
2026-03-06 14:23:44,535 | INFO | Evaluating Individual 5/6 (outsider)...
2026-03-06 14:24:06,758 | INFO |   > FAIL: Aggregated Trades: 134, Profit: -2.0900000000000003% -> Fitness: 0.0000
2026-03-06 14:24:06,758 | INFO | Evaluating Individual 6/6 (outsider)...
2026-03-06 14:24:31,105 | INFO |   > SUCCESS: Aggregated Trades: 20, Profit: 3.9000000000000004%, Avg Sharpe: 0.98, Max DD: 1.44% -> Fitness: 4.7495
2026-03-06 14:24:31,106 | INFO | KING FITNESS: 6.2544
2026-03-06 14:26:05,664 | INFO | STARTING 6-SLOT ROLE-BASED GP LOOP
2026-03-06 14:26:05,665 | INFO | --- Generation 328 ---
2026-03-06 14:26:05,665 | INFO | Skipping Individual 1/6 (king) - already evaluated with fitness 6.2544
2026-03-06 14:26:05,665 | INFO | Evaluating Individual 2/6 (candidate)...
2026-03-06 14:26:29,873 | INFO |   > SUCCESS: Aggregated Trades: 20, Profit: 3.9000000000000004%, Avg Sharpe: 0.98, Max DD: 1.44% -> Fitness: 4.7495
2026-03-06 14:26:29,873 | INFO | Evaluating Individual 3/6 (candidate)...
2026-03-06 14:26:50,944 | INFO |   > FAIL: Aggregated Trades: 2, Profit: -0.13999999999999999% -> Fitness: 0.0000
2026-03-06 14:26:50,944 | INFO | Evaluating Individual 4/6 (mutant)...
2026-03-06 14:27:11,439 | INFO |   > FAIL: Aggregated Trades: 0, Profit: 0.0% -> Fitness: 0.0000
2026-03-06 14:27:11,439 | INFO | Evaluating Individual 5/6 (outsider)...
2026-03-06 14:27:32,695 | INFO |   > FAIL: Aggregated Trades: 16, Profit: -1.2799999999999998% -> Fitness: 0.0000
2026-03-06 14:27:32,695 | INFO | Evaluating Individual 6/6 (outsider)...
2026-03-06 14:27:56,403 | INFO |   > FAIL: Aggregated Trades: 309, Profit: -7.51% -> Fitness: 0.0000
2026-03-06 14:27:56,403 | INFO | KING FITNESS: 6.2544
2026-03-06 14:28:37,031 | INFO | STARTING 6-SLOT ROLE-BASED GP LOOP
2026-03-06 14:28:37,031 | INFO | --- Generation 329 ---
2026-03-06 14:28:37,032 | INFO | Skipping Individual 1/6 (king) - already evaluated with fitness 6.2544
2026-03-06 14:28:37,032 | INFO | Evaluating Individual 2/6 (candidate)...
2026-03-06 14:29:00,679 | INFO |   > SUCCESS: Aggregated Trades: 20, Profit: 3.9000000000000004%, Avg Sharpe: 0.98, Max DD: 1.44% -> Fitness: 4.7495
2026-03-06 14:29:00,679 | INFO | Evaluating Individual 3/6 (candidate)...
2026-03-06 14:29:21,518 | INFO |   > FAIL: Aggregated Trades: 2, Profit: -0.13999999999999999% -> Fitness: 0.0000
2026-03-06 14:29:21,518 | INFO | Evaluating Individual 4/6 (mutant)...
2026-03-06 14:29:42,733 | INFO |   > FAIL: Aggregated Trades: 0, Profit: 0.0% -> Fitness: 0.0000
2026-03-06 14:29:42,733 | INFO | Evaluating Individual 5/6 (outsider)...
2026-03-06 14:30:03,886 | INFO |   > FAIL: Aggregated Trades: 0, Profit: 0.0% -> Fitness: 0.0000
2026-03-06 14:30:03,886 | INFO | Evaluating Individual 6/6 (outsider)...
2026-03-06 14:30:24,132 | INFO |   > FAIL: Aggregated Trades: 0, Profit: 0.0% -> Fitness: 0.0000
2026-03-06 14:30:24,132 | INFO | KING FITNESS: 6.2544
2026-03-06 14:32:25,502 | INFO | STARTING 6-SLOT ROLE-BASED GP LOOP
2026-03-06 14:32:25,503 | INFO | --- Generation 330 ---
2026-03-06 14:32:25,503 | INFO | Skipping Individual 1/6 (king) - already evaluated with fitness 6.2544
2026-03-06 14:32:25,503 | INFO | Evaluating Individual 2/6 (candidate)...
2026-03-06 14:32:53,303 | INFO |   > SUCCESS: Aggregated Trades: 20, Profit: 3.9000000000000004%, Avg Sharpe: 0.98, Max DD: 1.44% -> Fitness: 4.7495
2026-03-06 14:32:53,303 | INFO | Evaluating Individual 3/6 (candidate)...
2026-03-06 14:33:18,032 | INFO |   > FAIL: Aggregated Trades: 2, Profit: -0.13999999999999999% -> Fitness: 0.0000
2026-03-06 14:33:18,032 | INFO | Evaluating Individual 4/6 (mutant)...
2026-03-06 14:33:42,235 | INFO |   > FAIL: Aggregated Trades: 0, Profit: 0.0% -> Fitness: 0.0000
2026-03-06 14:33:42,235 | INFO | Evaluating Individual 5/6 (outsider)...
2026-03-06 14:34:11,151 | INFO |   > FAIL: Aggregated Trades: 5, Profit: 3.4900000000000007% -> Fitness: 0.0000
2026-03-06 14:34:11,151 | INFO | Evaluating Individual 6/6 (outsider)...
2026-03-06 14:34:37,154 | INFO |   > FAIL: Aggregated Trades: 5, Profit: 3.39% -> Fitness: 0.0000
2026-03-06 14:34:37,154 | INFO | KING FITNESS: 6.2544
2026-03-06 14:35:33,157 | INFO | STARTING 6-SLOT ROLE-BASED GP LOOP
2026-03-06 14:35:33,158 | INFO | --- Generation 331 ---
2026-03-06 14:35:33,158 | INFO | Skipping Individual 1/6 (king) - already evaluated with fitness 6.2544
2026-03-06 14:35:33,158 | INFO | Evaluating Individual 2/6 (candidate)...
2026-03-06 14:35:59,929 | INFO |   > SUCCESS: Aggregated Trades: 20, Profit: 3.9000000000000004%, Avg Sharpe: 0.98, Max DD: 1.44% -> Fitness: 4.7495
2026-03-06 14:35:59,929 | INFO | Evaluating Individual 3/6 (candidate)...
2026-03-06 14:36:23,666 | INFO |   > FAIL: Aggregated Trades: 2, Profit: -0.13999999999999999% -> Fitness: 0.0000
2026-03-06 14:36:23,666 | INFO | Evaluating Individual 4/6 (mutant)...
2026-03-06 14:36:46,796 | INFO |   > FAIL: Aggregated Trades: 117, Profit: -1.72% -> Fitness: 0.0000
2026-03-06 14:36:46,796 | INFO | Evaluating Individual 5/6 (outsider)...
2026-03-06 14:37:08,617 | INFO |   > FAIL: Aggregated Trades: 0, Profit: 0.0% -> Fitness: 0.0000
2026-03-06 14:37:08,617 | INFO | Evaluating Individual 6/6 (outsider)...
2026-03-06 14:37:33,404 | INFO |   > FAIL: Aggregated Trades: 5, Profit: 3.47% -> Fitness: 0.0000
2026-03-06 14:37:33,404 | INFO | KING FITNESS: 6.2544
2026-03-06 14:39:10,467 | INFO | STARTING 6-SLOT ROLE-BASED GP LOOP
2026-03-06 14:39:10,468 | INFO | --- Generation 332 ---
2026-03-06 14:39:10,468 | INFO | Skipping Individual 1/6 (king) - already evaluated with fitness 6.2544
2026-03-06 14:39:10,468 | INFO | Evaluating Individual 2/6 (candidate)...
2026-03-06 14:39:34,313 | INFO |   > SUCCESS: Aggregated Trades: 20, Profit: 3.9000000000000004%, Avg Sharpe: 0.98, Max DD: 1.44% -> Fitness: 4.7495
2026-03-06 14:39:34,313 | INFO | Evaluating Individual 3/6 (candidate)...
2026-03-06 14:39:55,834 | INFO |   > FAIL: Aggregated Trades: 2, Profit: -0.13999999999999999% -> Fitness: 0.0000
2026-03-06 14:39:55,834 | INFO | Evaluating Individual 4/6 (mutant)...
2026-03-06 14:40:16,368 | INFO |   > FAIL: Aggregated Trades: 0, Profit: 0.0% -> Fitness: 0.0000
2026-03-06 14:40:16,368 | INFO | Evaluating Individual 5/6 (outsider)...
2026-03-06 14:40:36,575 | INFO |   > FAIL: Aggregated Trades: 0, Profit: 0.0% -> Fitness: 0.0000
2026-03-06 14:40:36,575 | INFO | Evaluating Individual 6/6 (outsider)...
2026-03-06 14:41:00,243 | INFO |   > FAIL: Aggregated Trades: 419, Profit: -3.37% -> Fitness: 0.0000
2026-03-06 14:41:00,243 | INFO | KING FITNESS: 6.2544
2026-03-06 14:43:55,250 | INFO | STARTING 6-SLOT ROLE-BASED GP LOOP
2026-03-06 14:43:55,250 | INFO | --- Generation 333 ---
2026-03-06 14:43:55,251 | INFO | Skipping Individual 1/6 (king) - already evaluated with fitness 6.2544
2026-03-06 14:43:55,251 | INFO | Evaluating Individual 2/6 (candidate)...
2026-03-06 14:44:18,711 | INFO |   > SUCCESS: Aggregated Trades: 20, Profit: 3.9000000000000004%, Avg Sharpe: 0.98, Max DD: 1.44% -> Fitness: 4.7495
2026-03-06 14:44:18,711 | INFO | Evaluating Individual 3/6 (candidate)...
2026-03-06 14:44:42,435 | INFO |   > FAIL: Aggregated Trades: 5, Profit: 0.44999999999999973% -> Fitness: 0.0000
2026-03-06 14:44:42,435 | INFO | Evaluating Individual 4/6 (mutant)...
2026-03-06 14:45:03,093 | INFO |   > FAIL: Aggregated Trades: 0, Profit: 0.0% -> Fitness: 0.0000
2026-03-06 14:45:03,093 | INFO | Evaluating Individual 5/6 (outsider)...
2026-03-06 14:45:26,384 | INFO |   > FAIL: Aggregated Trades: 5, Profit: 3.5000000000000004% -> Fitness: 0.0000
2026-03-06 14:45:26,385 | INFO | Evaluating Individual 6/6 (outsider)...
2026-03-06 14:45:47,808 | INFO |   > FAIL: Aggregated Trades: 36, Profit: -3.2699999999999996% -> Fitness: 0.0000
2026-03-06 14:45:47,808 | INFO | KING FITNESS: 6.2544
2026-03-06 14:47:10,434 | INFO | STARTING 6-SLOT ROLE-BASED GP LOOP
2026-03-06 14:47:10,434 | INFO | --- Generation 334 ---
2026-03-06 14:47:10,435 | INFO | Skipping Individual 1/6 (king) - already evaluated with fitness 6.2544
2026-03-06 14:47:10,435 | INFO | Evaluating Individual 2/6 (candidate)...
2026-03-06 14:47:34,306 | INFO |   > SUCCESS: Aggregated Trades: 20, Profit: 3.9000000000000004%, Avg Sharpe: 0.98, Max DD: 1.44% -> Fitness: 4.7495
2026-03-06 14:47:34,306 | INFO | Evaluating Individual 3/6 (candidate)...
2026-03-06 14:47:57,642 | INFO |   > FAIL: Aggregated Trades: 5, Profit: 0.44999999999999973% -> Fitness: 0.0000
2026-03-06 14:47:57,643 | INFO | Evaluating Individual 4/6 (mutant)...
2026-03-06 14:48:21,493 | INFO |   > FAIL: Aggregated Trades: 322, Profit: -6.859999999999999% -> Fitness: 0.0000
2026-03-06 14:48:21,493 | INFO | Evaluating Individual 5/6 (outsider)...
2026-03-06 14:48:41,926 | INFO |   > FAIL: Aggregated Trades: 0, Profit: 0.0% -> Fitness: 0.0000
2026-03-06 14:48:41,926 | INFO | Evaluating Individual 6/6 (outsider)...
2026-03-06 14:49:05,186 | INFO |   > FAIL: Aggregated Trades: 5, Profit: 3.4499999999999997% -> Fitness: 0.0000
2026-03-06 14:49:05,187 | INFO | KING FITNESS: 6.2544
2026-03-06 14:51:21,548 | INFO | STARTING 6-SLOT ROLE-BASED GP LOOP
2026-03-06 14:51:21,548 | INFO | --- Generation 335 ---
2026-03-06 14:51:21,548 | INFO | Skipping Individual 1/6 (king) - already evaluated with fitness 6.2544
2026-03-06 14:51:21,548 | INFO | Evaluating Individual 2/6 (candidate)...
2026-03-06 14:51:45,911 | INFO |   > SUCCESS: Aggregated Trades: 20, Profit: 3.9000000000000004%, Avg Sharpe: 0.98, Max DD: 1.44% -> Fitness: 4.7495
2026-03-06 14:51:45,912 | INFO | Evaluating Individual 3/6 (candidate)...
2026-03-06 14:52:09,315 | INFO |   > FAIL: Aggregated Trades: 5, Profit: 3.3899999999999992% -> Fitness: 0.0000
2026-03-06 14:52:09,315 | INFO | Evaluating Individual 4/6 (mutant)...
2026-03-06 14:52:30,003 | INFO |   > FAIL: Aggregated Trades: 0, Profit: 0.0% -> Fitness: 0.0000
2026-03-06 14:52:30,003 | INFO | Evaluating Individual 5/6 (outsider)...
2026-03-06 14:52:49,567 | INFO |   > FAIL: Aggregated Trades: 0, Profit: 0.0% -> Fitness: 0.0000
2026-03-06 14:52:49,567 | INFO | Evaluating Individual 6/6 (outsider)...
2026-03-06 14:53:09,180 | INFO |   > FAIL: Aggregated Trades: 0, Profit: 0.0% -> Fitness: 0.0000
2026-03-06 14:53:09,180 | INFO | KING FITNESS: 6.2544
--- TEST START 1772810336 ---
2026-03-06 16:18:56,796 | INFO | STARTING 6-SLOT ROLE-BASED GP LOOP
2026-03-06 16:18:56,797 | INFO | --- Generation 336 ---
2026-03-06 16:18:56,797 | INFO | Skipping Individual 1/6 (king) - already evaluated with fitness 6.2544
2026-03-06 16:18:56,797 | INFO | Evaluating Individual 2/6 (candidate)...
2026-03-06 16:19:19,270 | INFO |   > SUCCESS: Aggregated Trades: 20, Profit: 3.9000000000000004%, Avg Sharpe: 0.98, Max DD: 1.44% -> Fitness: 4.7495
2026-03-06 16:19:19,270 | INFO | Evaluating Individual 3/6 (candidate)...
2026-03-06 16:19:41,057 | INFO |   > FAIL: Aggregated Trades: 5, Profit: 3.3899999999999992% -> Fitness: 0.0000
2026-03-06 16:19:41,057 | INFO | Evaluating Individual 4/6 (mutant)...
2026-03-06 16:20:03,614 | INFO |   > FAIL: Aggregated Trades: 501, Profit: -11.68% -> Fitness: 0.0000
2026-03-06 16:20:03,614 | INFO | Evaluating Individual 5/6 (outsider)...
2026-03-06 16:20:25,764 | INFO |   > FAIL: Aggregated Trades: 5, Profit: 3.2599999999999993% -> Fitness: 0.0000
2026-03-06 16:20:25,764 | INFO | Evaluating Individual 6/6 (outsider)...
2026-03-06 16:20:45,478 | INFO |   > FAIL: Aggregated Trades: 0, Profit: 0.0% -> Fitness: 0.0000
2026-03-06 16:20:45,478 | INFO | KING FITNESS: 6.2544
--- TEST START 1772810510 ---
2026-03-06 16:21:50,264 | INFO | STARTING 6-SLOT ROLE-BASED GP LOOP
2026-03-06 16:21:50,265 | INFO | --- Generation 337 ---
2026-03-06 16:21:50,265 | INFO | Skipping Individual 1/6 (king) - already evaluated with fitness 6.2544
2026-03-06 16:21:50,265 | INFO | Evaluating Individual 2/6 (candidate)...
2026-03-06 16:22:14,997 | INFO |   > SUCCESS: Aggregated Trades: 20, Profit: 3.9000000000000004%, Avg Sharpe: 0.98, Max DD: 1.44% -> Fitness: 4.7495
2026-03-06 16:22:14,997 | INFO | Evaluating Individual 3/6 (candidate)...
2026-03-06 16:22:39,115 | INFO |   > FAIL: Aggregated Trades: 5, Profit: 3.3899999999999992% -> Fitness: 0.0000
2026-03-06 16:22:39,115 | INFO | Evaluating Individual 4/6 (mutant)...
2026-03-06 16:23:01,359 | INFO |   > FAIL: Aggregated Trades: 5, Profit: 5.204170427930421e-18% -> Fitness: 0.0000
2026-03-06 16:23:01,359 | INFO | Evaluating Individual 5/6 (outsider)...
2026-03-06 16:23:24,398 | INFO |   > FAIL: Aggregated Trades: 5, Profit: 3.5500000000000003% -> Fitness: 0.0000
2026-03-06 16:23:24,398 | INFO | Evaluating Individual 6/6 (outsider)...
2026-03-06 16:23:46,731 | INFO |   > FAIL: Aggregated Trades: 2, Profit: -0.4% -> Fitness: 0.0000
2026-03-06 16:23:46,732 | INFO | KING FITNESS: 6.2544
--- TEST START 1772811893 ---
2026-03-06 16:44:53,294 | INFO | STARTING 6-SLOT ROLE-BASED GP LOOP
2026-03-06 16:44:53,295 | INFO | --- Generation 338 ---
2026-03-06 16:44:53,295 | INFO | Skipping Individual 1/6 (king) - already evaluated with fitness 6.2544
2026-03-06 16:44:53,295 | INFO | Evaluating Individual 2/6 (candidate)...
2026-03-06 16:45:14,633 | INFO |   > SUCCESS: Aggregated Trades: 20, Profit: 3.9000000000000004%, Avg Sharpe: 0.98, Max DD: 1.44% -> Fitness: 4.7495
2026-03-06 16:45:14,633 | INFO | Evaluating Individual 3/6 (candidate)...
2026-03-06 16:45:36,938 | INFO |   > FAIL: Aggregated Trades: 5, Profit: 3.3899999999999992% -> Fitness: 0.0000
2026-03-06 16:45:36,938 | INFO | Evaluating Individual 4/6 (mutant)...
2026-03-06 16:45:57,178 | INFO |   > FAIL: Aggregated Trades: 45, Profit: -1.1500000000000001% -> Fitness: 0.0000
2026-03-06 16:45:57,178 | INFO | Evaluating Individual 5/6 (outsider)...
2026-03-06 16:46:20,894 | INFO |   > FAIL: Aggregated Trades: 5, Profit: 3.58% -> Fitness: 0.0000
2026-03-06 16:46:20,894 | INFO | Evaluating Individual 6/6 (outsider)...
2026-03-06 16:46:44,704 | INFO |   > FAIL: Aggregated Trades: 5, Profit: 3.53% -> Fitness: 0.0000
2026-03-06 16:46:44,704 | INFO | KING FITNESS: 6.2544
--- TEST START 1772813396 ---
2026-03-06 17:09:56,808 | INFO | STARTING 6-SLOT ROLE-BASED GP LOOP
2026-03-06 17:09:56,809 | INFO | --- Generation 339 ---
2026-03-06 17:09:56,809 | INFO | Skipping Individual 1/6 (king) - already evaluated with fitness 6.2544
2026-03-06 17:09:56,810 | INFO | Evaluating Individual 2/6 (candidate)...
2026-03-06 17:10:21,320 | INFO |   > SUCCESS: Aggregated Trades: 20, Profit: 3.9000000000000004%, Avg Sharpe: 0.98, Max DD: 1.44% -> Fitness: 4.7495
2026-03-06 17:10:21,320 | INFO | Evaluating Individual 3/6 (candidate)...
2026-03-06 17:10:45,486 | INFO |   > FAIL: Aggregated Trades: 5, Profit: 3.3899999999999992% -> Fitness: 0.0000
2026-03-06 17:10:45,486 | INFO | Evaluating Individual 4/6 (mutant)...
2026-03-06 17:11:10,354 | INFO |   > FAIL: Aggregated Trades: 5, Profit: 3.4099999999999997% -> Fitness: 0.0000
2026-03-06 17:11:10,354 | INFO | Evaluating Individual 5/6 (outsider)...
2026-03-06 17:11:34,509 | INFO |   > FAIL: Aggregated Trades: 5, Profit: 3.6099999999999994% -> Fitness: 0.0000
2026-03-06 17:11:34,510 | INFO | Evaluating Individual 6/6 (outsider)...
2026-03-06 17:11:58,421 | INFO |   > FAIL: Aggregated Trades: 5, Profit: 3.1600000000000006% -> Fitness: 0.0000
2026-03-06 17:11:58,421 | INFO | KING FITNESS: 6.2544
--- TEST START 1772816563 ---
2026-03-06 18:02:43,963 | INFO | STARTING 6-SLOT ROLE-BASED GP LOOP
2026-03-06 18:02:43,963 | INFO | --- Generation 340 ---
2026-03-06 18:02:43,964 | INFO | Skipping Individual 1/6 (king) - already evaluated with fitness 6.2544
2026-03-06 18:02:43,964 | INFO | Evaluating Individual 2/6 (candidate)...
2026-03-06 18:03:07,319 | INFO |   > SUCCESS: Aggregated Trades: 20, Profit: 3.9000000000000004%, Avg Sharpe: 0.98, Max DD: 1.44% -> Fitness: 4.7495
2026-03-06 18:03:07,319 | INFO | Evaluating Individual 3/6 (candidate)...
2026-03-06 18:03:30,142 | INFO |   > FAIL: Aggregated Trades: 5, Profit: 3.3899999999999992% -> Fitness: 0.0000
2026-03-06 18:03:30,142 | INFO | Evaluating Individual 4/6 (mutant)...
2026-03-06 18:03:52,720 | INFO |   > FAIL: Aggregated Trades: 5, Profit: 3.53% -> Fitness: 0.0000
2026-03-06 18:03:52,720 | INFO | Evaluating Individual 5/6 (outsider)...
2026-03-06 18:04:16,039 | INFO |   > FAIL: Aggregated Trades: 5, Profit: 3.5500000000000003% -> Fitness: 0.0000
2026-03-06 18:04:16,039 | INFO | Evaluating Individual 6/6 (outsider)...
2026-03-06 18:04:39,265 | INFO |   > FAIL: Aggregated Trades: 5, Profit: 3.47% -> Fitness: 0.0000
2026-03-06 18:04:39,266 | INFO | KING FITNESS: 6.2544
--- TEST START 1772817090 ---
2026-03-06 18:11:30,687 | INFO | STARTING 6-SLOT ROLE-BASED GP LOOP
2026-03-06 18:11:30,687 | INFO | --- Generation 341 ---
2026-03-06 18:11:30,687 | INFO | Skipping Individual 1/6 (king) - already evaluated with fitness 6.2544
2026-03-06 18:11:30,688 | INFO | Evaluating Individual 2/6 (candidate)...
2026-03-06 18:11:55,065 | INFO |   > SUCCESS: Aggregated Trades: 20, Profit: 3.9000000000000004%, Avg Sharpe: 0.98, Max DD: 1.44% -> Fitness: 4.7495
2026-03-06 18:11:55,065 | INFO | Evaluating Individual 3/6 (candidate)...
2026-03-06 18:12:19,887 | INFO |   > FAIL: Aggregated Trades: 5, Profit: 3.3899999999999992% -> Fitness: 0.0000
2026-03-06 18:12:19,887 | INFO | Evaluating Individual 4/6 (mutant)...
2026-03-06 18:12:43,388 | INFO |   > FAIL: Aggregated Trades: 4, Profit: 4.0% -> Fitness: 0.0000
2026-03-06 18:12:43,388 | INFO | Evaluating Individual 5/6 (outsider)...
2026-03-06 18:13:04,877 | INFO |   > FAIL: Aggregated Trades: 0, Profit: 0.0% -> Fitness: 0.0000
2026-03-06 18:13:04,877 | INFO | Evaluating Individual 6/6 (outsider)...
2026-03-06 18:13:29,458 | INFO |   > FAIL: Aggregated Trades: 5, Profit: 3.5500000000000003% -> Fitness: 0.0000
2026-03-06 18:13:29,458 | INFO | KING FITNESS: 6.2544
2026-03-06 18:20:21,992 | INFO | STARTING 6-SLOT ROLE-BASED GP LOOP
2026-03-06 18:20:21,992 | INFO | --- Generation 342 ---
2026-03-06 18:20:21,993 | INFO | Skipping Individual 1/6 (king) - already evaluated with fitness 6.2544
2026-03-06 18:20:21,993 | INFO | Evaluating Individual 2/6 (candidate)...
2026-03-06 18:20:46,073 | INFO |   > SUCCESS: Aggregated Trades: 20, Profit: 3.9000000000000004%, Avg Sharpe: 0.98, Max DD: 1.44% -> Fitness: 4.7495
2026-03-06 18:20:46,073 | INFO | Evaluating Individual 3/6 (candidate)...
2026-03-06 18:21:11,218 | INFO |   > FAIL: Aggregated Trades: 5, Profit: 3.3899999999999992% -> Fitness: 0.0000
2026-03-06 18:21:11,218 | INFO | Evaluating Individual 4/6 (mutant)...
2026-03-06 18:21:34,279 | INFO |   > FAIL: Aggregated Trades: 156, Profit: -4.82% -> Fitness: 0.0000
2026-03-06 18:21:34,279 | INFO | Evaluating Individual 5/6 (outsider)...
2026-03-06 18:21:58,393 | INFO |   > FAIL: Aggregated Trades: 5, Profit: 2.6299999999999994% -> Fitness: 0.0000
2026-03-06 18:21:58,393 | INFO | Evaluating Individual 6/6 (outsider)...
2026-03-06 18:22:19,963 | INFO |   > FAIL: Aggregated Trades: 6, Profit: 0.16% -> Fitness: 0.0000
2026-03-06 18:22:19,963 | INFO | KING FITNESS: 6.2544
2026-03-06 18:24:15,993 | INFO | STARTING 6-SLOT ROLE-BASED GP LOOP
2026-03-06 18:24:15,994 | INFO | --- Generation 343 ---
2026-03-06 18:24:15,994 | INFO | Skipping Individual 1/6 (king) - already evaluated with fitness 6.2544
2026-03-06 18:24:15,994 | INFO | Evaluating Individual 2/6 (candidate)...
2026-03-06 18:24:39,968 | INFO |   > SUCCESS: Aggregated Trades: 20, Profit: 3.9000000000000004%, Avg Sharpe: 0.98, Max DD: 1.44% -> Fitness: 4.7495
2026-03-06 18:24:39,968 | INFO | Evaluating Individual 3/6 (candidate)...
2026-03-06 18:25:01,246 | INFO |   > FAIL: Aggregated Trades: 0, Profit: 0.0% -> Fitness: 0.0000
2026-03-06 18:25:01,246 | INFO | Evaluating Individual 4/6 (mutant)...
2026-03-06 18:25:22,516 | INFO |   > FAIL: Aggregated Trades: 0, Profit: 0.0% -> Fitness: 0.0000
2026-03-06 18:25:22,516 | INFO | Evaluating Individual 5/6 (outsider)...
2026-03-06 18:25:43,602 | INFO |   > FAIL: Aggregated Trades: 0, Profit: 0.0% -> Fitness: 0.0000
2026-03-06 18:25:43,602 | INFO | Evaluating Individual 6/6 (outsider)...
2026-03-06 18:26:06,783 | INFO |   > FAIL: Aggregated Trades: 280, Profit: -3.7200000000000006% -> Fitness: 0.0000
2026-03-06 18:26:06,783 | INFO | KING FITNESS: 6.2544
2026-03-06 18:27:24,555 | INFO | STARTING 6-SLOT ROLE-BASED GP LOOP
2026-03-06 18:27:24,555 | INFO | --- Generation 344 ---
2026-03-06 18:27:24,556 | INFO | Skipping Individual 1/6 (king) - already evaluated with fitness 6.2544
2026-03-06 18:27:24,556 | INFO | Evaluating Individual 2/6 (candidate)...
2026-03-06 18:27:46,102 | INFO |   > FAIL: Aggregated Trades: 0, Profit: 0.0% -> Fitness: 0.0000
2026-03-06 18:27:46,102 | INFO | Evaluating Individual 3/6 (candidate)...
2026-03-06 18:28:08,150 | INFO |   > FAIL: Aggregated Trades: 0, Profit: 0.0% -> Fitness: 0.0000
2026-03-06 18:28:08,150 | INFO | Evaluating Individual 4/6 (mutant)...
2026-03-06 18:28:30,097 | INFO |   > FAIL: Aggregated Trades: 0, Profit: 0.0% -> Fitness: 0.0000
2026-03-06 18:28:30,097 | INFO | Evaluating Individual 5/6 (outsider)...
2026-03-06 18:28:54,242 | INFO |   > FAIL: Aggregated Trades: 5, Profit: 3.5500000000000003% -> Fitness: 0.0000
2026-03-06 18:28:54,243 | INFO | Evaluating Individual 6/6 (outsider)...
2026-03-06 18:29:15,926 | INFO |   > FAIL: Aggregated Trades: 0, Profit: 0.0% -> Fitness: 0.0000
2026-03-06 18:29:15,926 | INFO | KING FITNESS: 6.2544
2026-03-06 18:30:46,588 | INFO | STARTING 6-SLOT ROLE-BASED GP LOOP
2026-03-06 18:30:46,589 | INFO | --- Generation 344 ---
2026-03-06 18:30:46,589 | INFO | Skipping Individual 1/6 (king) - already evaluated with fitness 6.2544
2026-03-06 18:30:46,589 | INFO | Evaluating Individual 2/6 (candidate)...
2026-03-06 18:31:07,986 | INFO |   > FAIL: Aggregated Trades: 0, Profit: 0.0% -> Fitness: 0.0000
2026-03-06 18:31:07,986 | INFO | Evaluating Individual 3/6 (candidate)...
2026-03-06 18:31:28,849 | INFO |   > FAIL: Aggregated Trades: 0, Profit: 0.0% -> Fitness: 0.0000
2026-03-06 18:31:28,849 | INFO | Evaluating Individual 4/6 (mutant)...
--- TEST START 1772833665 ---
2026-03-06 22:47:46,452 | INFO | STARTING 6-SLOT ASSEMBLY LINE GP LOOP
2026-03-06 22:47:46,452 | INFO | --- Generation 344 ---
2026-03-06 22:47:46,454 | INFO | Evaluating Individual 1/6 (king)...
2026-03-06 22:48:10,052 | INFO |   > SUCCESS: Aggregated Trades: 86, Profit: 1.38%, Avg Sharpe: 1.09, Max DD: 2.34% -> Fitness: 2.0113
2026-03-06 22:48:10,055 | INFO | Evaluating Individual 2/6 (candidate)...
2026-03-06 22:48:33,526 | INFO |   > SUCCESS: Aggregated Trades: 52, Profit: 3.280000000000001%, Avg Sharpe: 1.39, Max DD: 1.89% -> Fitness: 6.2544
2026-03-06 22:48:33,527 | INFO | Evaluating Individual 3/6 (candidate)...
2026-03-06 22:48:55,837 | INFO |   > FAIL: Aggregated Trades: 350, Profit: -6.800000000000001% -> Fitness: 0.0000
2026-03-06 22:48:55,837 | INFO | Evaluating Individual 4/6 (outsider)...
2026-03-06 22:49:18,585 | INFO |   > FAIL: Aggregated Trades: 278, Profit: -5.77% -> Fitness: 0.0000
2026-03-06 22:49:18,588 | INFO | Evaluating Individual 5/6 (outsider)...
2026-03-06 22:49:39,446 | INFO |   > FAIL: Aggregated Trades: 0, Profit: 0.0% -> Fitness: 0.0000
2026-03-06 22:49:39,446 | INFO | Evaluating Individual 6/6 (outsider)...
2026-03-06 22:50:01,078 | INFO |   > FAIL: Aggregated Trades: 28, Profit: -1.01% -> Fitness: 0.0000
2026-03-06 22:50:01,079 | INFO |   > VAULT UPDATED. Top strategy fitness: 8.0990
2026-03-06 22:50:01,079 | INFO | KING FITNESS: 6.2544 | Lineage: 7cd604e6 | Age: 1
--- TEST START 1772840939 ---
2026-03-07 00:48:59,941 | INFO | STARTING 6-SLOT ASSEMBLY LINE GP LOOP
2026-03-07 00:48:59,941 | INFO | --- Generation 345 ---
2026-03-07 00:48:59,944 | INFO | Evaluating Individual 1/6 (king)...
2026-03-07 00:49:22,607 | INFO |   > SUCCESS: Aggregated Trades: 83, Profit: 0.5599999999999995%, Avg Sharpe: 1.31, Max DD: 2.5% -> Fitness: 0.9273
2026-03-07 00:49:22,607 | INFO | Evaluating Individual 2/6 (candidate)...
2026-03-07 00:49:44,219 | INFO |   > SUCCESS: Aggregated Trades: 52, Profit: 3.280000000000001%, Avg Sharpe: 1.39, Max DD: 1.89% -> Fitness: 6.2544
2026-03-07 00:49:44,219 | INFO | Evaluating Individual 3/6 (candidate)...
2026-03-07 00:50:06,961 | INFO |   > SUCCESS: Aggregated Trades: 52, Profit: 3.280000000000001%, Avg Sharpe: 1.39, Max DD: 1.89% -> Fitness: 6.2544
2026-03-07 00:50:06,962 | INFO | Evaluating Individual 4/6 (outsider)...
2026-03-07 00:50:29,381 | INFO |   > FAIL: Aggregated Trades: 560, Profit: -7.719999999999999% -> Fitness: 0.0000
2026-03-07 00:50:29,381 | INFO | Evaluating Individual 5/6 (outsider)...
2026-03-07 00:50:52,258 | INFO |   > SUCCESS: Aggregated Trades: 32, Profit: 4.14%, Avg Sharpe: 1.14, Max DD: 1.31% -> Fitness: 7.1563
2026-03-07 00:50:52,258 | INFO | Evaluating Individual 6/6 (outsider)...
2026-03-07 00:51:12,627 | INFO |   > FAIL: Aggregated Trades: 3, Profit: -0.1% -> Fitness: 0.0000
2026-03-07 00:51:12,631 | INFO |   > VAULT UPDATED. Top strategy fitness: 8.0990
2026-03-07 00:51:12,631 | INFO | KING FITNESS: 7.1563 | Lineage: 1bab7ca3 | Age: 1
2026-03-07 02:07:27,236 | INFO | STARTING 6-SLOT ASSEMBLY LINE GP LOOP
2026-03-07 02:07:27,237 | INFO | --- Generation 346 ---
2026-03-07 02:07:32,420 | INFO | Evaluating Individual 1/6 (king)...
2026-03-07 02:07:54,218 | INFO |   > SUCCESS: Aggregated Trades: 72, Profit: 1.3899999999999997%, Avg Sharpe: 1.22, Max DD: 2.17% -> Fitness: 2.2952
2026-03-07 02:07:54,219 | INFO | Evaluating Individual 2/6 (candidate)...
2026-03-07 02:08:16,479 | INFO |   > SUCCESS: Aggregated Trades: 75, Profit: 0.8099999999999999%, Avg Sharpe: 1.05, Max DD: 2.0% -> Fitness: 1.2254
2026-03-07 02:08:16,480 | INFO | Evaluating Individual 3/6 (candidate)...
2026-03-07 02:08:38,623 | INFO |   > SUCCESS: Aggregated Trades: 16, Profit: 4.549999999999999%, Avg Sharpe: 1.19, Max DD: 1.18% -> Fitness: 7.0487
2026-03-07 02:08:38,623 | INFO | Evaluating Individual 4/6 (outsider)...
2026-03-07 02:08:57,724 | INFO |   > FAIL: Aggregated Trades: 0, Profit: 0.0% -> Fitness: 0.0000
2026-03-07 02:08:57,724 | INFO | Evaluating Individual 5/6 (outsider)...
2026-03-07 02:09:17,059 | INFO |   > FAIL: Aggregated Trades: 0, Profit: 0.0% -> Fitness: 0.0000
2026-03-07 02:09:17,060 | INFO | Evaluating Individual 6/6 (outsider)...
2026-03-07 02:09:38,959 | INFO |   > FAIL: Aggregated Trades: 5, Profit: 3.5500000000000003% -> Fitness: 0.0000
2026-03-07 02:09:38,960 | INFO | KING FITNESS: 7.0487 | Lineage: 1bab7ca3 | Age: 1
2026-03-07 02:09:59,050 | INFO | STARTING 6-SLOT ASSEMBLY LINE GP LOOP
2026-03-07 02:09:59,050 | INFO | --- Generation 347 ---
2026-03-07 02:10:03,227 | INFO | Evaluating Individual 1/6 (king)...
2026-03-07 02:10:25,603 | INFO |   > SUCCESS: Aggregated Trades: 83, Profit: 0.5599999999999995%, Avg Sharpe: 1.31, Max DD: 2.5% -> Fitness: 0.9273
2026-03-07 02:10:25,603 | INFO | Evaluating Individual 2/6 (candidate)...
2026-03-07 02:10:48,561 | INFO |   > SUCCESS: Aggregated Trades: 75, Profit: 0.8099999999999999%, Avg Sharpe: 1.05, Max DD: 2.0% -> Fitness: 1.2254
2026-03-07 02:10:48,564 | INFO | Evaluating Individual 3/6 (candidate)...
2026-03-07 02:11:10,622 | INFO |   > SUCCESS: Aggregated Trades: 16, Profit: 4.549999999999999%, Avg Sharpe: 1.19, Max DD: 1.18% -> Fitness: 7.0487
2026-03-07 02:11:10,622 | INFO | Evaluating Individual 4/6 (outsider)...
2026-03-07 02:11:30,388 | INFO |   > FAIL: Aggregated Trades: 0, Profit: 0.0% -> Fitness: 0.0000
2026-03-07 02:11:30,388 | INFO | Evaluating Individual 5/6 (outsider)...
2026-03-07 02:11:52,370 | INFO |   > SUCCESS: Aggregated Trades: 21, Profit: 2.710000000000001%, Avg Sharpe: 1.46, Max DD: 2.03% -> Fitness: 4.0308
2026-03-07 02:11:52,370 | INFO | Evaluating Individual 6/6 (outsider)...
2026-03-07 02:17:01,307 | INFO | STARTING 6-SLOT ASSEMBLY LINE GP LOOP
2026-03-07 02:17:01,307 | INFO | --- Generation 347 ---
2026-03-07 02:17:06,575 | INFO | Evaluating Individual 1/6 (king)...
2026-03-07 02:17:33,215 | INFO |   > FAIL: Aggregated Trades: 210, Profit: -5.880000000000001% -> Fitness: 0.0000
2026-03-07 02:17:33,215 | INFO | Evaluating Individual 2/6 (candidate)...
2026-03-07 02:18:01,012 | INFO |   > FAIL: Aggregated Trades: 196, Profit: -7.9% -> Fitness: 0.0000
2026-03-07 02:18:01,012 | INFO | Evaluating Individual 3/6 (candidate)...
2026-03-07 02:18:28,977 | INFO |   > FAIL: Aggregated Trades: 47, Profit: -3.7600000000000002% -> Fitness: 0.0000
2026-03-07 02:18:28,978 | INFO | Evaluating Individual 4/6 (outsider)...
2026-03-07 02:18:49,983 | INFO |   > FAIL: Aggregated Trades: 3, Profit: -0.09% -> Fitness: 0.0000
2026-03-07 02:18:49,983 | INFO | Evaluating Individual 5/6 (outsider)...
2026-03-07 02:19:16,557 | INFO |   > FAIL: Aggregated Trades: 33, Profit: -4.32% -> Fitness: 0.0000
2026-03-07 02:19:16,557 | INFO | Evaluating Individual 6/6 (outsider)...
2026-03-07 02:19:37,325 | INFO |   > FAIL: Aggregated Trades: 0, Profit: 0.0% -> Fitness: 0.0000
2026-03-07 02:19:37,326 | INFO |   > VAULT UPDATED. Top strategy fitness: 8.0990
2026-03-07 02:19:37,326 | INFO | KING FITNESS: 0.0000 | Lineage: 9ad4e234 | Age: 2
2026-03-07 03:08:39,722 | INFO | STARTING 6-SLOT ASSEMBLY LINE GP LOOP
2026-03-07 03:08:39,722 | INFO | --- Generation 348 ---
2026-03-07 03:08:39,723 | INFO | Upgraded legacy vault entries with lineage IDs.
2026-03-07 03:09:21,144 | INFO | Evaluating Individual 1/6 (king)...
2026-03-07 03:09:47,836 | INFO |   > FAIL: Aggregated Trades: 193, Profit: -5.52% -> Fitness: 0.0000
2026-03-07 03:09:47,836 | INFO | Evaluating Individual 2/6 (candidate)...
2026-03-07 03:10:14,204 | INFO |   > FAIL: Aggregated Trades: 422, Profit: -13.08% -> Fitness: 0.0000
2026-03-07 03:10:14,205 | INFO | Evaluating Individual 3/6 (candidate)...
2026-03-07 03:10:40,736 | INFO |   > FAIL: Aggregated Trades: 37, Profit: -5.180000000000001% -> Fitness: 0.0000
2026-03-07 03:10:40,736 | INFO | Evaluating Individual 4/6 (outsider)...
2026-03-07 03:11:01,605 | INFO |   > FAIL: Aggregated Trades: 0, Profit: 0.0% -> Fitness: 0.0000
2026-03-07 03:11:01,606 | INFO | Evaluating Individual 5/6 (outsider)...
2026-03-07 03:11:27,322 | INFO |   > FAIL: Aggregated Trades: 5, Profit: -4.49% -> Fitness: 0.0000
2026-03-07 03:11:27,322 | INFO | Evaluating Individual 6/6 (outsider)...
2026-03-07 03:11:53,692 | INFO |   > FAIL: Aggregated Trades: 5, Profit: -4.49% -> Fitness: 0.0000
2026-03-07 03:17:03,416 | INFO | STARTING 6-SLOT ASSEMBLY LINE GP LOOP
2026-03-07 03:17:03,417 | INFO | --- Generation 349 ---
2026-03-07 03:17:08,892 | INFO | Evaluating Individual 1/6 (king)...
2026-03-07 03:17:38,724 | INFO |   > FAIL: Aggregated Trades: 210, Profit: -5.880000000000001% -> Fitness: 0.0000
2026-03-07 03:17:38,725 | INFO | Evaluating Individual 2/6 (candidate)...
2026-03-07 03:18:08,708 | INFO |   > FAIL: Aggregated Trades: 196, Profit: -7.83% -> Fitness: 0.0000
2026-03-07 03:18:08,708 | INFO | Evaluating Individual 3/6 (candidate)...
