2026-03-04 22:09:20,355 - test - INFO - Autonomy check passed
2026-03-04 22:47:57 - gatekeeper - INFO - Starting syntax check...
2026-03-04 22:47:57 - gatekeeper - INFO - Syntax OK: scripts/logger_utils.py
2026-03-04 22:47:57 - gatekeeper - INFO - Syntax OK: scripts/paths.py
2026-03-04 22:47:57 - gatekeeper - INFO - Syntax OK: scripts/gatekeeper.py
2026-03-04 22:47:57 - gatekeeper - INFO - Syntax OK: user_data/__init__.py
2026-03-04 22:47:57 - gatekeeper - INFO - Checking freqtrade installation...
2026-03-04 22:47:59 - gatekeeper - INFO - Freqtrade check successful.
2026-03-04 22:47:59 - gatekeeper - INFO - Starting ETH/USDT smoke test...
2026-03-04 22:48:03 - gatekeeper - ERROR - Smoke test FAILED (Expected if strategy missing): 2026-03-04 22:47:59,836 - freqtrade - INFO - freqtrade 2026.3-dev-ac8f408
2026-03-04 22:48:00,060 - numexpr.utils - INFO - NumExpr defaulting to 8 threads.
2026-03-04 22:48:01,571 - freqtrade.configuration.load_config - INFO - Using config: config.json ...
2026-03-04 22:48:01,574 - freqtrade.loggers - INFO - Enabling colorized output.
2026-03-04 22:48:01,574 - freqtrade.loggers - INFO - Logfile configured
2026-03-04 22:48:01,574 - freqtrade.loggers - INFO - Verbosity set to 0
2026-03-04 22:48:01,575 - freqtrade.configuration.configuration - INFO - Using max_open_trades: 3 ...
2026-03-04 22:48:01,575 - freqtrade.configuration.configuration - INFO - Parameter --timerange detected: -86400 ...
2026-03-04 22:48:01,576 - freqtrade.configuration.configuration - INFO - Using user-data directory: /home/saus/crypto-crew-4.0/user_data ...
2026-03-04 22:48:01,576 - freqtrade.configuration.configuration - INFO - Using data directory: /home/saus/crypto-crew-4.0/user_data/data/binance ...
2026-03-04 22:48:01,576 - freqtrade.configuration.configuration - INFO - Parameter --cache=day detected ...
2026-03-04 22:48:01,577 - freqtrade.configuration.configuration - INFO - Filter trades by timerange: -86400
2026-03-04 22:48:01,577 - freqtrade.exchange.check_exchange - INFO - Checking exchange...
2026-03-04 22:48:01,586 - freqtrade.exchange.check_exchange - INFO - Exchange "binance" is officially supported by the Freqtrade development team.
2026-03-04 22:48:01,587 - freqtrade.configuration.configuration - INFO - Using pairlist from configuration.
2026-03-04 22:48:01,587 - freqtrade.configuration.config_validation - INFO - Validating configuration ...
2026-03-04 22:48:01,589 - freqtrade.commands.optimize_commands - INFO - Starting freqtrade in Backtesting mode
2026-03-04 22:48:01,590 - freqtrade.exchange.exchange - INFO - Instance is running with dry_run enabled
2026-03-04 22:48:01,590 - freqtrade.exchange.exchange - INFO - Using CCXT 4.5.40
2026-03-04 22:48:01,605 - freqtrade.exchange.exchange - INFO - Using Exchange "Binance"
2026-03-04 22:48:03,201 - freqtrade - ERROR - Fatal exception!
Traceback (most recent call last):
  File "/home/saus/freqtrade/freqtrade/main.py", line 53, in main
    return_code = args["func"](args)
                  ^^^^^^^^^^^^^^^^^^
  File "/home/saus/freqtrade/freqtrade/commands/optimize_commands.py", line 60, in start_backtesting
    backtesting = Backtesting(config)
                  ^^^^^^^^^^^^^^^^^^^
  File "/home/saus/freqtrade/freqtrade/optimize/backtesting.py", line 144, in __init__
    exchange = ExchangeResolver.load_exchange(self.config, load_leverage_tiers=True)
               ^^^^^^^^^^^^^^^^^^^^^^^^^^^^^^^^^^^^^^^^^^^^^^^^^^^^^^^^^^^^^^^^^^^^^
  File "/home/saus/freqtrade/freqtrade/resolvers/exchange_resolver.py", line 44, in load_exchange
    exchange = ExchangeResolver._load_exchange(
               ^^^^^^^^^^^^^^^^^^^^^^^^^^^^^^^^
  File "/home/saus/freqtrade/freqtrade/resolvers/exchange_resolver.py", line 77, in _load_exchange
    exchange = ex_class(**kwargs)
               ^^^^^^^^^^^^^^^^^^
  File "/home/saus/freqtrade/freqtrade/exchange/binance.py", line 82, in __init__
    super().__init__(*args, **kwargs)
  File "/home/saus/freqtrade/freqtrade/exchange/exchange.py", line 301, in __init__
    self.validate_config(self._config)
  File "/home/saus/freqtrade/freqtrade/exchange/exchange.py", line 365, in validate_config
    self.validate_pricing(config["exit_pricing"])
                          ~~~~~~^^^^^^^^^^^^^^^^
KeyError: 'exit_pricing'

2026-03-04 22:48:16 - gatekeeper - INFO - Starting syntax check...
2026-03-04 22:48:16 - gatekeeper - INFO - Syntax OK: scripts/logger_utils.py
2026-03-04 22:48:16 - gatekeeper - INFO - Syntax OK: scripts/paths.py
2026-03-04 22:48:16 - gatekeeper - INFO - Syntax OK: scripts/gatekeeper.py
2026-03-04 22:48:16 - gatekeeper - INFO - Syntax OK: user_data/__init__.py
2026-03-04 22:48:16 - gatekeeper - INFO - Syntax OK: user_data/strategies/GeneticAssembler.py
2026-03-04 22:48:16 - gatekeeper - INFO - Syntax OK: user_data/strategies/__init__.py
2026-03-04 22:48:16 - gatekeeper - INFO - Syntax OK: user_data/strategies/blocks/rsi_simple.py
2026-03-04 22:48:16 - gatekeeper - INFO - Syntax OK: user_data/strategies/blocks/__init__.py
2026-03-04 22:48:16 - gatekeeper - INFO - Checking freqtrade installation...
2026-03-04 22:48:18 - gatekeeper - INFO - Freqtrade check successful.
2026-03-04 22:48:18 - gatekeeper - INFO - Starting ETH/USDT smoke test...
2026-03-04 22:48:22 - gatekeeper - ERROR - Smoke test FAILED (Expected if strategy missing): 2026-03-04 22:48:18,534 - freqtrade - INFO - freqtrade 2026.3-dev-ac8f408
2026-03-04 22:48:18,752 - numexpr.utils - INFO - NumExpr defaulting to 8 threads.
2026-03-04 22:48:20,064 - freqtrade.configuration.load_config - INFO - Using config: config.json ...
2026-03-04 22:48:20,067 - freqtrade.loggers - INFO - Enabling colorized output.
2026-03-04 22:48:20,068 - freqtrade.loggers - INFO - Logfile configured
2026-03-04 22:48:20,068 - freqtrade.loggers - INFO - Verbosity set to 0
2026-03-04 22:48:20,068 - freqtrade.configuration.configuration - INFO - Using max_open_trades: 3 ...
2026-03-04 22:48:20,069 - freqtrade.configuration.configuration - INFO - Parameter --timerange detected: -86400 ...
2026-03-04 22:48:20,069 - freqtrade.configuration.configuration - INFO - Using user-data directory: /home/saus/crypto-crew-4.0/user_data ...
2026-03-04 22:48:20,070 - freqtrade.configuration.configuration - INFO - Using data directory: /home/saus/crypto-crew-4.0/user_data/data/binance ...
2026-03-04 22:48:20,070 - freqtrade.configuration.configuration - INFO - Parameter --cache=day detected ...
2026-03-04 22:48:20,070 - freqtrade.configuration.configuration - INFO - Filter trades by timerange: -86400
2026-03-04 22:48:20,071 - freqtrade.exchange.check_exchange - INFO - Checking exchange...
2026-03-04 22:48:20,078 - freqtrade.exchange.check_exchange - INFO - Exchange "binance" is officially supported by the Freqtrade development team.
2026-03-04 22:48:20,079 - freqtrade.configuration.configuration - INFO - Using pairlist from configuration.
2026-03-04 22:48:20,079 - freqtrade.configuration.config_validation - INFO - Validating configuration ...
2026-03-04 22:48:20,082 - freqtrade.commands.optimize_commands - INFO - Starting freqtrade in Backtesting mode
2026-03-04 22:48:20,083 - freqtrade.exchange.exchange - INFO - Instance is running with dry_run enabled
2026-03-04 22:48:20,083 - freqtrade.exchange.exchange - INFO - Using CCXT 4.5.40
2026-03-04 22:48:20,097 - freqtrade.exchange.exchange - INFO - Using Exchange "Binance"
2026-03-04 22:48:21,823 - freqtrade.resolvers.exchange_resolver - INFO - Using resolved exchange 'Binance'...
2026-03-04 22:48:21,825 - freqtrade.resolvers.iresolver - INFO - Using resolved strategy GeneticAssembler from '/home/saus/crypto-crew-4.0/user_data/strategies/GeneticAssembler.py'...
2026-03-04 22:48:21,825 - freqtrade.strategy.hyper - INFO - Found no parameter file.
2026-03-04 22:48:21,904 - GeneticAssembler - INFO - Loaded block: rsi_simple
2026-03-04 22:48:21,905 - freqtrade.resolvers.strategy_resolver - INFO - Override strategy 'stake_currency' with value from the configuration: USDT.
2026-03-04 22:48:21,905 - freqtrade.resolvers.strategy_resolver - INFO - Override strategy 'stake_amount' with value from the configuration: unlimited.
2026-03-04 22:48:21,905 - freqtrade.resolvers.strategy_resolver - INFO - Override strategy 'max_open_trades' with value from the configuration: 3.
2026-03-04 22:48:21,906 - freqtrade.resolvers.strategy_resolver - INFO - Strategy using minimal_roi: {'0': 0.1}
2026-03-04 22:48:21,906 - freqtrade.resolvers.strategy_resolver - INFO - Strategy using timeframe: 5m
2026-03-04 22:48:21,906 - freqtrade.resolvers.strategy_resolver - INFO - Strategy using stoploss: -0.1
2026-03-04 22:48:21,907 - freqtrade.resolvers.strategy_resolver - INFO - Strategy using trailing_stop: False
2026-03-04 22:48:21,907 - freqtrade.resolvers.strategy_resolver - INFO - Strategy using trailing_stop_positive_offset: 0.0
2026-03-04 22:48:21,907 - freqtrade.resolvers.strategy_resolver - INFO - Strategy using trailing_only_offset_is_reached: False
2026-03-04 22:48:21,908 - freqtrade.resolvers.strategy_resolver - INFO - Strategy using use_custom_stoploss: False
2026-03-04 22:48:21,908 - freqtrade.resolvers.strategy_resolver - INFO - Strategy using process_only_new_candles: True
2026-03-04 22:48:21,908 - freqtrade.resolvers.strategy_resolver - INFO - Strategy using order_types: {'entry': 'limit', 'exit': 'limit', 'stoploss': 'limit', 'stoploss_on_exchange': False, 
'stoploss_on_exchange_interval': 60}
2026-03-04 22:48:21,909 - freqtrade.resolvers.strategy_resolver - INFO - Strategy using order_time_in_force: {'entry': 'GTC', 'exit': 'GTC'}
2026-03-04 22:48:21,909 - freqtrade.resolvers.strategy_resolver - INFO - Strategy using stake_currency: USDT
2026-03-04 22:48:21,909 - freqtrade.resolvers.strategy_resolver - INFO - Strategy using stake_amount: unlimited
2026-03-04 22:48:21,910 - freqtrade.resolvers.strategy_resolver - INFO - Strategy using startup_candle_count: 0
2026-03-04 22:48:21,910 - freqtrade.resolvers.strategy_resolver - INFO - Strategy using use_exit_signal: True
2026-03-04 22:48:21,910 - freqtrade.resolvers.strategy_resolver - INFO - Strategy using exit_profit_only: False
2026-03-04 22:48:21,910 - freqtrade.resolvers.strategy_resolver - INFO - Strategy using ignore_roi_if_entry_signal: False
2026-03-04 22:48:21,911 - freqtrade.resolvers.strategy_resolver - INFO - Strategy using exit_profit_offset: 0.0
2026-03-04 22:48:21,911 - freqtrade.resolvers.strategy_resolver - INFO - Strategy using disable_dataframe_checks: False
2026-03-04 22:48:21,912 - freqtrade.resolvers.strategy_resolver - INFO - Strategy using ignore_buying_expired_candle_after: 0
2026-03-04 22:48:21,912 - freqtrade.resolvers.strategy_resolver - INFO - Strategy using position_adjustment_enable: False
2026-03-04 22:48:21,913 - freqtrade.resolvers.strategy_resolver - INFO - Strategy using max_entry_position_adjustment: -1
2026-03-04 22:48:21,913 - freqtrade.resolvers.strategy_resolver - INFO - Strategy using max_open_trades: 3
2026-03-04 22:48:21,913 - freqtrade.configuration.config_validation - INFO - Validating configuration ...
2026-03-04 22:48:21,922 - freqtrade.resolvers.iresolver - INFO - Using resolved pairlist StaticPairList from '/home/saus/freqtrade/freqtrade/plugins/pairlist/StaticPairList.py'...
2026-03-04 22:48:21,934 - freqtrade.optimize.backtesting - INFO - Using fee 0.1000% - worst case fee from exchange (lowest tier).
2026-03-04 22:48:21,935 - freqtrade - ERROR - Configuration error: Incorrect syntax for timerange "-86400"
Please make sure to review the documentation at https://www.freqtrade.io/en/stable.

2026-03-04 22:48:33 - gatekeeper - INFO - Starting syntax check...
2026-03-04 22:48:33 - gatekeeper - INFO - Syntax OK: scripts/logger_utils.py
2026-03-04 22:48:33 - gatekeeper - INFO - Syntax OK: scripts/paths.py
2026-03-04 22:48:33 - gatekeeper - INFO - Syntax OK: scripts/gatekeeper.py
2026-03-04 22:48:33 - gatekeeper - INFO - Syntax OK: user_data/__init__.py
2026-03-04 22:48:33 - gatekeeper - INFO - Syntax OK: user_data/strategies/GeneticAssembler.py
2026-03-04 22:48:33 - gatekeeper - INFO - Syntax OK: user_data/strategies/__init__.py
2026-03-04 22:48:33 - gatekeeper - INFO - Syntax OK: user_data/strategies/blocks/rsi_simple.py
2026-03-04 22:48:33 - gatekeeper - INFO - Syntax OK: user_data/strategies/blocks/__init__.py
2026-03-04 22:48:33 - gatekeeper - INFO - Checking freqtrade installation...
2026-03-04 22:48:35 - gatekeeper - INFO - Freqtrade check successful.
2026-03-04 22:48:35 - gatekeeper - INFO - Starting ETH/USDT smoke test...
2026-03-04 22:48:39 - gatekeeper - ERROR - Smoke test FAILED (Expected if strategy missing): 2026-03-04 22:48:35,632 - freqtrade - INFO - freqtrade 2026.3-dev-ac8f408
2026-03-04 22:48:35,851 - numexpr.utils - INFO - NumExpr defaulting to 8 threads.
2026-03-04 22:48:37,089 - freqtrade.configuration.load_config - INFO - Using config: config.json ...
2026-03-04 22:48:37,091 - freqtrade.loggers - INFO - Enabling colorized output.
2026-03-04 22:48:37,092 - freqtrade.loggers - INFO - Logfile configured
2026-03-04 22:48:37,092 - freqtrade.loggers - INFO - Verbosity set to 0
2026-03-04 22:48:37,093 - freqtrade.configuration.configuration - INFO - Using max_open_trades: 3 ...
2026-03-04 22:48:37,093 - freqtrade.configuration.configuration - INFO - Parameter --timerange detected: 20260201- ...
2026-03-04 22:48:37,093 - freqtrade.configuration.configuration - INFO - Using user-data directory: /home/saus/crypto-crew-4.0/user_data ...
2026-03-04 22:48:37,094 - freqtrade.configuration.configuration - INFO - Using data directory: /home/saus/crypto-crew-4.0/user_data/data/binance ...
2026-03-04 22:48:37,094 - freqtrade.configuration.configuration - INFO - Parameter --cache=day detected ...
2026-03-04 22:48:37,094 - freqtrade.configuration.configuration - INFO - Filter trades by timerange: 20260201-
2026-03-04 22:48:37,095 - freqtrade.exchange.check_exchange - INFO - Checking exchange...
2026-03-04 22:48:37,103 - freqtrade.exchange.check_exchange - INFO - Exchange "binance" is officially supported by the Freqtrade development team.
2026-03-04 22:48:37,104 - freqtrade.configuration.configuration - INFO - Using pairlist from configuration.
2026-03-04 22:48:37,104 - freqtrade.configuration.config_validation - INFO - Validating configuration ...
2026-03-04 22:48:37,106 - freqtrade.commands.optimize_commands - INFO - Starting freqtrade in Backtesting mode
2026-03-04 22:48:37,107 - freqtrade.exchange.exchange - INFO - Instance is running with dry_run enabled
2026-03-04 22:48:37,107 - freqtrade.exchange.exchange - INFO - Using CCXT 4.5.40
2026-03-04 22:48:37,124 - freqtrade.exchange.exchange - INFO - Using Exchange "Binance"
2026-03-04 22:48:38,817 - freqtrade.resolvers.exchange_resolver - INFO - Using resolved exchange 'Binance'...
2026-03-04 22:48:38,819 - freqtrade.resolvers.iresolver - INFO - Using resolved strategy GeneticAssembler from '/home/saus/crypto-crew-4.0/user_data/strategies/GeneticAssembler.py'...
2026-03-04 22:48:38,820 - freqtrade.strategy.hyper - INFO - Found no parameter file.
2026-03-04 22:48:38,854 - GeneticAssembler - INFO - Loaded block: rsi_simple
2026-03-04 22:48:38,855 - freqtrade.resolvers.strategy_resolver - INFO - Override strategy 'stake_currency' with value from the configuration: USDT.
2026-03-04 22:48:38,855 - freqtrade.resolvers.strategy_resolver - INFO - Override strategy 'stake_amount' with value from the configuration: unlimited.
2026-03-04 22:48:38,856 - freqtrade.resolvers.strategy_resolver - INFO - Override strategy 'max_open_trades' with value from the configuration: 3.
2026-03-04 22:48:38,856 - freqtrade.resolvers.strategy_resolver - INFO - Strategy using minimal_roi: {'0': 0.1}
2026-03-04 22:48:38,856 - freqtrade.resolvers.strategy_resolver - INFO - Strategy using timeframe: 5m
2026-03-04 22:48:38,857 - freqtrade.resolvers.strategy_resolver - INFO - Strategy using stoploss: -0.1
2026-03-04 22:48:38,857 - freqtrade.resolvers.strategy_resolver - INFO - Strategy using trailing_stop: False
2026-03-04 22:48:38,857 - freqtrade.resolvers.strategy_resolver - INFO - Strategy using trailing_stop_positive_offset: 0.0
2026-03-04 22:48:38,858 - freqtrade.resolvers.strategy_resolver - INFO - Strategy using trailing_only_offset_is_reached: False
2026-03-04 22:48:38,858 - freqtrade.resolvers.strategy_resolver - INFO - Strategy using use_custom_stoploss: False
2026-03-04 22:48:38,858 - freqtrade.resolvers.strategy_resolver - INFO - Strategy using process_only_new_candles: True
2026-03-04 22:48:38,859 - freqtrade.resolvers.strategy_resolver - INFO - Strategy using order_types: {'entry': 'limit', 'exit': 'limit', 'stoploss': 'limit', 'stoploss_on_exchange': False, 
'stoploss_on_exchange_interval': 60}
2026-03-04 22:48:38,859 - freqtrade.resolvers.strategy_resolver - INFO - Strategy using order_time_in_force: {'entry': 'GTC', 'exit': 'GTC'}
2026-03-04 22:48:38,859 - freqtrade.resolvers.strategy_resolver - INFO - Strategy using stake_currency: USDT
2026-03-04 22:48:38,859 - freqtrade.resolvers.strategy_resolver - INFO - Strategy using stake_amount: unlimited
2026-03-04 22:48:38,860 - freqtrade.resolvers.strategy_resolver - INFO - Strategy using startup_candle_count: 0
2026-03-04 22:48:38,860 - freqtrade.resolvers.strategy_resolver - INFO - Strategy using use_exit_signal: True
2026-03-04 22:48:38,860 - freqtrade.resolvers.strategy_resolver - INFO - Strategy using exit_profit_only: False
2026-03-04 22:48:38,861 - freqtrade.resolvers.strategy_resolver - INFO - Strategy using ignore_roi_if_entry_signal: False
2026-03-04 22:48:38,861 - freqtrade.resolvers.strategy_resolver - INFO - Strategy using exit_profit_offset: 0.0
2026-03-04 22:48:38,861 - freqtrade.resolvers.strategy_resolver - INFO - Strategy using disable_dataframe_checks: False
2026-03-04 22:48:38,862 - freqtrade.resolvers.strategy_resolver - INFO - Strategy using ignore_buying_expired_candle_after: 0
2026-03-04 22:48:38,862 - freqtrade.resolvers.strategy_resolver - INFO - Strategy using position_adjustment_enable: False
2026-03-04 22:48:38,862 - freqtrade.resolvers.strategy_resolver - INFO - Strategy using max_entry_position_adjustment: -1
2026-03-04 22:48:38,862 - freqtrade.resolvers.strategy_resolver - INFO - Strategy using max_open_trades: 3
2026-03-04 22:48:38,863 - freqtrade.configuration.config_validation - INFO - Validating configuration ...
2026-03-04 22:48:38,867 - freqtrade.resolvers.iresolver - INFO - Using resolved pairlist StaticPairList from '/home/saus/freqtrade/freqtrade/plugins/pairlist/StaticPairList.py'...
2026-03-04 22:48:38,876 - freqtrade.optimize.backtesting - INFO - Using fee 0.1000% - worst case fee from exchange (lowest tier).
2026-03-04 22:48:38,928 - freqtrade.data.history.datahandlers.idatahandler - WARNING - No history for ETH/USDT, spot, 5m found. Use `freqtrade download-data` to download the data
2026-03-04 22:48:38,928 - freqtrade - ERROR - No data found. Terminating.

2026-03-04 22:49:08 - gatekeeper - INFO - Starting syntax check...
2026-03-04 22:49:08 - gatekeeper - INFO - Syntax OK: scripts/logger_utils.py
2026-03-04 22:49:08 - gatekeeper - INFO - Syntax OK: scripts/paths.py
2026-03-04 22:49:08 - gatekeeper - INFO - Syntax OK: scripts/gatekeeper.py
2026-03-04 22:49:08 - gatekeeper - INFO - Syntax OK: user_data/__init__.py
2026-03-04 22:49:08 - gatekeeper - INFO - Syntax OK: user_data/strategies/GeneticAssembler.py
2026-03-04 22:49:08 - gatekeeper - INFO - Syntax OK: user_data/strategies/__init__.py
2026-03-04 22:49:08 - gatekeeper - INFO - Syntax OK: user_data/strategies/blocks/rsi_simple.py
2026-03-04 22:49:08 - gatekeeper - INFO - Syntax OK: user_data/strategies/blocks/__init__.py
2026-03-04 22:49:08 - gatekeeper - INFO - Checking freqtrade installation...
2026-03-04 22:49:10 - gatekeeper - INFO - Freqtrade check successful.
2026-03-04 22:49:10 - gatekeeper - INFO - Starting ETH/USDT smoke test...
2026-03-04 22:49:14 - gatekeeper - ERROR - Smoke test FAILED (Expected if strategy missing): 2026-03-04 22:49:10,313 - freqtrade - INFO - freqtrade 2026.3-dev-ac8f408
2026-03-04 22:49:10,531 - numexpr.utils - INFO - NumExpr defaulting to 8 threads.
2026-03-04 22:49:11,775 - freqtrade.configuration.load_config - INFO - Using config: config.json ...
2026-03-04 22:49:11,778 - freqtrade.loggers - INFO - Enabling colorized output.
2026-03-04 22:49:11,778 - freqtrade.loggers - INFO - Logfile configured
2026-03-04 22:49:11,778 - freqtrade.loggers - INFO - Verbosity set to 0
2026-03-04 22:49:11,779 - freqtrade.configuration.configuration - INFO - Using max_open_trades: 3 ...
2026-03-04 22:49:11,779 - freqtrade.configuration.configuration - INFO - Parameter --timerange detected: 20260201- ...
2026-03-04 22:49:11,780 - freqtrade.configuration.configuration - INFO - Using user-data directory: /home/saus/crypto-crew-4.0/user_data ...
2026-03-04 22:49:11,780 - freqtrade.configuration.configuration - INFO - Using data directory: /home/saus/crypto-crew-4.0/user_data/data/binance ...
2026-03-04 22:49:11,781 - freqtrade.configuration.configuration - INFO - Parameter --cache=day detected ...
2026-03-04 22:49:11,781 - freqtrade.configuration.configuration - INFO - Filter trades by timerange: 20260201-
2026-03-04 22:49:11,781 - freqtrade.exchange.check_exchange - INFO - Checking exchange...
2026-03-04 22:49:11,790 - freqtrade.exchange.check_exchange - INFO - Exchange "binance" is officially supported by the Freqtrade development team.
2026-03-04 22:49:11,791 - freqtrade.configuration.configuration - INFO - Using pairlist from configuration.
2026-03-04 22:49:11,791 - freqtrade.configuration.config_validation - INFO - Validating configuration ...
2026-03-04 22:49:11,793 - freqtrade.commands.optimize_commands - INFO - Starting freqtrade in Backtesting mode
2026-03-04 22:49:11,794 - freqtrade.exchange.exchange - INFO - Instance is running with dry_run enabled
2026-03-04 22:49:11,794 - freqtrade.exchange.exchange - INFO - Using CCXT 4.5.40
2026-03-04 22:49:11,810 - freqtrade.exchange.exchange - INFO - Using Exchange "Binance"
2026-03-04 22:49:13,535 - freqtrade.resolvers.exchange_resolver - INFO - Using resolved exchange 'Binance'...
2026-03-04 22:49:13,536 - freqtrade.resolvers.iresolver - INFO - Using resolved strategy GeneticAssembler from '/home/saus/crypto-crew-4.0/user_data/strategies/GeneticAssembler.py'...
2026-03-04 22:49:13,537 - freqtrade.strategy.hyper - INFO - Found no parameter file.
2026-03-04 22:49:13,567 - GeneticAssembler - INFO - Loaded block: rsi_simple
2026-03-04 22:49:13,568 - freqtrade.resolvers.strategy_resolver - INFO - Override strategy 'stake_currency' with value from the configuration: USDT.
2026-03-04 22:49:13,568 - freqtrade.resolvers.strategy_resolver - INFO - Override strategy 'stake_amount' with value from the configuration: unlimited.
2026-03-04 22:49:13,569 - freqtrade.resolvers.strategy_resolver - INFO - Override strategy 'max_open_trades' with value from the configuration: 3.
2026-03-04 22:49:13,569 - freqtrade.resolvers.strategy_resolver - INFO - Strategy using minimal_roi: {'0': 0.1}
2026-03-04 22:49:13,569 - freqtrade.resolvers.strategy_resolver - INFO - Strategy using timeframe: 5m
2026-03-04 22:49:13,570 - freqtrade.resolvers.strategy_resolver - INFO - Strategy using stoploss: -0.1
2026-03-04 22:49:13,570 - freqtrade.resolvers.strategy_resolver - INFO - Strategy using trailing_stop: False
2026-03-04 22:49:13,571 - freqtrade.resolvers.strategy_resolver - INFO - Strategy using trailing_stop_positive_offset: 0.0
2026-03-04 22:49:13,571 - freqtrade.resolvers.strategy_resolver - INFO - Strategy using trailing_only_offset_is_reached: False
2026-03-04 22:49:13,571 - freqtrade.resolvers.strategy_resolver - INFO - Strategy using use_custom_stoploss: False
2026-03-04 22:49:13,572 - freqtrade.resolvers.strategy_resolver - INFO - Strategy using process_only_new_candles: True
2026-03-04 22:49:13,572 - freqtrade.resolvers.strategy_resolver - INFO - Strategy using order_types: {'entry': 'limit', 'exit': 'limit', 'stoploss': 'limit', 'stoploss_on_exchange': False, 
'stoploss_on_exchange_interval': 60}
2026-03-04 22:49:13,572 - freqtrade.resolvers.strategy_resolver - INFO - Strategy using order_time_in_force: {'entry': 'GTC', 'exit': 'GTC'}
2026-03-04 22:49:13,573 - freqtrade.resolvers.strategy_resolver - INFO - Strategy using stake_currency: USDT
2026-03-04 22:49:13,573 - freqtrade.resolvers.strategy_resolver - INFO - Strategy using stake_amount: unlimited
2026-03-04 22:49:13,573 - freqtrade.resolvers.strategy_resolver - INFO - Strategy using startup_candle_count: 0
2026-03-04 22:49:13,574 - freqtrade.resolvers.strategy_resolver - INFO - Strategy using use_exit_signal: True
2026-03-04 22:49:13,574 - freqtrade.resolvers.strategy_resolver - INFO - Strategy using exit_profit_only: False
2026-03-04 22:49:13,574 - freqtrade.resolvers.strategy_resolver - INFO - Strategy using ignore_roi_if_entry_signal: False
2026-03-04 22:49:13,575 - freqtrade.resolvers.strategy_resolver - INFO - Strategy using exit_profit_offset: 0.0
2026-03-04 22:49:13,575 - freqtrade.resolvers.strategy_resolver - INFO - Strategy using disable_dataframe_checks: False
2026-03-04 22:49:13,575 - freqtrade.resolvers.strategy_resolver - INFO - Strategy using ignore_buying_expired_candle_after: 0
2026-03-04 22:49:13,576 - freqtrade.resolvers.strategy_resolver - INFO - Strategy using position_adjustment_enable: False
2026-03-04 22:49:13,576 - freqtrade.resolvers.strategy_resolver - INFO - Strategy using max_entry_position_adjustment: -1
2026-03-04 22:49:13,576 - freqtrade.resolvers.strategy_resolver - INFO - Strategy using max_open_trades: 3
2026-03-04 22:49:13,577 - freqtrade.configuration.config_validation - INFO - Validating configuration ...
2026-03-04 22:49:13,581 - freqtrade.resolvers.iresolver - INFO - Using resolved pairlist StaticPairList from '/home/saus/freqtrade/freqtrade/plugins/pairlist/StaticPairList.py'...
2026-03-04 22:49:13,589 - freqtrade.optimize.backtesting - INFO - Using fee 0.1000% - worst case fee from exchange (lowest tier).
2026-03-04 22:49:13,604 - freqtrade.data.history.datahandlers.idatahandler - WARNING - No history for ETH/USDT, spot, 5m found. Use `freqtrade download-data` to download the data
2026-03-04 22:49:13,604 - freqtrade - ERROR - No data found. Terminating.

2026-03-04 22:49:30 - gatekeeper - INFO - Starting syntax check...
2026-03-04 22:49:30 - gatekeeper - INFO - Syntax OK: scripts/logger_utils.py
2026-03-04 22:49:30 - gatekeeper - INFO - Syntax OK: scripts/paths.py
2026-03-04 22:49:30 - gatekeeper - INFO - Syntax OK: scripts/gatekeeper.py
2026-03-04 22:49:30 - gatekeeper - INFO - Syntax OK: user_data/__init__.py
2026-03-04 22:49:30 - gatekeeper - INFO - Syntax OK: user_data/strategies/GeneticAssembler.py
2026-03-04 22:49:30 - gatekeeper - INFO - Syntax OK: user_data/strategies/__init__.py
2026-03-04 22:49:30 - gatekeeper - INFO - Syntax OK: user_data/strategies/blocks/rsi_simple.py
2026-03-04 22:49:30 - gatekeeper - INFO - Syntax OK: user_data/strategies/blocks/__init__.py
2026-03-04 22:49:30 - gatekeeper - INFO - Checking freqtrade installation...
2026-03-04 22:49:33 - gatekeeper - INFO - Freqtrade check successful.
2026-03-04 22:49:33 - gatekeeper - INFO - Starting ETH/USDT smoke test...
2026-03-04 22:49:36 - gatekeeper - ERROR - Smoke test FAILED (Expected if strategy missing): 2026-03-04 22:49:33,167 - freqtrade - INFO - freqtrade 2026.3-dev-ac8f408
2026-03-04 22:49:33,392 - numexpr.utils - INFO - NumExpr defaulting to 8 threads.
2026-03-04 22:49:34,624 - freqtrade.configuration.load_config - INFO - Using config: config.json ...
2026-03-04 22:49:34,627 - freqtrade.loggers - INFO - Enabling colorized output.
2026-03-04 22:49:34,627 - freqtrade.loggers - INFO - Logfile configured
2026-03-04 22:49:34,628 - freqtrade.loggers - INFO - Verbosity set to 0
2026-03-04 22:49:34,628 - freqtrade.configuration.configuration - INFO - Using max_open_trades: 3 ...
2026-03-04 22:49:34,628 - freqtrade.configuration.configuration - INFO - Parameter --timerange detected: 20260201- ...
2026-03-04 22:49:34,629 - freqtrade.configuration.configuration - INFO - Using user-data directory: /home/saus/crypto-crew-4.0/user_data ...
2026-03-04 22:49:34,629 - freqtrade.configuration.configuration - INFO - Using data directory: /home/saus/crypto-crew-4.0/user_data/data/binance ...
2026-03-04 22:49:34,630 - freqtrade.configuration.configuration - INFO - Parameter --cache=day detected ...
2026-03-04 22:49:34,630 - freqtrade.configuration.configuration - INFO - Filter trades by timerange: 20260201-
2026-03-04 22:49:34,631 - freqtrade.exchange.check_exchange - INFO - Checking exchange...
2026-03-04 22:49:34,640 - freqtrade.exchange.check_exchange - INFO - Exchange "binance" is officially supported by the Freqtrade development team.
2026-03-04 22:49:34,641 - freqtrade.configuration.configuration - INFO - Using pairlist from configuration.
2026-03-04 22:49:34,642 - freqtrade.configuration.config_validation - INFO - Validating configuration ...
2026-03-04 22:49:34,644 - freqtrade.commands.optimize_commands - INFO - Starting freqtrade in Backtesting mode
2026-03-04 22:49:34,645 - freqtrade.exchange.exchange - INFO - Instance is running with dry_run enabled
2026-03-04 22:49:34,645 - freqtrade.exchange.exchange - INFO - Using CCXT 4.5.40
2026-03-04 22:49:34,663 - freqtrade.exchange.exchange - INFO - Using Exchange "Binance"
2026-03-04 22:49:36,137 - freqtrade.resolvers.exchange_resolver - INFO - Using resolved exchange 'Binance'...
2026-03-04 22:49:36,139 - freqtrade.resolvers.iresolver - INFO - Using resolved strategy GeneticAssembler from '/home/saus/crypto-crew-4.0/user_data/strategies/GeneticAssembler.py'...
2026-03-04 22:49:36,139 - freqtrade.strategy.hyper - INFO - Found no parameter file.
2026-03-04 22:49:36,172 - GeneticAssembler - INFO - Loaded block: rsi_simple
2026-03-04 22:49:36,173 - freqtrade.resolvers.strategy_resolver - INFO - Override strategy 'stake_currency' with value from the configuration: USDT.
2026-03-04 22:49:36,174 - freqtrade.resolvers.strategy_resolver - INFO - Override strategy 'stake_amount' with value from the configuration: unlimited.
2026-03-04 22:49:36,174 - freqtrade.resolvers.strategy_resolver - INFO - Override strategy 'max_open_trades' with value from the configuration: 3.
2026-03-04 22:49:36,175 - freqtrade.resolvers.strategy_resolver - INFO - Strategy using minimal_roi: {'0': 0.1}
2026-03-04 22:49:36,175 - freqtrade.resolvers.strategy_resolver - INFO - Strategy using timeframe: 5m
2026-03-04 22:49:36,175 - freqtrade.resolvers.strategy_resolver - INFO - Strategy using stoploss: -0.1
2026-03-04 22:49:36,176 - freqtrade.resolvers.strategy_resolver - INFO - Strategy using trailing_stop: False
2026-03-04 22:49:36,176 - freqtrade.resolvers.strategy_resolver - INFO - Strategy using trailing_stop_positive_offset: 0.0
2026-03-04 22:49:36,176 - freqtrade.resolvers.strategy_resolver - INFO - Strategy using trailing_only_offset_is_reached: False
2026-03-04 22:49:36,177 - freqtrade.resolvers.strategy_resolver - INFO - Strategy using use_custom_stoploss: False
2026-03-04 22:49:36,177 - freqtrade.resolvers.strategy_resolver - INFO - Strategy using process_only_new_candles: True
2026-03-04 22:49:36,177 - freqtrade.resolvers.strategy_resolver - INFO - Strategy using order_types: {'entry': 'limit', 'exit': 'limit', 'stoploss': 'limit', 'stoploss_on_exchange': False, 
'stoploss_on_exchange_interval': 60}
2026-03-04 22:49:36,178 - freqtrade.resolvers.strategy_resolver - INFO - Strategy using order_time_in_force: {'entry': 'GTC', 'exit': 'GTC'}
2026-03-04 22:49:36,178 - freqtrade.resolvers.strategy_resolver - INFO - Strategy using stake_currency: USDT
2026-03-04 22:49:36,179 - freqtrade.resolvers.strategy_resolver - INFO - Strategy using stake_amount: unlimited
2026-03-04 22:49:36,179 - freqtrade.resolvers.strategy_resolver - INFO - Strategy using startup_candle_count: 0
2026-03-04 22:49:36,179 - freqtrade.resolvers.strategy_resolver - INFO - Strategy using use_exit_signal: True
2026-03-04 22:49:36,180 - freqtrade.resolvers.strategy_resolver - INFO - Strategy using exit_profit_only: False
2026-03-04 22:49:36,180 - freqtrade.resolvers.strategy_resolver - INFO - Strategy using ignore_roi_if_entry_signal: False
2026-03-04 22:49:36,181 - freqtrade.resolvers.strategy_resolver - INFO - Strategy using exit_profit_offset: 0.0
2026-03-04 22:49:36,181 - freqtrade.resolvers.strategy_resolver - INFO - Strategy using disable_dataframe_checks: False
2026-03-04 22:49:36,182 - freqtrade.resolvers.strategy_resolver - INFO - Strategy using ignore_buying_expired_candle_after: 0
2026-03-04 22:49:36,182 - freqtrade.resolvers.strategy_resolver - INFO - Strategy using position_adjustment_enable: False
2026-03-04 22:49:36,182 - freqtrade.resolvers.strategy_resolver - INFO - Strategy using max_entry_position_adjustment: -1
2026-03-04 22:49:36,183 - freqtrade.resolvers.strategy_resolver - INFO - Strategy using max_open_trades: 3
2026-03-04 22:49:36,183 - freqtrade.configuration.config_validation - INFO - Validating configuration ...
2026-03-04 22:49:36,188 - freqtrade.resolvers.iresolver - INFO - Using resolved pairlist StaticPairList from '/home/saus/freqtrade/freqtrade/plugins/pairlist/StaticPairList.py'...
2026-03-04 22:49:36,197 - freqtrade.optimize.backtesting - INFO - Using fee 0.1000% - worst case fee from exchange (lowest tier).
2026-03-04 22:49:36,213 - freqtrade.data.history.datahandlers.idatahandler - WARNING - No history for ETH/USDT, spot, 5m found. Use `freqtrade download-data` to download the data
2026-03-04 22:49:36,214 - freqtrade - ERROR - No data found. Terminating.

2026-03-04 22:49:58 - gatekeeper - INFO - Starting syntax check...
2026-03-04 22:49:58 - gatekeeper - INFO - Syntax OK: scripts/logger_utils.py
2026-03-04 22:49:58 - gatekeeper - INFO - Syntax OK: scripts/paths.py
2026-03-04 22:49:58 - gatekeeper - INFO - Syntax OK: scripts/gatekeeper.py
2026-03-04 22:49:58 - gatekeeper - INFO - Syntax OK: user_data/__init__.py
2026-03-04 22:49:58 - gatekeeper - INFO - Syntax OK: user_data/strategies/GeneticAssembler.py
2026-03-04 22:49:58 - gatekeeper - INFO - Syntax OK: user_data/strategies/__init__.py
2026-03-04 22:49:58 - gatekeeper - INFO - Syntax OK: user_data/strategies/blocks/rsi_simple.py
2026-03-04 22:49:58 - gatekeeper - INFO - Syntax OK: user_data/strategies/blocks/__init__.py
2026-03-04 22:49:58 - gatekeeper - INFO - Checking freqtrade installation...
2026-03-04 22:50:00 - gatekeeper - INFO - Freqtrade check successful.
2026-03-04 22:50:00 - gatekeeper - INFO - Starting ETH/USDT smoke test...
2026-03-04 22:50:04 - gatekeeper - ERROR - Smoke test FAILED (Expected if strategy missing): 2026-03-04 22:50:00,427 - freqtrade - INFO - freqtrade 2026.3-dev-ac8f408
2026-03-04 22:50:00,650 - numexpr.utils - INFO - NumExpr defaulting to 8 threads.
2026-03-04 22:50:01,884 - freqtrade.configuration.load_config - INFO - Using config: config.json ...
2026-03-04 22:50:01,887 - freqtrade.loggers - INFO - Enabling colorized output.
2026-03-04 22:50:01,887 - freqtrade.loggers - INFO - Logfile configured
2026-03-04 22:50:01,887 - freqtrade.loggers - INFO - Verbosity set to 0
2026-03-04 22:50:01,888 - freqtrade.configuration.configuration - INFO - Using max_open_trades: 3 ...
2026-03-04 22:50:01,888 - freqtrade.configuration.configuration - INFO - Parameter --timerange detected: 20260201- ...
2026-03-04 22:50:01,889 - freqtrade.configuration.configuration - INFO - Using user-data directory: /home/saus/crypto-crew-4.0/user_data ...
2026-03-04 22:50:01,889 - freqtrade.configuration.configuration - INFO - Using data directory: /home/saus/crypto-crew-4.0/user_data/data/binance ...
2026-03-04 22:50:01,889 - freqtrade.configuration.configuration - INFO - Parameter --cache=day detected ...
2026-03-04 22:50:01,890 - freqtrade.configuration.configuration - INFO - Filter trades by timerange: 20260201-
2026-03-04 22:50:01,890 - freqtrade.exchange.check_exchange - INFO - Checking exchange...
2026-03-04 22:50:01,898 - freqtrade.exchange.check_exchange - INFO - Exchange "binance" is officially supported by the Freqtrade development team.
2026-03-04 22:50:01,899 - freqtrade.configuration.configuration - INFO - Using pairlist from configuration.
2026-03-04 22:50:01,899 - freqtrade.configuration.config_validation - INFO - Validating configuration ...
2026-03-04 22:50:01,902 - freqtrade.commands.optimize_commands - INFO - Starting freqtrade in Backtesting mode
2026-03-04 22:50:01,902 - freqtrade.exchange.exchange - INFO - Instance is running with dry_run enabled
2026-03-04 22:50:01,903 - freqtrade.exchange.exchange - INFO - Using CCXT 4.5.40
2026-03-04 22:50:01,917 - freqtrade.exchange.exchange - INFO - Using Exchange "Binance"
2026-03-04 22:50:03,482 - freqtrade.resolvers.exchange_resolver - INFO - Using resolved exchange 'Binance'...
2026-03-04 22:50:03,483 - freqtrade.resolvers.iresolver - INFO - Using resolved strategy GeneticAssembler from '/home/saus/crypto-crew-4.0/user_data/strategies/GeneticAssembler.py'...
2026-03-04 22:50:03,484 - freqtrade.strategy.hyper - INFO - Found no parameter file.
2026-03-04 22:50:03,514 - GeneticAssembler - INFO - Loaded block: rsi_simple
2026-03-04 22:50:03,515 - freqtrade.resolvers.strategy_resolver - INFO - Override strategy 'stake_currency' with value from the configuration: USDT.
2026-03-04 22:50:03,515 - freqtrade.resolvers.strategy_resolver - INFO - Override strategy 'stake_amount' with value from the configuration: unlimited.
2026-03-04 22:50:03,516 - freqtrade.resolvers.strategy_resolver - INFO - Override strategy 'max_open_trades' with value from the configuration: 3.
2026-03-04 22:50:03,516 - freqtrade.resolvers.strategy_resolver - INFO - Strategy using minimal_roi: {'0': 0.1}
2026-03-04 22:50:03,516 - freqtrade.resolvers.strategy_resolver - INFO - Strategy using timeframe: 5m
2026-03-04 22:50:03,517 - freqtrade.resolvers.strategy_resolver - INFO - Strategy using stoploss: -0.1
2026-03-04 22:50:03,517 - freqtrade.resolvers.strategy_resolver - INFO - Strategy using trailing_stop: False
2026-03-04 22:50:03,517 - freqtrade.resolvers.strategy_resolver - INFO - Strategy using trailing_stop_positive_offset: 0.0
2026-03-04 22:50:03,518 - freqtrade.resolvers.strategy_resolver - INFO - Strategy using trailing_only_offset_is_reached: False
2026-03-04 22:50:03,518 - freqtrade.resolvers.strategy_resolver - INFO - Strategy using use_custom_stoploss: False
2026-03-04 22:50:03,518 - freqtrade.resolvers.strategy_resolver - INFO - Strategy using process_only_new_candles: True
2026-03-04 22:50:03,519 - freqtrade.resolvers.strategy_resolver - INFO - Strategy using order_types: {'entry': 'limit', 'exit': 'limit', 'stoploss': 'limit', 'stoploss_on_exchange': False, 
'stoploss_on_exchange_interval': 60}
2026-03-04 22:50:03,519 - freqtrade.resolvers.strategy_resolver - INFO - Strategy using order_time_in_force: {'entry': 'GTC', 'exit': 'GTC'}
2026-03-04 22:50:03,519 - freqtrade.resolvers.strategy_resolver - INFO - Strategy using stake_currency: USDT
2026-03-04 22:50:03,520 - freqtrade.resolvers.strategy_resolver - INFO - Strategy using stake_amount: unlimited
2026-03-04 22:50:03,520 - freqtrade.resolvers.strategy_resolver - INFO - Strategy using startup_candle_count: 0
2026-03-04 22:50:03,520 - freqtrade.resolvers.strategy_resolver - INFO - Strategy using use_exit_signal: True
2026-03-04 22:50:03,521 - freqtrade.resolvers.strategy_resolver - INFO - Strategy using exit_profit_only: False
2026-03-04 22:50:03,521 - freqtrade.resolvers.strategy_resolver - INFO - Strategy using ignore_roi_if_entry_signal: False
2026-03-04 22:50:03,521 - freqtrade.resolvers.strategy_resolver - INFO - Strategy using exit_profit_offset: 0.0
2026-03-04 22:50:03,522 - freqtrade.resolvers.strategy_resolver - INFO - Strategy using disable_dataframe_checks: False
2026-03-04 22:50:03,522 - freqtrade.resolvers.strategy_resolver - INFO - Strategy using ignore_buying_expired_candle_after: 0
2026-03-04 22:50:03,522 - freqtrade.resolvers.strategy_resolver - INFO - Strategy using position_adjustment_enable: False
2026-03-04 22:50:03,522 - freqtrade.resolvers.strategy_resolver - INFO - Strategy using max_entry_position_adjustment: -1
2026-03-04 22:50:03,523 - freqtrade.resolvers.strategy_resolver - INFO - Strategy using max_open_trades: 3
2026-03-04 22:50:03,523 - freqtrade.configuration.config_validation - INFO - Validating configuration ...
2026-03-04 22:50:03,527 - freqtrade.resolvers.iresolver - INFO - Using resolved pairlist StaticPairList from '/home/saus/freqtrade/freqtrade/plugins/pairlist/StaticPairList.py'...
2026-03-04 22:50:03,535 - freqtrade.optimize.backtesting - INFO - Using fee 0.1000% - worst case fee from exchange (lowest tier).
2026-03-04 22:50:03,548 - freqtrade.data.history.datahandlers.idatahandler - WARNING - No history for ETH/USDT, spot, 5m found. Use `freqtrade download-data` to download the data
2026-03-04 22:50:03,549 - freqtrade - ERROR - No data found. Terminating.

2026-03-04 22:50:37 - gatekeeper - INFO - Starting syntax check...
2026-03-04 22:50:37 - gatekeeper - INFO - Syntax OK: scripts/logger_utils.py
2026-03-04 22:50:37 - gatekeeper - INFO - Syntax OK: scripts/paths.py
2026-03-04 22:50:37 - gatekeeper - INFO - Syntax OK: scripts/gatekeeper.py
2026-03-04 22:50:37 - gatekeeper - INFO - Syntax OK: user_data/__init__.py
2026-03-04 22:50:37 - gatekeeper - INFO - Syntax OK: user_data/strategies/GeneticAssembler.py
2026-03-04 22:50:37 - gatekeeper - INFO - Syntax OK: user_data/strategies/__init__.py
2026-03-04 22:50:37 - gatekeeper - INFO - Syntax OK: user_data/strategies/blocks/rsi_simple.py
2026-03-04 22:50:37 - gatekeeper - INFO - Syntax OK: user_data/strategies/blocks/__init__.py
2026-03-04 22:50:37 - gatekeeper - INFO - Checking freqtrade installation...
2026-03-04 22:50:39 - gatekeeper - INFO - Freqtrade check successful.
2026-03-04 22:50:39 - gatekeeper - INFO - Starting ETH/USDT smoke test...
2026-03-04 22:50:46 - gatekeeper - INFO - Smoke test SUCCESSFUL.
2026-03-04 22:54:51 - gatekeeper - INFO - Starting syntax check...
2026-03-04 22:54:51 - gatekeeper - INFO - Syntax OK: scripts/logger_utils.py
2026-03-04 22:54:51 - gatekeeper - INFO - Syntax OK: scripts/paths.py
2026-03-04 22:54:51 - gatekeeper - INFO - Syntax OK: scripts/mutate.py
2026-03-04 22:54:51 - gatekeeper - INFO - Syntax OK: scripts/gatekeeper.py
2026-03-04 22:54:51 - gatekeeper - INFO - Syntax OK: user_data/__init__.py
2026-03-04 22:54:51 - gatekeeper - INFO - Syntax OK: user_data/strategies/GeneticAssembler.py
2026-03-04 22:54:51 - gatekeeper - INFO - Syntax OK: user_data/strategies/__init__.py
2026-03-04 22:54:51 - gatekeeper - INFO - Syntax OK: user_data/strategies/blocks/rsi_simple.py
2026-03-04 22:54:51 - gatekeeper - INFO - Syntax OK: user_data/strategies/blocks/__init__.py
2026-03-04 22:54:51 - gatekeeper - INFO - Checking freqtrade installation...
2026-03-04 22:54:54 - gatekeeper - INFO - Freqtrade check successful.
2026-03-04 22:54:54 - gatekeeper - INFO - Starting ETH/USDT smoke test...
2026-03-04 22:54:59 - gatekeeper - INFO - Smoke test SUCCESSFUL.
2026-03-04 22:54:59 - gatekeeper - INFO - Starting syntax check...
2026-03-04 22:54:59 - gatekeeper - INFO - Syntax OK: scripts/logger_utils.py
2026-03-04 22:54:59 - gatekeeper - INFO - Syntax OK: scripts/paths.py
2026-03-04 22:54:59 - gatekeeper - INFO - Syntax OK: scripts/mutate.py
2026-03-04 22:54:59 - gatekeeper - INFO - Syntax OK: scripts/gatekeeper.py
2026-03-04 22:54:59 - gatekeeper - INFO - Syntax OK: user_data/__init__.py
2026-03-04 22:54:59 - gatekeeper - INFO - Syntax OK: user_data/strategies/GeneticAssembler.py
2026-03-04 22:54:59 - gatekeeper - INFO - Syntax OK: user_data/strategies/__init__.py
2026-03-04 22:54:59 - gatekeeper - INFO - Syntax OK: user_data/strategies/blocks/rsi_simple.py
2026-03-04 22:54:59 - gatekeeper - INFO - Syntax OK: user_data/strategies/blocks/__init__.py
2026-03-04 22:54:59 - gatekeeper - INFO - Checking freqtrade installation...
2026-03-04 22:55:02 - gatekeeper - INFO - Freqtrade check successful.
2026-03-04 22:55:02 - gatekeeper - INFO - Starting ETH/USDT smoke test...
2026-03-04 22:55:06 - gatekeeper - INFO - Smoke test SUCCESSFUL.
2026-03-04 22:55:07 - gatekeeper - INFO - Starting syntax check...
2026-03-04 22:55:07 - gatekeeper - INFO - Syntax OK: scripts/logger_utils.py
2026-03-04 22:55:07 - gatekeeper - INFO - Syntax OK: scripts/paths.py
2026-03-04 22:55:07 - gatekeeper - INFO - Syntax OK: scripts/mutate.py
2026-03-04 22:55:07 - gatekeeper - INFO - Syntax OK: scripts/gatekeeper.py
2026-03-04 22:55:07 - gatekeeper - INFO - Syntax OK: user_data/__init__.py
2026-03-04 22:55:07 - gatekeeper - INFO - Syntax OK: user_data/strategies/GeneticAssembler.py
2026-03-04 22:55:07 - gatekeeper - INFO - Syntax OK: user_data/strategies/__init__.py
2026-03-04 22:55:07 - gatekeeper - INFO - Syntax OK: user_data/strategies/blocks/rsi_simple.py
2026-03-04 22:55:07 - gatekeeper - INFO - Syntax OK: user_data/strategies/blocks/__init__.py
2026-03-04 22:55:07 - gatekeeper - INFO - Checking freqtrade installation...
2026-03-04 22:55:09 - gatekeeper - INFO - Freqtrade check successful.
2026-03-04 22:55:09 - gatekeeper - INFO - Starting ETH/USDT smoke test...
2026-03-04 22:55:14 - gatekeeper - INFO - Smoke test SUCCESSFUL.
2026-03-04 22:55:14 - gatekeeper - INFO - Starting syntax check...
2026-03-04 22:55:14 - gatekeeper - INFO - Syntax OK: scripts/logger_utils.py
2026-03-04 22:55:14 - gatekeeper - INFO - Syntax OK: scripts/paths.py
2026-03-04 22:55:14 - gatekeeper - INFO - Syntax OK: scripts/mutate.py
2026-03-04 22:55:14 - gatekeeper - INFO - Syntax OK: scripts/gatekeeper.py
2026-03-04 22:55:14 - gatekeeper - INFO - Syntax OK: user_data/__init__.py
2026-03-04 22:55:14 - gatekeeper - INFO - Syntax OK: user_data/strategies/GeneticAssembler.py
2026-03-04 22:55:14 - gatekeeper - INFO - Syntax OK: user_data/strategies/__init__.py
2026-03-04 22:55:14 - gatekeeper - INFO - Syntax OK: user_data/strategies/blocks/rsi_simple.py
2026-03-04 22:55:14 - gatekeeper - INFO - Syntax OK: user_data/strategies/blocks/__init__.py
2026-03-04 22:55:14 - gatekeeper - INFO - Checking freqtrade installation...
2026-03-04 22:55:16 - gatekeeper - INFO - Freqtrade check successful.
2026-03-04 22:55:16 - gatekeeper - INFO - Starting ETH/USDT smoke test...
2026-03-04 22:55:21 - gatekeeper - INFO - Smoke test SUCCESSFUL.
2026-03-04 22:55:21 - gatekeeper - INFO - Starting syntax check...
2026-03-04 22:55:21 - gatekeeper - INFO - Syntax OK: scripts/logger_utils.py
2026-03-04 22:55:21 - gatekeeper - INFO - Syntax OK: scripts/paths.py
2026-03-04 22:55:21 - gatekeeper - INFO - Syntax OK: scripts/mutate.py
2026-03-04 22:55:21 - gatekeeper - INFO - Syntax OK: scripts/gatekeeper.py
2026-03-04 22:55:21 - gatekeeper - INFO - Syntax OK: user_data/__init__.py
2026-03-04 22:55:21 - gatekeeper - INFO - Syntax OK: user_data/strategies/GeneticAssembler.py
2026-03-04 22:55:21 - gatekeeper - INFO - Syntax OK: user_data/strategies/__init__.py
2026-03-04 22:55:21 - gatekeeper - INFO - Syntax OK: user_data/strategies/blocks/rsi_simple.py
2026-03-04 22:55:21 - gatekeeper - INFO - Syntax OK: user_data/strategies/blocks/__init__.py
2026-03-04 22:55:21 - gatekeeper - INFO - Checking freqtrade installation...
2026-03-04 22:55:23 - gatekeeper - INFO - Freqtrade check successful.
2026-03-04 22:55:23 - gatekeeper - INFO - Starting ETH/USDT smoke test...
2026-03-04 22:55:28 - gatekeeper - INFO - Smoke test SUCCESSFUL.
2026-03-04 22:55:50 - gatekeeper - INFO - Starting syntax check...
2026-03-04 22:55:50 - gatekeeper - INFO - Syntax OK: scripts/logger_utils.py
2026-03-04 22:55:50 - gatekeeper - INFO - Syntax OK: scripts/paths.py
2026-03-04 22:55:50 - gatekeeper - INFO - Syntax OK: scripts/mutate.py
2026-03-04 22:55:50 - gatekeeper - INFO - Syntax OK: scripts/gatekeeper.py
2026-03-04 22:55:50 - gatekeeper - INFO - Syntax OK: user_data/__init__.py
2026-03-04 22:55:50 - gatekeeper - INFO - Syntax OK: user_data/strategies/GeneticAssembler.py
2026-03-04 22:55:50 - gatekeeper - INFO - Syntax OK: user_data/strategies/__init__.py
2026-03-04 22:55:50 - gatekeeper - INFO - Syntax OK: user_data/strategies/blocks/rsi_simple.py
2026-03-04 22:55:50 - gatekeeper - INFO - Syntax OK: user_data/strategies/blocks/__init__.py
2026-03-04 22:55:50 - gatekeeper - INFO - Checking freqtrade installation...
2026-03-04 22:55:52 - gatekeeper - INFO - Freqtrade check successful.
2026-03-04 22:55:52 - gatekeeper - INFO - Starting ETH/USDT smoke test...
2026-03-04 22:55:57 - gatekeeper - INFO - Smoke test SUCCESSFUL.
2026-03-04 22:55:57 - gatekeeper - INFO - Starting syntax check...
2026-03-04 22:55:57 - gatekeeper - INFO - Syntax OK: scripts/logger_utils.py
2026-03-04 22:55:57 - gatekeeper - INFO - Syntax OK: scripts/paths.py
2026-03-04 22:55:57 - gatekeeper - INFO - Syntax OK: scripts/mutate.py
2026-03-04 22:55:57 - gatekeeper - INFO - Syntax OK: scripts/gatekeeper.py
2026-03-04 22:55:57 - gatekeeper - INFO - Syntax OK: user_data/__init__.py
2026-03-04 22:55:57 - gatekeeper - INFO - Syntax OK: user_data/strategies/GeneticAssembler.py
2026-03-04 22:55:57 - gatekeeper - INFO - Syntax OK: user_data/strategies/__init__.py
2026-03-04 22:55:57 - gatekeeper - INFO - Syntax OK: user_data/strategies/blocks/rsi_simple.py
2026-03-04 22:55:57 - gatekeeper - INFO - Syntax OK: user_data/strategies/blocks/__init__.py
2026-03-04 22:55:57 - gatekeeper - INFO - Checking freqtrade installation...
2026-03-04 22:56:00 - gatekeeper - INFO - Freqtrade check successful.
2026-03-04 22:56:00 - gatekeeper - INFO - Starting ETH/USDT smoke test...
2026-03-04 22:56:04 - gatekeeper - INFO - Smoke test SUCCESSFUL.
2026-03-04 22:56:05 - gatekeeper - INFO - Starting syntax check...
2026-03-04 22:56:05 - gatekeeper - INFO - Syntax OK: scripts/logger_utils.py
2026-03-04 22:56:05 - gatekeeper - INFO - Syntax OK: scripts/paths.py
2026-03-04 22:56:05 - gatekeeper - INFO - Syntax OK: scripts/mutate.py
2026-03-04 22:56:05 - gatekeeper - INFO - Syntax OK: scripts/gatekeeper.py
2026-03-04 22:56:05 - gatekeeper - INFO - Syntax OK: user_data/__init__.py
2026-03-04 22:56:05 - gatekeeper - INFO - Syntax OK: user_data/strategies/GeneticAssembler.py
2026-03-04 22:56:05 - gatekeeper - INFO - Syntax OK: user_data/strategies/__init__.py
2026-03-04 22:56:05 - gatekeeper - INFO - Syntax OK: user_data/strategies/blocks/rsi_simple.py
2026-03-04 22:56:05 - gatekeeper - INFO - Syntax OK: user_data/strategies/blocks/__init__.py
2026-03-04 22:56:05 - gatekeeper - INFO - Checking freqtrade installation...
2026-03-04 22:56:07 - gatekeeper - INFO - Freqtrade check successful.
2026-03-04 22:56:07 - gatekeeper - INFO - Starting ETH/USDT smoke test...
2026-03-04 22:56:12 - gatekeeper - INFO - Smoke test SUCCESSFUL.
2026-03-04 22:56:12 - gatekeeper - INFO - Starting syntax check...
2026-03-04 22:56:12 - gatekeeper - INFO - Syntax OK: scripts/logger_utils.py
2026-03-04 22:56:12 - gatekeeper - INFO - Syntax OK: scripts/paths.py
2026-03-04 22:56:12 - gatekeeper - INFO - Syntax OK: scripts/mutate.py
2026-03-04 22:56:12 - gatekeeper - INFO - Syntax OK: scripts/gatekeeper.py
2026-03-04 22:56:12 - gatekeeper - INFO - Syntax OK: user_data/__init__.py
2026-03-04 22:56:12 - gatekeeper - INFO - Syntax OK: user_data/strategies/GeneticAssembler.py
2026-03-04 22:56:12 - gatekeeper - INFO - Syntax OK: user_data/strategies/__init__.py
2026-03-04 22:56:12 - gatekeeper - INFO - Syntax OK: user_data/strategies/blocks/rsi_simple.py
2026-03-04 22:56:12 - gatekeeper - INFO - Syntax OK: user_data/strategies/blocks/__init__.py
2026-03-04 22:56:12 - gatekeeper - INFO - Checking freqtrade installation...
2026-03-04 22:56:14 - gatekeeper - INFO - Freqtrade check successful.
2026-03-04 22:56:14 - gatekeeper - INFO - Starting ETH/USDT smoke test...
2026-03-04 22:56:20 - gatekeeper - INFO - Smoke test SUCCESSFUL.
2026-03-04 22:56:20 - gatekeeper - INFO - Starting syntax check...
2026-03-04 22:56:20 - gatekeeper - INFO - Syntax OK: scripts/logger_utils.py
2026-03-04 22:56:20 - gatekeeper - INFO - Syntax OK: scripts/paths.py
2026-03-04 22:56:20 - gatekeeper - INFO - Syntax OK: scripts/mutate.py
2026-03-04 22:56:20 - gatekeeper - INFO - Syntax OK: scripts/gatekeeper.py
2026-03-04 22:56:20 - gatekeeper - INFO - Syntax OK: user_data/__init__.py
2026-03-04 22:56:20 - gatekeeper - INFO - Syntax OK: user_data/strategies/GeneticAssembler.py
2026-03-04 22:56:20 - gatekeeper - INFO - Syntax OK: user_data/strategies/__init__.py
2026-03-04 22:56:20 - gatekeeper - INFO - Syntax OK: user_data/strategies/blocks/rsi_simple.py
2026-03-04 22:56:20 - gatekeeper - INFO - Syntax OK: user_data/strategies/blocks/__init__.py
2026-03-04 22:56:20 - gatekeeper - INFO - Checking freqtrade installation...
2026-03-04 22:56:22 - gatekeeper - INFO - Freqtrade check successful.
2026-03-04 22:56:22 - gatekeeper - INFO - Starting ETH/USDT smoke test...
2026-03-04 22:56:27 - gatekeeper - INFO - Smoke test SUCCESSFUL.
2026-03-04 23:07:44 - gatekeeper - INFO - Starting syntax check...
2026-03-04 23:07:44 - gatekeeper - INFO - Syntax OK: scripts/logger_utils.py
2026-03-04 23:07:44 - gatekeeper - INFO - Syntax OK: scripts/paths.py
2026-03-04 23:07:44 - gatekeeper - INFO - Syntax OK: scripts/mutate.py
2026-03-04 23:07:44 - gatekeeper - INFO - Syntax OK: scripts/gatekeeper.py
2026-03-04 23:07:44 - gatekeeper - INFO - Syntax OK: user_data/__init__.py
2026-03-04 23:07:44 - gatekeeper - INFO - Syntax OK: user_data/strategies/GeneticAssembler.py
2026-03-04 23:07:44 - gatekeeper - INFO - Syntax OK: user_data/strategies/__init__.py
2026-03-04 23:07:44 - gatekeeper - INFO - Syntax OK: user_data/strategies/blocks/macd_simple.py
2026-03-04 23:07:44 - gatekeeper - INFO - Syntax OK: user_data/strategies/blocks/rsi_simple.py
2026-03-04 23:07:44 - gatekeeper - INFO - Syntax OK: user_data/strategies/blocks/__init__.py
2026-03-04 23:07:44 - gatekeeper - INFO - Checking freqtrade installation...
2026-03-04 23:07:46 - gatekeeper - INFO - Freqtrade check successful.
2026-03-04 23:07:46 - gatekeeper - INFO - Starting ETH/USDT smoke test...
2026-03-04 23:07:50 - gatekeeper - INFO - Smoke test SUCCESSFUL.
2026-03-04 23:07:50 - gatekeeper - INFO - Starting syntax check...
2026-03-04 23:07:50 - gatekeeper - INFO - Syntax OK: scripts/logger_utils.py
2026-03-04 23:07:50 - gatekeeper - INFO - Syntax OK: scripts/paths.py
2026-03-04 23:07:50 - gatekeeper - INFO - Syntax OK: scripts/mutate.py
2026-03-04 23:07:50 - gatekeeper - INFO - Syntax OK: scripts/gatekeeper.py
2026-03-04 23:07:50 - gatekeeper - INFO - Syntax OK: user_data/__init__.py
2026-03-04 23:07:50 - gatekeeper - INFO - Syntax OK: user_data/strategies/GeneticAssembler.py
2026-03-04 23:07:50 - gatekeeper - INFO - Syntax OK: user_data/strategies/__init__.py
2026-03-04 23:07:50 - gatekeeper - INFO - Syntax OK: user_data/strategies/blocks/macd_simple.py
2026-03-04 23:07:50 - gatekeeper - INFO - Syntax OK: user_data/strategies/blocks/rsi_simple.py
2026-03-04 23:07:50 - gatekeeper - INFO - Syntax OK: user_data/strategies/blocks/__init__.py
2026-03-04 23:07:50 - gatekeeper - INFO - Checking freqtrade installation...
2026-03-04 23:07:52 - gatekeeper - INFO - Freqtrade check successful.
2026-03-04 23:07:52 - gatekeeper - INFO - Starting ETH/USDT smoke test...
2026-03-04 23:07:57 - gatekeeper - INFO - Smoke test SUCCESSFUL.
2026-03-04 23:07:57 - gatekeeper - INFO - Starting syntax check...
2026-03-04 23:07:57 - gatekeeper - INFO - Syntax OK: scripts/logger_utils.py
2026-03-04 23:07:57 - gatekeeper - INFO - Syntax OK: scripts/paths.py
2026-03-04 23:07:57 - gatekeeper - INFO - Syntax OK: scripts/mutate.py
2026-03-04 23:07:57 - gatekeeper - INFO - Syntax OK: scripts/gatekeeper.py
2026-03-04 23:07:57 - gatekeeper - INFO - Syntax OK: user_data/__init__.py
2026-03-04 23:07:57 - gatekeeper - INFO - Syntax OK: user_data/strategies/GeneticAssembler.py
2026-03-04 23:07:57 - gatekeeper - INFO - Syntax OK: user_data/strategies/__init__.py
2026-03-04 23:07:57 - gatekeeper - INFO - Syntax OK: user_data/strategies/blocks/macd_simple.py
2026-03-04 23:07:57 - gatekeeper - INFO - Syntax OK: user_data/strategies/blocks/rsi_simple.py
2026-03-04 23:07:57 - gatekeeper - INFO - Syntax OK: user_data/strategies/blocks/__init__.py
2026-03-04 23:07:57 - gatekeeper - INFO - Checking freqtrade installation...
2026-03-04 23:07:59 - gatekeeper - INFO - Freqtrade check successful.
2026-03-04 23:07:59 - gatekeeper - INFO - Starting ETH/USDT smoke test...
2026-03-04 23:08:04 - gatekeeper - INFO - Smoke test SUCCESSFUL.
2026-03-04 23:08:04 - gatekeeper - INFO - Starting syntax check...
2026-03-04 23:08:04 - gatekeeper - INFO - Syntax OK: scripts/logger_utils.py
2026-03-04 23:08:04 - gatekeeper - INFO - Syntax OK: scripts/paths.py
2026-03-04 23:08:04 - gatekeeper - INFO - Syntax OK: scripts/mutate.py
2026-03-04 23:08:04 - gatekeeper - INFO - Syntax OK: scripts/gatekeeper.py
2026-03-04 23:08:04 - gatekeeper - INFO - Syntax OK: user_data/__init__.py
2026-03-04 23:08:04 - gatekeeper - INFO - Syntax OK: user_data/strategies/GeneticAssembler.py
2026-03-04 23:08:04 - gatekeeper - INFO - Syntax OK: user_data/strategies/__init__.py
2026-03-04 23:08:04 - gatekeeper - INFO - Syntax OK: user_data/strategies/blocks/macd_simple.py
2026-03-04 23:08:04 - gatekeeper - INFO - Syntax OK: user_data/strategies/blocks/rsi_simple.py
2026-03-04 23:08:04 - gatekeeper - INFO - Syntax OK: user_data/strategies/blocks/__init__.py
2026-03-04 23:08:04 - gatekeeper - INFO - Checking freqtrade installation...
2026-03-04 23:08:06 - gatekeeper - INFO - Freqtrade check successful.
2026-03-04 23:08:06 - gatekeeper - INFO - Starting ETH/USDT smoke test...
2026-03-04 23:08:10 - gatekeeper - INFO - Smoke test SUCCESSFUL.
2026-03-04 23:08:10 - gatekeeper - INFO - Starting syntax check...
2026-03-04 23:08:10 - gatekeeper - INFO - Syntax OK: scripts/logger_utils.py
2026-03-04 23:08:10 - gatekeeper - INFO - Syntax OK: scripts/paths.py
2026-03-04 23:08:11 - gatekeeper - INFO - Syntax OK: scripts/mutate.py
2026-03-04 23:08:11 - gatekeeper - INFO - Syntax OK: scripts/gatekeeper.py
2026-03-04 23:08:11 - gatekeeper - INFO - Syntax OK: user_data/__init__.py
2026-03-04 23:08:11 - gatekeeper - INFO - Syntax OK: user_data/strategies/GeneticAssembler.py
2026-03-04 23:08:11 - gatekeeper - INFO - Syntax OK: user_data/strategies/__init__.py
2026-03-04 23:08:11 - gatekeeper - INFO - Syntax OK: user_data/strategies/blocks/macd_simple.py
2026-03-04 23:08:11 - gatekeeper - INFO - Syntax OK: user_data/strategies/blocks/rsi_simple.py
2026-03-04 23:08:11 - gatekeeper - INFO - Syntax OK: user_data/strategies/blocks/__init__.py
2026-03-04 23:08:11 - gatekeeper - INFO - Checking freqtrade installation...
2026-03-04 23:08:12 - gatekeeper - INFO - Freqtrade check successful.
2026-03-04 23:08:12 - gatekeeper - INFO - Starting ETH/USDT smoke test...
2026-03-04 23:08:17 - gatekeeper - INFO - Smoke test SUCCESSFUL.
2026-03-05 00:33:30 - gauntlet - ERROR - Backtest failed: /usr/bin/python3: No module named freqtrade

2026-03-05 00:39:43 - gauntlet - ERROR - Backtest failed with exit code 1
2026-03-05 00:39:48 - gauntlet - ERROR - Backtest failed with exit code 1
2026-03-05 00:39:51 - gauntlet - ERROR - Invalid timerange format: invalid
2026-03-05 00:40:55 - gauntlet - ERROR - Backtest failed with exit code 1
2026-03-05 00:41:03 - gauntlet - ERROR - Unexpected error in run_backtest
Traceback (most recent call last):
  File "/home/saus/crypto-crew-4.0/scripts/gauntlet.py", line 100, in run_backtest
    result = subprocess.run(cmd, capture_output=True, text=True, check=True)
             ^^^^^^^^^^^^^^^^^^^^^^^^^^^^^^^^^^^^^^^^^^^^^^^^^^^^^^^^^^^^^^^
  File "/usr/lib/python3.12/subprocess.py", line 548, in run
    with Popen(*popenargs, **kwargs) as process:
         ^^^^^^^^^^^^^^^^^^^^^^^^^^^
  File "/usr/lib/python3.12/subprocess.py", line 1026, in __init__
    self._execute_child(args, executable, preexec_fn, close_fds,
  File "/usr/lib/python3.12/subprocess.py", line 1955, in _execute_child
    raise child_exception_type(errno_num, err_msg, err_filename)
FileNotFoundError: [Errno 2] No such file or directory: '$FREQTRADE_BIN'
2026-03-05 00:41:10 - gauntlet - ERROR - Backtest failed with exit code 2
2026-03-05 00:41:29 - gauntlet - ERROR - Backtest failed with exit code 2
2026-03-05 00:45:19 - gauntlet - ERROR - Backtest failed with exit code 2
2026-03-05 00:56:15 - gauntlet - ERROR - Backtest failed: 2026-03-05 00:56:12,432 - freqtrade - INFO - freqtrade 2026.3-dev-ac8f408
2026-03-05 00:56:12,631 - numexpr.utils - INFO - NumExpr defaulting to 8 threads.
2026-03-05 00:56:13,742 - freqtrade.configuration.load_config - INFO - Using config: /home/saus/crypto-crew-4.0/config.json ...
2026-03-05 00:56:13,744 - freqtrade.loggers - INFO - Enabling colorized output.
2026-03-05 00:56:13,745 - freqtrade.loggers - INFO - Logfile configured
2026-03-05 00:56:13,745 - freqtrade.loggers - INFO - Verbosity set to 0
2026-03-05 00:56:13,745 - freqtrade.configuration.configuration - INFO - Parameter -i/--timeframe detected ... Using timeframe: 1m ...
2026-03-05 00:56:13,746 - freqtrade.configuration.configuration - INFO - Using max_open_trades: 3 ...
2026-03-05 00:56:13,746 - freqtrade.configuration.configuration - INFO - Parameter --timeframe-detail detected, using 1m for intra-candle backtesting ...
2026-03-05 00:56:13,747 - freqtrade.configuration.configuration - INFO - Parameter --timerange detected: 20240101-20250101 ...
2026-03-05 00:56:13,747 - freqtrade.configuration.configuration - INFO - Using user-data directory: /home/saus/crypto-crew-4.0/user_data ...
2026-03-05 00:56:13,747 - freqtrade.configuration.configuration - INFO - Using data directory: /home/saus/crypto-crew-4.0/user_data/data/binance ...
2026-03-05 00:56:13,748 - freqtrade.configuration.configuration - INFO - Parameter --cache=day detected ...
2026-03-05 00:56:13,748 - freqtrade.configuration.configuration - INFO - Filter trades by timerange: 20240101-20250101
2026-03-05 00:56:13,749 - freqtrade.exchange.check_exchange - INFO - Checking exchange...
2026-03-05 00:56:13,756 - freqtrade.exchange.check_exchange - INFO - Exchange "binance" is officially supported by the Freqtrade development team.
2026-03-05 00:56:13,756 - freqtrade.configuration.configuration - INFO - Using pairlist from configuration.
2026-03-05 00:56:13,757 - freqtrade.configuration.config_validation - INFO - Validating configuration ...
2026-03-05 00:56:13,759 - freqtrade.commands.optimize_commands - INFO - Starting freqtrade in Backtesting mode
2026-03-05 00:56:13,759 - freqtrade.exchange.exchange - INFO - Instance is running with dry_run enabled
2026-03-05 00:56:13,759 - freqtrade.exchange.exchange - INFO - Using CCXT 4.5.40
2026-03-05 00:56:13,773 - freqtrade.exchange.exchange - INFO - Using Exchange "Binance"
2026-03-05 00:56:15,221 - freqtrade.resolvers.exchange_resolver - INFO - Using resolved exchange 'Binance'...
2026-03-05 00:56:15,222 - freqtrade.resolvers.iresolver - INFO - Using resolved strategy GeneticAssembler from '/home/saus/crypto-crew-4.0/user_data/strategies/GeneticAssembler.py'...
2026-03-05 00:56:15,223 - freqtrade.strategy.hyper - INFO - Found no parameter file.
2026-03-05 00:56:15,247 - GeneticAssembler - INFO - Loaded block: rsi_simple
2026-03-05 00:56:15,248 - freqtrade.resolvers.strategy_resolver - INFO - Override strategy 'timeframe' with value from the configuration: 1m.
2026-03-05 00:56:15,248 - freqtrade.resolvers.strategy_resolver - INFO - Override strategy 'stake_currency' with value from the configuration: USDT.
2026-03-05 00:56:15,248 - freqtrade.resolvers.strategy_resolver - INFO - Override strategy 'stake_amount' with value from the configuration: unlimited.
2026-03-05 00:56:15,249 - freqtrade.resolvers.strategy_resolver - INFO - Override strategy 'max_open_trades' with value from the configuration: 3.
2026-03-05 00:56:15,249 - freqtrade.resolvers.strategy_resolver - INFO - Strategy using minimal_roi: {'0': 0.1}
2026-03-05 00:56:15,249 - freqtrade.resolvers.strategy_resolver - INFO - Strategy using timeframe: 1m
2026-03-05 00:56:15,250 - freqtrade.resolvers.strategy_resolver - INFO - Strategy using stoploss: -0.1
2026-03-05 00:56:15,250 - freqtrade.resolvers.strategy_resolver - INFO - Strategy using trailing_stop: False
2026-03-05 00:56:15,250 - freqtrade.resolvers.strategy_resolver - INFO - Strategy using trailing_stop_positive_offset: 0.0
2026-03-05 00:56:15,251 - freqtrade.resolvers.strategy_resolver - INFO - Strategy using trailing_only_offset_is_reached: False
2026-03-05 00:56:15,251 - freqtrade.resolvers.strategy_resolver - INFO - Strategy using use_custom_stoploss: False
2026-03-05 00:56:15,251 - freqtrade.resolvers.strategy_resolver - INFO - Strategy using process_only_new_candles: True
2026-03-05 00:56:15,252 - freqtrade.resolvers.strategy_resolver - INFO - Strategy using order_types: {'entry': 'limit', 'exit': 'limit', 'stoploss': 'limit', 'stoploss_on_exchange': False, 
'stoploss_on_exchange_interval': 60}
2026-03-05 00:56:15,252 - freqtrade.resolvers.strategy_resolver - INFO - Strategy using order_time_in_force: {'entry': 'GTC', 'exit': 'GTC'}
2026-03-05 00:56:15,252 - freqtrade.resolvers.strategy_resolver - INFO - Strategy using stake_currency: USDT
2026-03-05 00:56:15,253 - freqtrade.resolvers.strategy_resolver - INFO - Strategy using stake_amount: unlimited
2026-03-05 00:56:15,253 - freqtrade.resolvers.strategy_resolver - INFO - Strategy using startup_candle_count: 0
2026-03-05 00:56:15,253 - freqtrade.resolvers.strategy_resolver - INFO - Strategy using use_exit_signal: True
2026-03-05 00:56:15,254 - freqtrade.resolvers.strategy_resolver - INFO - Strategy using exit_profit_only: False
2026-03-05 00:56:15,254 - freqtrade.resolvers.strategy_resolver - INFO - Strategy using ignore_roi_if_entry_signal: False
2026-03-05 00:56:15,254 - freqtrade.resolvers.strategy_resolver - INFO - Strategy using exit_profit_offset: 0.0
2026-03-05 00:56:15,255 - freqtrade.resolvers.strategy_resolver - INFO - Strategy using disable_dataframe_checks: False
2026-03-05 00:56:15,255 - freqtrade.resolvers.strategy_resolver - INFO - Strategy using ignore_buying_expired_candle_after: 0
2026-03-05 00:56:15,255 - freqtrade.resolvers.strategy_resolver - INFO - Strategy using position_adjustment_enable: False
2026-03-05 00:56:15,256 - freqtrade.resolvers.strategy_resolver - INFO - Strategy using max_entry_position_adjustment: -1
2026-03-05 00:56:15,256 - freqtrade.resolvers.strategy_resolver - INFO - Strategy using max_open_trades: 3
2026-03-05 00:56:15,256 - freqtrade.configuration.config_validation - INFO - Validating configuration ...
2026-03-05 00:56:15,259 - freqtrade - ERROR - Detail timeframe must be smaller than strategy timeframe.

2026-03-05 00:56:29 - gauntlet - ERROR - Backtest failed: 2026-03-05 00:56:25,638 - freqtrade - INFO - freqtrade 2026.3-dev-ac8f408
2026-03-05 00:56:25,852 - numexpr.utils - INFO - NumExpr defaulting to 8 threads.
2026-03-05 00:56:26,953 - freqtrade.configuration.load_config - INFO - Using config: /home/saus/crypto-crew-4.0/config.json ...
2026-03-05 00:56:26,956 - freqtrade.loggers - INFO - Enabling colorized output.
2026-03-05 00:56:26,956 - freqtrade.loggers - INFO - Logfile configured
2026-03-05 00:56:26,956 - freqtrade.loggers - INFO - Verbosity set to 0
2026-03-05 00:56:26,957 - freqtrade.configuration.configuration - INFO - Parameter -i/--timeframe detected ... Using timeframe: 5m ...
2026-03-05 00:56:26,957 - freqtrade.configuration.configuration - INFO - Using max_open_trades: 3 ...
2026-03-05 00:56:26,958 - freqtrade.configuration.configuration - INFO - Parameter --timeframe-detail detected, using 1m for intra-candle backtesting ...
2026-03-05 00:56:26,958 - freqtrade.configuration.configuration - INFO - Parameter --timerange detected: 20240101-20250101 ...
2026-03-05 00:56:26,958 - freqtrade.configuration.configuration - INFO - Using user-data directory: /home/saus/crypto-crew-4.0/user_data ...
2026-03-05 00:56:26,959 - freqtrade.configuration.configuration - INFO - Using data directory: /home/saus/crypto-crew-4.0/user_data/data/binance ...
2026-03-05 00:56:26,959 - freqtrade.configuration.configuration - INFO - Parameter --cache=day detected ...
2026-03-05 00:56:26,960 - freqtrade.configuration.configuration - INFO - Filter trades by timerange: 20240101-20250101
2026-03-05 00:56:26,960 - freqtrade.exchange.check_exchange - INFO - Checking exchange...
2026-03-05 00:56:26,968 - freqtrade.exchange.check_exchange - INFO - Exchange "binance" is officially supported by the Freqtrade development team.
2026-03-05 00:56:26,969 - freqtrade.configuration.configuration - INFO - Using pairlist from configuration.
2026-03-05 00:56:26,969 - freqtrade.configuration.config_validation - INFO - Validating configuration ...
2026-03-05 00:56:26,971 - freqtrade.commands.optimize_commands - INFO - Starting freqtrade in Backtesting mode
2026-03-05 00:56:26,971 - freqtrade.exchange.exchange - INFO - Instance is running with dry_run enabled
2026-03-05 00:56:26,972 - freqtrade.exchange.exchange - INFO - Using CCXT 4.5.40
2026-03-05 00:56:26,985 - freqtrade.exchange.exchange - INFO - Using Exchange "Binance"
2026-03-05 00:56:28,549 - freqtrade.resolvers.exchange_resolver - INFO - Using resolved exchange 'Binance'...
2026-03-05 00:56:28,551 - freqtrade.resolvers.iresolver - INFO - Using resolved strategy GeneticAssembler from '/home/saus/crypto-crew-4.0/user_data/strategies/GeneticAssembler.py'...
2026-03-05 00:56:28,552 - freqtrade.strategy.hyper - INFO - Found no parameter file.
2026-03-05 00:56:28,579 - GeneticAssembler - INFO - Loaded block: rsi_simple
2026-03-05 00:56:28,579 - freqtrade.resolvers.strategy_resolver - INFO - Override strategy 'timeframe' with value from the configuration: 5m.
2026-03-05 00:56:28,580 - freqtrade.resolvers.strategy_resolver - INFO - Override strategy 'stake_currency' with value from the configuration: USDT.
2026-03-05 00:56:28,580 - freqtrade.resolvers.strategy_resolver - INFO - Override strategy 'stake_amount' with value from the configuration: unlimited.
2026-03-05 00:56:28,581 - freqtrade.resolvers.strategy_resolver - INFO - Override strategy 'max_open_trades' with value from the configuration: 3.
2026-03-05 00:56:28,581 - freqtrade.resolvers.strategy_resolver - INFO - Strategy using minimal_roi: {'0': 0.1}
2026-03-05 00:56:28,581 - freqtrade.resolvers.strategy_resolver - INFO - Strategy using timeframe: 5m
2026-03-05 00:56:28,581 - freqtrade.resolvers.strategy_resolver - INFO - Strategy using stoploss: -0.1
2026-03-05 00:56:28,582 - freqtrade.resolvers.strategy_resolver - INFO - Strategy using trailing_stop: False
2026-03-05 00:56:28,582 - freqtrade.resolvers.strategy_resolver - INFO - Strategy using trailing_stop_positive_offset: 0.0
2026-03-05 00:56:28,582 - freqtrade.resolvers.strategy_resolver - INFO - Strategy using trailing_only_offset_is_reached: False
2026-03-05 00:56:28,583 - freqtrade.resolvers.strategy_resolver - INFO - Strategy using use_custom_stoploss: False
2026-03-05 00:56:28,583 - freqtrade.resolvers.strategy_resolver - INFO - Strategy using process_only_new_candles: True
2026-03-05 00:56:28,583 - freqtrade.resolvers.strategy_resolver - INFO - Strategy using order_types: {'entry': 'limit', 'exit': 'limit', 'stoploss': 'limit', 'stoploss_on_exchange': False, 
'stoploss_on_exchange_interval': 60}
2026-03-05 00:56:28,584 - freqtrade.resolvers.strategy_resolver - INFO - Strategy using order_time_in_force: {'entry': 'GTC', 'exit': 'GTC'}
2026-03-05 00:56:28,584 - freqtrade.resolvers.strategy_resolver - INFO - Strategy using stake_currency: USDT
2026-03-05 00:56:28,584 - freqtrade.resolvers.strategy_resolver - INFO - Strategy using stake_amount: unlimited
2026-03-05 00:56:28,584 - freqtrade.resolvers.strategy_resolver - INFO - Strategy using startup_candle_count: 0
2026-03-05 00:56:28,585 - freqtrade.resolvers.strategy_resolver - INFO - Strategy using use_exit_signal: True
2026-03-05 00:56:28,585 - freqtrade.resolvers.strategy_resolver - INFO - Strategy using exit_profit_only: False
2026-03-05 00:56:28,585 - freqtrade.resolvers.strategy_resolver - INFO - Strategy using ignore_roi_if_entry_signal: False
2026-03-05 00:56:28,586 - freqtrade.resolvers.strategy_resolver - INFO - Strategy using exit_profit_offset: 0.0
2026-03-05 00:56:28,586 - freqtrade.resolvers.strategy_resolver - INFO - Strategy using disable_dataframe_checks: False
2026-03-05 00:56:28,586 - freqtrade.resolvers.strategy_resolver - INFO - Strategy using ignore_buying_expired_candle_after: 0
2026-03-05 00:56:28,587 - freqtrade.resolvers.strategy_resolver - INFO - Strategy using position_adjustment_enable: False
2026-03-05 00:56:28,587 - freqtrade.resolvers.strategy_resolver - INFO - Strategy using max_entry_position_adjustment: -1
2026-03-05 00:56:28,587 - freqtrade.resolvers.strategy_resolver - INFO - Strategy using max_open_trades: 3
2026-03-05 00:56:28,587 - freqtrade.configuration.config_validation - INFO - Validating configuration ...
2026-03-05 00:56:28,592 - freqtrade.resolvers.iresolver - INFO - Using resolved pairlist StaticPairList from '/home/saus/freqtrade/freqtrade/plugins/pairlist/StaticPairList.py'...
2026-03-05 00:56:28,599 - freqtrade.optimize.backtesting - INFO - Using fee 0.1000% - worst case fee from exchange (lowest tier).
2026-03-05 00:56:28,619 - freqtrade.data.history.datahandlers.idatahandler - WARNING - ETH/USDT, spot, 5m, data starts at 2026-02-27 00:00:00
2026-03-05 00:56:28,621 - freqtrade.data.history.datahandlers.idatahandler - WARNING - No history for ETH/USDT, spot, 5m found. Use `freqtrade download-data` to download the data
2026-03-05 00:56:28,621 - freqtrade - ERROR - No data found. Terminating.

